2025-08-20 14:41:34,418 - INFO - 알림 시스템 초기화 완료:
2025-08-20 14:41:34,418 - INFO -   - 텔레그램: 활성화
2025-08-20 14:41:34,418 - INFO -   - Discord: 비활성화
2025-08-20 14:41:34,418 - INFO -   - Slack: 비활성화
2025-08-20 14:41:34,419 - INFO -   - 소리: 활성화
2025-08-20 14:41:34,419 - INFO -   - 데스크톱: 활성화
2025-08-20 14:41:34,419 - INFO - 🚀 ALKIMI 가격 모니터링 시작
2025-08-20 14:41:34,419 - INFO - 🎯 목표 가격: $0.25
2025-08-20 14:41:34,419 - INFO - 🔔 알림 임계값: $0.01
2025-08-20 14:41:34,419 - INFO - 🚀 ALKIMI 가격 모니터링 시작
2025-08-20 14:41:34,419 - INFO - 🎯 목표 가격: $0.25
2025-08-20 14:41:34,419 - INFO - ⏰ 모니터링 간격: 60초
2025-08-20 14:41:34,419 - INFO - ============================================================
2025-08-20 14:41:34,419 - INFO - 🔄 ALKIMI 가격 모니터링 시작...
2025-08-20 14:41:34,737 - INFO - 📊 CoinGecko ALKIMI 가격: $0.12906
2025-08-20 14:41:34,739 - INFO - ============================================================
2025-08-20 14:41:34,739 - INFO - 📊 ALKIMI 가격 모니터링 결과
2025-08-20 14:41:34,739 - INFO - ============================================================
2025-08-20 14:41:34,739 - INFO - 시간: 2025-08-20 14:41:34
2025-08-20 14:41:34,739 - INFO - 자산: ALKIMI
2025-08-20 14:41:34,739 - INFO - 현재 가격: $0.1291
2025-08-20 14:41:34,739 - INFO - 목표 가격: $0.25
2025-08-20 14:41:34,739 - INFO - 가격 차이: $0.1209
2025-08-20 14:41:34,739 - INFO - 알림 임계값: $0.01
2025-08-20 14:41:34,739 - INFO - 알림 상태: 알림 없음
2025-08-20 14:41:34,739 - INFO - ============================================================
2025-08-20 14:41:34,739 - INFO - 📊 알림 조건을 만족하지 않습니다.
2025-08-20 14:42:34,754 - INFO - 🔄 ALKIMI 가격 모니터링 시작...
2025-08-20 14:42:35,100 - INFO - 📊 CoinGecko ALKIMI 가격: $0.129061
2025-08-20 14:42:35,103 - INFO - ============================================================
2025-08-20 14:42:35,103 - INFO - 📊 ALKIMI 가격 모니터링 결과
2025-08-20 14:42:35,103 - INFO - ============================================================
2025-08-20 14:42:35,103 - INFO - 시간: 2025-08-20 14:42:35
2025-08-20 14:42:35,103 - INFO - 자산: ALKIMI
2025-08-20 14:42:35,103 - INFO - 현재 가격: $0.1291
2025-08-20 14:42:35,103 - INFO - 목표 가격: $0.25
2025-08-20 14:42:35,103 - INFO - 가격 차이: $0.1209
2025-08-20 14:42:35,103 - INFO - 알림 임계값: $0.01
2025-08-20 14:42:35,103 - INFO - 알림 상태: 알림 없음
2025-08-20 14:42:35,103 - INFO - ============================================================
2025-08-20 14:42:35,103 - INFO - 📊 알림 조건을 만족하지 않습니다.
2025-08-20 14:43:35,114 - INFO - 🔄 ALKIMI 가격 모니터링 시작...
2025-08-20 14:43:35,417 - INFO - 📊 CoinGecko ALKIMI 가격: $0.131097
2025-08-20 14:43:35,420 - INFO - ============================================================
2025-08-20 14:43:35,420 - INFO - 📊 ALKIMI 가격 모니터링 결과
2025-08-20 14:43:35,420 - INFO - ============================================================
2025-08-20 14:43:35,420 - INFO - 시간: 2025-08-20 14:43:35
2025-08-20 14:43:35,420 - INFO - 자산: ALKIMI
2025-08-20 14:43:35,420 - INFO - 현재 가격: $0.1311
2025-08-20 14:43:35,420 - INFO - 목표 가격: $0.25
2025-08-20 14:43:35,420 - INFO - 가격 차이: $0.1189
2025-08-20 14:43:35,420 - INFO - 알림 임계값: $0.01
2025-08-20 14:43:35,420 - INFO - 알림 상태: 알림 없음
2025-08-20 14:43:35,420 - INFO - ============================================================
2025-08-20 14:43:35,420 - INFO - 📊 알림 조건을 만족하지 않습니다.
2025-08-20 14:44:35,436 - INFO - 🔄 ALKIMI 가격 모니터링 시작...
2025-08-20 14:44:36,178 - INFO - 📊 CoinGecko ALKIMI 가격: $0.131517
2025-08-20 14:44:36,180 - INFO - ============================================================
2025-08-20 14:44:36,180 - INFO - 📊 ALKIMI 가격 모니터링 결과
2025-08-20 14:44:36,180 - INFO - ============================================================
2025-08-20 14:44:36,180 - INFO - 시간: 2025-08-20 14:44:36
2025-08-20 14:44:36,181 - INFO - 자산: ALKIMI
2025-08-20 14:44:36,181 - INFO - 현재 가격: $0.1315
2025-08-20 14:44:36,181 - INFO - 목표 가격: $0.25
2025-08-20 14:44:36,181 - INFO - 가격 차이: $0.1185
2025-08-20 14:44:36,181 - INFO - 알림 임계값: $0.01
2025-08-20 14:44:36,181 - INFO - 알림 상태: 알림 없음
2025-08-20 14:44:36,181 - INFO - ============================================================
2025-08-20 14:44:36,181 - INFO - 📊 알림 조건을 만족하지 않습니다.
2025-08-20 14:45:36,191 - INFO - 🔄 ALKIMI 가격 모니터링 시작...
2025-08-20 14:45:36,936 - INFO - 📊 CoinGecko ALKIMI 가격: $0.131145
2025-08-20 14:45:36,937 - INFO - ============================================================
2025-08-20 14:45:36,937 - INFO - 📊 ALKIMI 가격 모니터링 결과
2025-08-20 14:45:36,937 - INFO - ============================================================
2025-08-20 14:45:36,937 - INFO - 시간: 2025-08-20 14:45:36
2025-08-20 14:45:36,937 - INFO - 자산: ALKIMI
2025-08-20 14:45:36,937 - INFO - 현재 가격: $0.1311
2025-08-20 14:45:36,937 - INFO - 목표 가격: $0.25
2025-08-20 14:45:36,937 - INFO - 가격 차이: $0.1189
2025-08-20 14:45:36,937 - INFO - 알림 임계값: $0.01
2025-08-20 14:45:36,937 - INFO - 알림 상태: 알림 없음
2025-08-20 14:45:36,938 - INFO - ============================================================
2025-08-20 14:45:36,938 - INFO - 📊 알림 조건을 만족하지 않습니다.
2025-08-20 14:46:36,952 - INFO - 🔄 ALKIMI 가격 모니터링 시작...
2025-08-20 14:46:37,453 - INFO - 📊 CoinGecko ALKIMI 가격: $0.131143
2025-08-20 14:46:37,455 - INFO - ============================================================
2025-08-20 14:46:37,455 - INFO - 📊 ALKIMI 가격 모니터링 결과
2025-08-20 14:46:37,455 - INFO - ============================================================
2025-08-20 14:46:37,455 - INFO - 시간: 2025-08-20 14:46:37
2025-08-20 14:46:37,455 - INFO - 자산: ALKIMI
2025-08-20 14:46:37,455 - INFO - 현재 가격: $0.1311
2025-08-20 14:46:37,455 - INFO - 목표 가격: $0.25
2025-08-20 14:46:37,455 - INFO - 가격 차이: $0.1189
2025-08-20 14:46:37,455 - INFO - 알림 임계값: $0.01
2025-08-20 14:46:37,455 - INFO - 알림 상태: 알림 없음
2025-08-20 14:46:37,455 - INFO - ============================================================
2025-08-20 14:46:37,455 - INFO - 📊 알림 조건을 만족하지 않습니다.
2025-08-20 14:47:37,460 - INFO - 🔄 ALKIMI 가격 모니터링 시작...
2025-08-20 14:47:37,813 - INFO - 📊 CoinGecko ALKIMI 가격: $0.13121
2025-08-20 14:47:37,815 - INFO - ============================================================
2025-08-20 14:47:37,815 - INFO - 📊 ALKIMI 가격 모니터링 결과
2025-08-20 14:47:37,815 - INFO - ============================================================
2025-08-20 14:47:37,815 - INFO - 시간: 2025-08-20 14:47:37
2025-08-20 14:47:37,815 - INFO - 자산: ALKIMI
2025-08-20 14:47:37,815 - INFO - 현재 가격: $0.1312
2025-08-20 14:47:37,816 - INFO - 목표 가격: $0.25
2025-08-20 14:47:37,816 - INFO - 가격 차이: $0.1188
2025-08-20 14:47:37,816 - INFO - 알림 임계값: $0.01
2025-08-20 14:47:37,816 - INFO - 알림 상태: 알림 없음
2025-08-20 14:47:37,816 - INFO - ============================================================
2025-08-20 14:47:37,816 - INFO - 📊 알림 조건을 만족하지 않습니다.
2025-08-20 14:48:37,818 - INFO - 🔄 ALKIMI 가격 모니터링 시작...
2025-08-20 14:48:38,160 - INFO - 📊 CoinGecko ALKIMI 가격: $0.131203
2025-08-20 14:48:38,162 - INFO - ============================================================
2025-08-20 14:48:38,162 - INFO - 📊 ALKIMI 가격 모니터링 결과
2025-08-20 14:48:38,162 - INFO - ============================================================
2025-08-20 14:48:38,162 - INFO - 시간: 2025-08-20 14:48:38
2025-08-20 14:48:38,162 - INFO - 자산: ALKIMI
2025-08-20 14:48:38,162 - INFO - 현재 가격: $0.1312
2025-08-20 14:48:38,162 - INFO - 목표 가격: $0.25
2025-08-20 14:48:38,162 - INFO - 가격 차이: $0.1188
2025-08-20 14:48:38,162 - INFO - 알림 임계값: $0.01
2025-08-20 14:48:38,162 - INFO - 알림 상태: 알림 없음
2025-08-20 14:48:38,162 - INFO - ============================================================
2025-08-20 14:48:38,162 - INFO - 📊 알림 조건을 만족하지 않습니다.
2025-08-20 14:48:40,416 - INFO - ⏹️  모니터링 중단됨
2025-08-20 18:39:02,561 - INFO - 알림 시스템 초기화 완료:
2025-08-20 18:39:02,561 - INFO -   - 텔레그램: 활성화
2025-08-20 18:39:02,561 - INFO -   - Discord: 비활성화
2025-08-20 18:39:02,561 - INFO -   - Slack: 비활성화
2025-08-20 18:39:02,561 - INFO -   - 소리: 활성화
2025-08-20 18:39:02,561 - INFO -   - 데스크톱: 활성화
2025-08-20 18:39:02,561 - INFO - 🚀 ALKIMI 가격 모니터링 시작
2025-08-20 18:39:02,561 - INFO - 🎯 목표 가격: $0.25
2025-08-20 18:39:02,561 - INFO - 🔔 알림 임계값: $0.01
2025-08-20 18:39:02,561 - INFO - 🌐 데이터 소스: https://coinmarketcap.com/currencies/alkimiexchange/
2025-08-20 18:39:02,561 - INFO - 🚀 ALKIMI 가격 모니터링 시작
2025-08-20 18:39:02,561 - INFO - 🎯 목표 가격: $0.25
2025-08-20 18:39:02,561 - INFO - ⏰ 모니터링 간격: 60초
2025-08-20 18:39:02,561 - INFO - 🌐 데이터 소스: https://coinmarketcap.com/currencies/alkimiexchange/
2025-08-20 18:39:02,561 - INFO - ============================================================
2025-08-20 18:39:02,561 - INFO - 🔄 ALKIMI 가격 모니터링 시작...
2025-08-20 18:39:02,892 - WARNING - CoinMarketCap에서 가격 정보를 찾을 수 없습니다.
2025-08-20 18:39:02,893 - ERROR - ❌ 가격 정보를 가져올 수 없습니다.
2025-08-20 18:40:02,898 - INFO - 🔄 ALKIMI 가격 모니터링 시작...
2025-08-20 18:40:03,008 - WARNING - CoinMarketCap에서 가격 정보를 찾을 수 없습니다.
2025-08-20 18:40:03,009 - ERROR - ❌ 가격 정보를 가져올 수 없습니다.
2025-08-20 18:41:03,011 - INFO - 🔄 ALKIMI 가격 모니터링 시작...
2025-08-20 18:41:03,160 - WARNING - CoinMarketCap에서 가격 정보를 찾을 수 없습니다.
2025-08-20 18:41:03,164 - ERROR - ❌ 가격 정보를 가져올 수 없습니다.
2025-08-20 18:42:03,173 - INFO - 🔄 ALKIMI 가격 모니터링 시작...
2025-08-20 18:42:03,278 - WARNING - CoinMarketCap에서 가격 정보를 찾을 수 없습니다.
2025-08-20 18:42:03,279 - ERROR - ❌ 가격 정보를 가져올 수 없습니다.
2025-08-20 18:43:03,282 - INFO - 🔄 ALKIMI 가격 모니터링 시작...
2025-08-20 18:43:03,402 - WARNING - CoinMarketCap에서 가격 정보를 찾을 수 없습니다.
2025-08-20 18:43:03,403 - ERROR - ❌ 가격 정보를 가져올 수 없습니다.
2025-08-20 18:44:03,405 - INFO - 🔄 ALKIMI 가격 모니터링 시작...
2025-08-20 18:44:03,575 - WARNING - CoinMarketCap에서 가격 정보를 찾을 수 없습니다.
2025-08-20 18:44:03,576 - ERROR - ❌ 가격 정보를 가져올 수 없습니다.
2025-08-20 18:44:05,791 - INFO - ⏹️  모니터링 중단됨
2025-08-20 18:46:37,610 - INFO - 알림 시스템 초기화 완료:
2025-08-20 18:46:37,610 - INFO -   - 텔레그램: 활성화
2025-08-20 18:46:37,610 - INFO -   - Discord: 비활성화
2025-08-20 18:46:37,610 - INFO -   - Slack: 비활성화
2025-08-20 18:46:37,610 - INFO -   - 소리: 활성화
2025-08-20 18:46:37,610 - INFO -   - 데스크톱: 활성화
2025-08-20 18:46:37,610 - INFO - 🚀 ALKIMI 가격 모니터링 시작
2025-08-20 18:46:37,610 - INFO - 🎯 목표 가격: $0.25
2025-08-20 18:46:37,610 - INFO - 🔔 알림 임계값: $0.01
2025-08-20 18:46:37,611 - INFO - 🌐 데이터 소스: https://coinmarketcap.com/currencies/alkimiexchange/
2025-08-20 18:46:37,611 - INFO - 🚀 ALKIMI 가격 모니터링 시작
2025-08-20 18:46:37,611 - INFO - 🎯 목표 가격: $0.25
2025-08-20 18:46:37,611 - INFO - ⏰ 모니터링 간격: 60초
2025-08-20 18:46:37,611 - INFO - 🌐 데이터 소스: https://coinmarketcap.com/currencies/alkimiexchange/
2025-08-20 18:46:37,611 - INFO - ============================================================
2025-08-20 18:46:37,611 - INFO - 🔄 ALKIMI 가격 모니터링 시작...
2025-08-20 18:46:37,912 - INFO - 📊 메인 가격 영역에서 가격 발견: $0.1229
2025-08-20 18:46:37,914 - INFO - 📈 24시간 변화율 발견: 100.0%
2025-08-20 18:46:37,915 - INFO - 💰 시가총액 발견: $49,460,000
2025-08-20 18:46:37,916 - INFO - 📊 24시간 거래량 발견: $49,460,000
2025-08-20 18:46:37,917 - INFO - 🏆 순위 발견: #3409
2025-08-20 18:46:37,917 - INFO - 📊 CoinMarketCap ALKIMI 가격: $0.1229
2025-08-20 18:46:37,918 - INFO - ============================================================
2025-08-20 18:46:37,918 - INFO - 📊 ALKIMI 가격 모니터링 결과
2025-08-20 18:46:37,918 - INFO - ============================================================
2025-08-20 18:46:37,918 - INFO - 시간: 2025-08-20 18:46:37
2025-08-20 18:46:37,918 - INFO - 자산: ALKIMI
2025-08-20 18:46:37,918 - INFO - 현재 가격: $0.1229
2025-08-20 18:46:37,918 - INFO - 24시간 변화: 100.0%
2025-08-20 18:46:37,919 - INFO - 순위: #3409
2025-08-20 18:46:37,919 - INFO - 시가총액: $49,460,000
2025-08-20 18:46:37,919 - INFO - 24시간 거래량: $49,460,000
2025-08-20 18:46:37,919 - INFO - 목표 가격: $0.25
2025-08-20 18:46:37,919 - INFO - 가격 차이: $0.1271
2025-08-20 18:46:37,919 - INFO - 알림 임계값: $0.01
2025-08-20 18:46:37,919 - INFO - 알림 상태: 알림 없음
2025-08-20 18:46:37,919 - INFO - ============================================================
2025-08-20 18:46:37,919 - INFO - 📊 알림 조건을 만족하지 않습니다.
2025-08-20 18:47:37,921 - INFO - 🔄 ALKIMI 가격 모니터링 시작...
2025-08-20 18:47:38,015 - INFO - 📊 메인 가격 영역에서 가격 발견: $0.1229
2025-08-20 18:47:38,017 - INFO - 📈 24시간 변화율 발견: 100.0%
2025-08-20 18:47:38,018 - INFO - 💰 시가총액 발견: $49,460,000
2025-08-20 18:47:38,019 - INFO - 📊 24시간 거래량 발견: $49,460,000
2025-08-20 18:47:38,020 - INFO - 🏆 순위 발견: #3409
2025-08-20 18:47:38,020 - INFO - 📊 CoinMarketCap ALKIMI 가격: $0.1229
2025-08-20 18:47:38,021 - INFO - ============================================================
2025-08-20 18:47:38,021 - INFO - 📊 ALKIMI 가격 모니터링 결과
2025-08-20 18:47:38,021 - INFO - ============================================================
2025-08-20 18:47:38,021 - INFO - 시간: 2025-08-20 18:47:38
2025-08-20 18:47:38,021 - INFO - 자산: ALKIMI
2025-08-20 18:47:38,021 - INFO - 현재 가격: $0.1229
2025-08-20 18:47:38,021 - INFO - 24시간 변화: 100.0%
2025-08-20 18:47:38,021 - INFO - 순위: #3409
2025-08-20 18:47:38,021 - INFO - 시가총액: $49,460,000
2025-08-20 18:47:38,022 - INFO - 24시간 거래량: $49,460,000
2025-08-20 18:47:38,022 - INFO - 목표 가격: $0.25
2025-08-20 18:47:38,022 - INFO - 가격 차이: $0.1271
2025-08-20 18:47:38,022 - INFO - 알림 임계값: $0.01
2025-08-20 18:47:38,022 - INFO - 알림 상태: 알림 없음
2025-08-20 18:47:38,022 - INFO - ============================================================
2025-08-20 18:47:38,022 - INFO - 📊 알림 조건을 만족하지 않습니다.
2025-08-20 18:48:38,024 - INFO - 🔄 ALKIMI 가격 모니터링 시작...
2025-08-20 18:48:38,145 - INFO - 📊 메인 가격 영역에서 가격 발견: $0.1229
2025-08-20 18:48:38,146 - INFO - 📈 24시간 변화율 발견: 100.0%
2025-08-20 18:48:38,147 - INFO - 💰 시가총액 발견: $49,460,000
2025-08-20 18:48:38,148 - INFO - 📊 24시간 거래량 발견: $49,460,000
2025-08-20 18:48:38,149 - INFO - 🏆 순위 발견: #3409
2025-08-20 18:48:38,149 - INFO - 📊 CoinMarketCap ALKIMI 가격: $0.1229
2025-08-20 18:48:38,150 - INFO - ============================================================
2025-08-20 18:48:38,150 - INFO - 📊 ALKIMI 가격 모니터링 결과
2025-08-20 18:48:38,150 - INFO - ============================================================
2025-08-20 18:48:38,150 - INFO - 시간: 2025-08-20 18:48:38
2025-08-20 18:48:38,150 - INFO - 자산: ALKIMI
2025-08-20 18:48:38,150 - INFO - 현재 가격: $0.1229
2025-08-20 18:48:38,150 - INFO - 24시간 변화: 100.0%
2025-08-20 18:48:38,150 - INFO - 순위: #3409
2025-08-20 18:48:38,150 - INFO - 시가총액: $49,460,000
2025-08-20 18:48:38,150 - INFO - 24시간 거래량: $49,460,000
2025-08-20 18:48:38,150 - INFO - 목표 가격: $0.25
2025-08-20 18:48:38,150 - INFO - 가격 차이: $0.1271
2025-08-20 18:48:38,150 - INFO - 알림 임계값: $0.01
2025-08-20 18:48:38,150 - INFO - 알림 상태: 알림 없음
2025-08-20 18:48:38,150 - INFO - ============================================================
2025-08-20 18:48:38,150 - INFO - 📊 알림 조건을 만족하지 않습니다.
2025-08-20 18:49:38,150 - INFO - 🔄 ALKIMI 가격 모니터링 시작...
2025-08-20 18:49:38,248 - INFO - 📊 메인 가격 영역에서 가격 발견: $0.1229
2025-08-20 18:49:38,250 - INFO - 📈 24시간 변화율 발견: 100.0%
2025-08-20 18:49:38,251 - INFO - 💰 시가총액 발견: $49,460,000
2025-08-20 18:49:38,252 - INFO - 📊 24시간 거래량 발견: $49,460,000
2025-08-20 18:49:38,253 - INFO - 🏆 순위 발견: #3409
2025-08-20 18:49:38,253 - INFO - 📊 CoinMarketCap ALKIMI 가격: $0.1229
2025-08-20 18:49:38,254 - INFO - ============================================================
2025-08-20 18:49:38,254 - INFO - 📊 ALKIMI 가격 모니터링 결과
2025-08-20 18:49:38,254 - INFO - ============================================================
2025-08-20 18:49:38,254 - INFO - 시간: 2025-08-20 18:49:38
2025-08-20 18:49:38,254 - INFO - 자산: ALKIMI
2025-08-20 18:49:38,254 - INFO - 현재 가격: $0.1229
2025-08-20 18:49:38,254 - INFO - 24시간 변화: 100.0%
2025-08-20 18:49:38,254 - INFO - 순위: #3409
2025-08-20 18:49:38,254 - INFO - 시가총액: $49,460,000
2025-08-20 18:49:38,254 - INFO - 24시간 거래량: $49,460,000
2025-08-20 18:49:38,254 - INFO - 목표 가격: $0.25
2025-08-20 18:49:38,254 - INFO - 가격 차이: $0.1271
2025-08-20 18:49:38,254 - INFO - 알림 임계값: $0.01
2025-08-20 18:49:38,255 - INFO - 알림 상태: 알림 없음
2025-08-20 18:49:38,255 - INFO - ============================================================
2025-08-20 18:49:38,255 - INFO - 📊 알림 조건을 만족하지 않습니다.
2025-08-20 18:50:38,261 - INFO - 🔄 ALKIMI 가격 모니터링 시작...
2025-08-20 18:50:38,379 - INFO - 📊 메인 가격 영역에서 가격 발견: $0.1229
2025-08-20 18:50:38,380 - INFO - 📈 24시간 변화율 발견: 100.0%
2025-08-20 18:50:38,381 - INFO - 💰 시가총액 발견: $49,460,000
2025-08-20 18:50:38,382 - INFO - 📊 24시간 거래량 발견: $49,460,000
2025-08-20 18:50:38,383 - INFO - 🏆 순위 발견: #3409
2025-08-20 18:50:38,383 - INFO - 📊 CoinMarketCap ALKIMI 가격: $0.1229
2025-08-20 18:50:38,384 - INFO - ============================================================
2025-08-20 18:50:38,384 - INFO - 📊 ALKIMI 가격 모니터링 결과
2025-08-20 18:50:38,384 - INFO - ============================================================
2025-08-20 18:50:38,384 - INFO - 시간: 2025-08-20 18:50:38
2025-08-20 18:50:38,384 - INFO - 자산: ALKIMI
2025-08-20 18:50:38,384 - INFO - 현재 가격: $0.1229
2025-08-20 18:50:38,384 - INFO - 24시간 변화: 100.0%
2025-08-20 18:50:38,384 - INFO - 순위: #3409
2025-08-20 18:50:38,384 - INFO - 시가총액: $49,460,000
2025-08-20 18:50:38,384 - INFO - 24시간 거래량: $49,460,000
2025-08-20 18:50:38,384 - INFO - 목표 가격: $0.25
2025-08-20 18:50:38,384 - INFO - 가격 차이: $0.1271
2025-08-20 18:50:38,384 - INFO - 알림 임계값: $0.01
2025-08-20 18:50:38,385 - INFO - 알림 상태: 알림 없음
2025-08-20 18:50:38,385 - INFO - ============================================================
2025-08-20 18:50:38,385 - INFO - 📊 알림 조건을 만족하지 않습니다.
2025-08-20 18:51:38,400 - INFO - 🔄 ALKIMI 가격 모니터링 시작...
2025-08-20 18:51:38,512 - INFO - 📊 메인 가격 영역에서 가격 발견: $0.1229
2025-08-20 18:51:38,514 - INFO - 📈 24시간 변화율 발견: 100.0%
2025-08-20 18:51:38,515 - INFO - 💰 시가총액 발견: $49,770,000
2025-08-20 18:51:38,516 - INFO - 📊 24시간 거래량 발견: $49,770,000
2025-08-20 18:51:38,517 - INFO - 🏆 순위 발견: #3409
2025-08-20 18:51:38,517 - INFO - 📊 CoinMarketCap ALKIMI 가격: $0.1229
2025-08-20 18:51:38,518 - INFO - ============================================================
2025-08-20 18:51:38,518 - INFO - 📊 ALKIMI 가격 모니터링 결과
2025-08-20 18:51:38,518 - INFO - ============================================================
2025-08-20 18:51:38,518 - INFO - 시간: 2025-08-20 18:51:38
2025-08-20 18:51:38,518 - INFO - 자산: ALKIMI
2025-08-20 18:51:38,518 - INFO - 현재 가격: $0.1229
2025-08-20 18:51:38,518 - INFO - 24시간 변화: 100.0%
2025-08-20 18:51:38,518 - INFO - 순위: #3409
2025-08-20 18:51:38,518 - INFO - 시가총액: $49,770,000
2025-08-20 18:51:38,518 - INFO - 24시간 거래량: $49,770,000
2025-08-20 18:51:38,518 - INFO - 목표 가격: $0.25
2025-08-20 18:51:38,518 - INFO - 가격 차이: $0.1271
2025-08-20 18:51:38,518 - INFO - 알림 임계값: $0.01
2025-08-20 18:51:38,518 - INFO - 알림 상태: 알림 없음
2025-08-20 18:51:38,518 - INFO - ============================================================
2025-08-20 18:51:38,518 - INFO - 📊 알림 조건을 만족하지 않습니다.
2025-08-20 18:52:38,519 - INFO - 🔄 ALKIMI 가격 모니터링 시작...
2025-08-20 18:52:38,638 - INFO - 📊 메인 가격 영역에서 가격 발견: $0.1229
2025-08-20 18:52:38,640 - INFO - 📈 24시간 변화율 발견: 100.0%
2025-08-20 18:52:38,641 - INFO - 💰 시가총액 발견: $49,770,000
2025-08-20 18:52:38,642 - INFO - 📊 24시간 거래량 발견: $49,770,000
2025-08-20 18:52:38,643 - INFO - 🏆 순위 발견: #3409
2025-08-20 18:52:38,643 - INFO - 📊 CoinMarketCap ALKIMI 가격: $0.1229
2025-08-20 18:52:38,644 - INFO - ============================================================
2025-08-20 18:52:38,644 - INFO - 📊 ALKIMI 가격 모니터링 결과
2025-08-20 18:52:38,644 - INFO - ============================================================
2025-08-20 18:52:38,644 - INFO - 시간: 2025-08-20 18:52:38
2025-08-20 18:52:38,644 - INFO - 자산: ALKIMI
2025-08-20 18:52:38,644 - INFO - 현재 가격: $0.1229
2025-08-20 18:52:38,644 - INFO - 24시간 변화: 100.0%
2025-08-20 18:52:38,644 - INFO - 순위: #3409
2025-08-20 18:52:38,644 - INFO - 시가총액: $49,770,000
2025-08-20 18:52:38,644 - INFO - 24시간 거래량: $49,770,000
2025-08-20 18:52:38,644 - INFO - 목표 가격: $0.25
2025-08-20 18:52:38,644 - INFO - 가격 차이: $0.1271
2025-08-20 18:52:38,644 - INFO - 알림 임계값: $0.01
2025-08-20 18:52:38,644 - INFO - 알림 상태: 알림 없음
2025-08-20 18:52:38,644 - INFO - ============================================================
2025-08-20 18:52:38,644 - INFO - 📊 알림 조건을 만족하지 않습니다.
2025-08-20 18:53:38,647 - INFO - 🔄 ALKIMI 가격 모니터링 시작...
2025-08-20 18:53:38,749 - INFO - 📊 메인 가격 영역에서 가격 발견: $0.1229
2025-08-20 18:53:38,751 - INFO - 📈 24시간 변화율 발견: 100.0%
2025-08-20 18:53:38,752 - INFO - 💰 시가총액 발견: $49,790,000
2025-08-20 18:53:38,753 - INFO - 📊 24시간 거래량 발견: $49,790,000
2025-08-20 18:53:38,754 - INFO - 🏆 순위 발견: #3408
2025-08-20 18:53:38,754 - INFO - 📊 CoinMarketCap ALKIMI 가격: $0.1229
2025-08-20 18:53:38,755 - INFO - ============================================================
2025-08-20 18:53:38,755 - INFO - 📊 ALKIMI 가격 모니터링 결과
2025-08-20 18:53:38,755 - INFO - ============================================================
2025-08-20 18:53:38,755 - INFO - 시간: 2025-08-20 18:53:38
2025-08-20 18:53:38,755 - INFO - 자산: ALKIMI
2025-08-20 18:53:38,755 - INFO - 현재 가격: $0.1229
2025-08-20 18:53:38,755 - INFO - 24시간 변화: 100.0%
2025-08-20 18:53:38,755 - INFO - 순위: #3408
2025-08-20 18:53:38,755 - INFO - 시가총액: $49,790,000
2025-08-20 18:53:38,755 - INFO - 24시간 거래량: $49,790,000
2025-08-20 18:53:38,755 - INFO - 목표 가격: $0.25
2025-08-20 18:53:38,755 - INFO - 가격 차이: $0.1271
2025-08-20 18:53:38,755 - INFO - 알림 임계값: $0.01
2025-08-20 18:53:38,755 - INFO - 알림 상태: 알림 없음
2025-08-20 18:53:38,755 - INFO - ============================================================
2025-08-20 18:53:38,755 - INFO - 📊 알림 조건을 만족하지 않습니다.
2025-08-20 18:54:38,755 - INFO - 🔄 ALKIMI 가격 모니터링 시작...
2025-08-20 18:54:38,868 - INFO - 📊 메인 가격 영역에서 가격 발견: $0.1229
2025-08-20 18:54:38,870 - INFO - 📈 24시간 변화율 발견: 100.0%
2025-08-20 18:54:38,879 - INFO - 💰 시가총액 발견: $49,770,000
2025-08-20 18:54:38,880 - INFO - 📊 24시간 거래량 발견: $49,770,000
2025-08-20 18:54:38,884 - INFO - 🏆 순위 발견: #3409
2025-08-20 18:54:38,884 - INFO - 📊 CoinMarketCap ALKIMI 가격: $0.1229
2025-08-20 18:54:38,885 - INFO - ============================================================
2025-08-20 18:54:38,885 - INFO - 📊 ALKIMI 가격 모니터링 결과
2025-08-20 18:54:38,885 - INFO - ============================================================
2025-08-20 18:54:38,885 - INFO - 시간: 2025-08-20 18:54:38
2025-08-20 18:54:38,885 - INFO - 자산: ALKIMI
2025-08-20 18:54:38,885 - INFO - 현재 가격: $0.1229
2025-08-20 18:54:38,885 - INFO - 24시간 변화: 100.0%
2025-08-20 18:54:38,886 - INFO - 순위: #3409
2025-08-20 18:54:38,886 - INFO - 시가총액: $49,770,000
2025-08-20 18:54:38,886 - INFO - 24시간 거래량: $49,770,000
2025-08-20 18:54:38,887 - INFO - 목표 가격: $0.25
2025-08-20 18:54:38,888 - INFO - 가격 차이: $0.1271
2025-08-20 18:54:38,888 - INFO - 알림 임계값: $0.01
2025-08-20 18:54:38,888 - INFO - 알림 상태: 알림 없음
2025-08-20 18:54:38,888 - INFO - ============================================================
2025-08-20 18:54:38,888 - INFO - 📊 알림 조건을 만족하지 않습니다.
2025-08-20 18:55:38,928 - INFO - 🔄 ALKIMI 가격 모니터링 시작...
2025-08-20 18:55:39,230 - INFO - 📊 메인 가격 영역에서 가격 발견: $0.1229
2025-08-20 18:55:39,231 - INFO - 📈 24시간 변화율 발견: 100.0%
2025-08-20 18:55:39,232 - INFO - 💰 시가총액 발견: $49,650,000
2025-08-20 18:55:39,233 - INFO - 📊 24시간 거래량 발견: $49,650,000
2025-08-20 18:55:39,234 - INFO - 🏆 순위 발견: #3408
2025-08-20 18:55:39,234 - INFO - 📊 CoinMarketCap ALKIMI 가격: $0.1229
2025-08-20 18:55:39,235 - INFO - ============================================================
2025-08-20 18:55:39,235 - INFO - 📊 ALKIMI 가격 모니터링 결과
2025-08-20 18:55:39,235 - INFO - ============================================================
2025-08-20 18:55:39,235 - INFO - 시간: 2025-08-20 18:55:39
2025-08-20 18:55:39,235 - INFO - 자산: ALKIMI
2025-08-20 18:55:39,235 - INFO - 현재 가격: $0.1229
2025-08-20 18:55:39,235 - INFO - 24시간 변화: 100.0%
2025-08-20 18:55:39,235 - INFO - 순위: #3408
2025-08-20 18:55:39,235 - INFO - 시가총액: $49,650,000
2025-08-20 18:55:39,235 - INFO - 24시간 거래량: $49,650,000
2025-08-20 18:55:39,236 - INFO - 목표 가격: $0.25
2025-08-20 18:55:39,236 - INFO - 가격 차이: $0.1271
2025-08-20 18:55:39,237 - INFO - 알림 임계값: $0.01
2025-08-20 18:55:39,237 - INFO - 알림 상태: 알림 없음
2025-08-20 18:55:39,237 - INFO - ============================================================
2025-08-20 18:55:39,237 - INFO - 📊 알림 조건을 만족하지 않습니다.
2025-08-20 18:56:39,239 - INFO - 🔄 ALKIMI 가격 모니터링 시작...
2025-08-20 18:56:39,358 - INFO - 📊 메인 가격 영역에서 가격 발견: $0.1229
2025-08-20 18:56:39,360 - INFO - 📈 24시간 변화율 발견: 100.0%
2025-08-20 18:56:39,361 - INFO - 💰 시가총액 발견: $49,650,000
2025-08-20 18:56:39,362 - INFO - 📊 24시간 거래량 발견: $49,650,000
2025-08-20 18:56:39,363 - INFO - 🏆 순위 발견: #3408
2025-08-20 18:56:39,363 - INFO - 📊 CoinMarketCap ALKIMI 가격: $0.1229
2025-08-20 18:56:39,364 - INFO - ============================================================
2025-08-20 18:56:39,364 - INFO - 📊 ALKIMI 가격 모니터링 결과
2025-08-20 18:56:39,364 - INFO - ============================================================
2025-08-20 18:56:39,364 - INFO - 시간: 2025-08-20 18:56:39
2025-08-20 18:56:39,364 - INFO - 자산: ALKIMI
2025-08-20 18:56:39,364 - INFO - 현재 가격: $0.1229
2025-08-20 18:56:39,364 - INFO - 24시간 변화: 100.0%
2025-08-20 18:56:39,364 - INFO - 순위: #3408
2025-08-20 18:56:39,364 - INFO - 시가총액: $49,650,000
2025-08-20 18:56:39,364 - INFO - 24시간 거래량: $49,650,000
2025-08-20 18:56:39,364 - INFO - 목표 가격: $0.25
2025-08-20 18:56:39,364 - INFO - 가격 차이: $0.1271
2025-08-20 18:56:39,364 - INFO - 알림 임계값: $0.01
2025-08-20 18:56:39,364 - INFO - 알림 상태: 알림 없음
2025-08-20 18:56:39,364 - INFO - ============================================================
2025-08-20 18:56:39,365 - INFO - 📊 알림 조건을 만족하지 않습니다.
2025-08-20 18:57:39,367 - INFO - 🔄 ALKIMI 가격 모니터링 시작...
2025-08-20 18:57:39,472 - INFO - 📊 메인 가격 영역에서 가격 발견: $0.1229
2025-08-20 18:57:39,473 - INFO - 📈 24시간 변화율 발견: 100.0%
2025-08-20 18:57:39,475 - INFO - 💰 시가총액 발견: $49,650,000
2025-08-20 18:57:39,476 - INFO - 📊 24시간 거래량 발견: $49,650,000
2025-08-20 18:57:39,477 - INFO - 🏆 순위 발견: #3408
2025-08-20 18:57:39,477 - INFO - 📊 CoinMarketCap ALKIMI 가격: $0.1229
2025-08-20 18:57:39,478 - INFO - ============================================================
2025-08-20 18:57:39,478 - INFO - 📊 ALKIMI 가격 모니터링 결과
2025-08-20 18:57:39,478 - INFO - ============================================================
2025-08-20 18:57:39,478 - INFO - 시간: 2025-08-20 18:57:39
2025-08-20 18:57:39,478 - INFO - 자산: ALKIMI
2025-08-20 18:57:39,478 - INFO - 현재 가격: $0.1229
2025-08-20 18:57:39,478 - INFO - 24시간 변화: 100.0%
2025-08-20 18:57:39,478 - INFO - 순위: #3408
2025-08-20 18:57:39,478 - INFO - 시가총액: $49,650,000
2025-08-20 18:57:39,478 - INFO - 24시간 거래량: $49,650,000
2025-08-20 18:57:39,478 - INFO - 목표 가격: $0.25
2025-08-20 18:57:39,478 - INFO - 가격 차이: $0.1271
2025-08-20 18:57:39,478 - INFO - 알림 임계값: $0.01
2025-08-20 18:57:39,478 - INFO - 알림 상태: 알림 없음
2025-08-20 18:57:39,478 - INFO - ============================================================
2025-08-20 18:57:39,478 - INFO - 📊 알림 조건을 만족하지 않습니다.
2025-08-20 18:58:39,481 - INFO - 🔄 ALKIMI 가격 모니터링 시작...
2025-08-20 18:58:39,615 - INFO - 📊 메인 가격 영역에서 가격 발견: $0.1229
2025-08-20 18:58:39,616 - INFO - 📈 24시간 변화율 발견: 100.0%
2025-08-20 18:58:39,617 - INFO - 💰 시가총액 발견: $49,790,000
2025-08-20 18:58:39,618 - INFO - 📊 24시간 거래량 발견: $49,790,000
2025-08-20 18:58:39,619 - INFO - 🏆 순위 발견: #3408
2025-08-20 18:58:39,619 - INFO - 📊 CoinMarketCap ALKIMI 가격: $0.1229
2025-08-20 18:58:39,620 - INFO - ============================================================
2025-08-20 18:58:39,620 - INFO - 📊 ALKIMI 가격 모니터링 결과
2025-08-20 18:58:39,620 - INFO - ============================================================
2025-08-20 18:58:39,620 - INFO - 시간: 2025-08-20 18:58:39
2025-08-20 18:58:39,620 - INFO - 자산: ALKIMI
2025-08-20 18:58:39,620 - INFO - 현재 가격: $0.1229
2025-08-20 18:58:39,620 - INFO - 24시간 변화: 100.0%
2025-08-20 18:58:39,620 - INFO - 순위: #3408
2025-08-20 18:58:39,620 - INFO - 시가총액: $49,790,000
2025-08-20 18:58:39,620 - INFO - 24시간 거래량: $49,790,000
2025-08-20 18:58:39,620 - INFO - 목표 가격: $0.25
2025-08-20 18:58:39,620 - INFO - 가격 차이: $0.1271
2025-08-20 18:58:39,620 - INFO - 알림 임계값: $0.01
2025-08-20 18:58:39,620 - INFO - 알림 상태: 알림 없음
2025-08-20 18:58:39,620 - INFO - ============================================================
2025-08-20 18:58:39,620 - INFO - 📊 알림 조건을 만족하지 않습니다.
2025-08-20 18:59:39,623 - INFO - 🔄 ALKIMI 가격 모니터링 시작...
2025-08-20 18:59:39,722 - INFO - 📊 메인 가격 영역에서 가격 발견: $0.1229
2025-08-20 18:59:39,723 - INFO - 📈 24시간 변화율 발견: 100.0%
2025-08-20 18:59:39,724 - INFO - 💰 시가총액 발견: $49,650,000
2025-08-20 18:59:39,726 - INFO - 📊 24시간 거래량 발견: $49,650,000
2025-08-20 18:59:39,727 - INFO - 🏆 순위 발견: #3408
2025-08-20 18:59:39,727 - INFO - 📊 CoinMarketCap ALKIMI 가격: $0.1229
2025-08-20 18:59:39,728 - INFO - ============================================================
2025-08-20 18:59:39,728 - INFO - 📊 ALKIMI 가격 모니터링 결과
2025-08-20 18:59:39,728 - INFO - ============================================================
2025-08-20 18:59:39,728 - INFO - 시간: 2025-08-20 18:59:39
2025-08-20 18:59:39,728 - INFO - 자산: ALKIMI
2025-08-20 18:59:39,728 - INFO - 현재 가격: $0.1229
2025-08-20 18:59:39,728 - INFO - 24시간 변화: 100.0%
2025-08-20 18:59:39,728 - INFO - 순위: #3408
2025-08-20 18:59:39,728 - INFO - 시가총액: $49,650,000
2025-08-20 18:59:39,728 - INFO - 24시간 거래량: $49,650,000
2025-08-20 18:59:39,728 - INFO - 목표 가격: $0.25
2025-08-20 18:59:39,728 - INFO - 가격 차이: $0.1271
2025-08-20 18:59:39,728 - INFO - 알림 임계값: $0.01
2025-08-20 18:59:39,728 - INFO - 알림 상태: 알림 없음
2025-08-20 18:59:39,728 - INFO - ============================================================
2025-08-20 18:59:39,728 - INFO - 📊 알림 조건을 만족하지 않습니다.
2025-08-20 19:00:14,020 - INFO - ⏹️  모니터링 중단됨
2025-08-20 19:03:25,905 - INFO - 알림 시스템 초기화 완료:
2025-08-20 19:03:25,905 - INFO -   - 텔레그램: 활성화
2025-08-20 19:03:25,905 - INFO -   - Discord: 비활성화
2025-08-20 19:03:25,905 - INFO -   - Slack: 비활성화
2025-08-20 19:03:25,905 - INFO -   - 소리: 활성화
2025-08-20 19:03:25,906 - INFO -   - 데스크톱: 활성화
2025-08-20 19:03:25,906 - INFO - 🚀 ALKIMI 가격 모니터링 시작
2025-08-20 19:03:25,906 - INFO - 🎯 목표 가격: $0.25
2025-08-20 19:03:25,906 - INFO - 🔔 알림 임계값: $0.01
2025-08-20 19:03:25,906 - INFO - 🌐 주요 데이터 소스: DexScreener API
2025-08-20 19:03:25,906 - INFO - 🌐 백업 데이터 소스: CoinMarketCap
2025-08-20 19:03:25,906 - INFO - 🚀 ALKIMI 가격 모니터링 시작
2025-08-20 19:03:25,906 - INFO - 🎯 목표 가격: $0.25
2025-08-20 19:03:25,906 - INFO - ⏰ 모니터링 간격: 60초
2025-08-20 19:03:25,906 - INFO - 🌐 데이터 소스: https://coinmarketcap.com/currencies/alkimiexchange/
2025-08-20 19:03:25,906 - INFO - ============================================================
2025-08-20 19:03:25,906 - INFO - 🔄 ALKIMI 가격 모니터링 시작...
2025-08-20 19:03:26,570 - ERROR - DexScreener API 오류: object of type 'NoneType' has no len()
2025-08-20 19:03:26,571 - INFO - 📡 DexScreener API 실패, CoinMarketCap으로 백업 시도...
2025-08-20 19:03:27,567 - INFO - 📊 메인 가격 영역에서 가격 발견: $0.1229
2025-08-20 19:03:27,569 - INFO - 📈 24시간 변화율 발견: 100.0%
2025-08-20 19:03:27,570 - INFO - 💰 시가총액 발견: $49,700,000
2025-08-20 19:03:27,571 - INFO - 📊 24시간 거래량 발견: $49,700,000
2025-08-20 19:03:27,572 - INFO - 🏆 순위 발견: #3408
2025-08-20 19:03:27,572 - INFO - 📊 CoinMarketCap ALKIMI 가격: $0.1229
2025-08-20 19:03:27,573 - INFO - ============================================================
2025-08-20 19:03:27,573 - INFO - 📊 ALKIMI 가격 모니터링 결과
2025-08-20 19:03:27,573 - INFO - ============================================================
2025-08-20 19:03:27,573 - INFO - 시간: 2025-08-20 19:03:27
2025-08-20 19:03:27,573 - INFO - 자산: ALKIMI
2025-08-20 19:03:27,573 - INFO - 현재 가격: $0.1229
2025-08-20 19:03:27,573 - INFO - 24시간 변화: 100.0%
2025-08-20 19:03:27,573 - INFO - 유동성: $0
2025-08-20 19:03:27,573 - INFO - 24시간 거래량: $49,700,000
2025-08-20 19:03:27,573 - INFO - 거래소: N/A
2025-08-20 19:03:27,573 - INFO - 목표 가격: $0.25
2025-08-20 19:03:27,573 - INFO - 가격 차이: $0.127100
2025-08-20 19:03:27,573 - INFO - 알림 임계값: $0.01
2025-08-20 19:03:27,573 - INFO - 알림 상태: 알림 없음
2025-08-20 19:03:27,573 - INFO - ============================================================
2025-08-20 19:03:27,573 - INFO - 📊 알림 조건을 만족하지 않습니다.
2025-08-20 19:04:27,585 - INFO - 🔄 ALKIMI 가격 모니터링 시작...
2025-08-20 19:04:28,475 - ERROR - DexScreener API 오류: object of type 'NoneType' has no len()
2025-08-20 19:04:28,479 - INFO - 📡 DexScreener API 실패, CoinMarketCap으로 백업 시도...
2025-08-20 19:04:28,567 - INFO - 📊 메인 가격 영역에서 가격 발견: $0.1229
2025-08-20 19:04:28,570 - INFO - 📈 24시간 변화율 발견: 100.0%
2025-08-20 19:04:28,571 - INFO - 💰 시가총액 발견: $49,700,000
2025-08-20 19:04:28,572 - INFO - 📊 24시간 거래량 발견: $49,700,000
2025-08-20 19:04:28,574 - INFO - 🏆 순위 발견: #3408
2025-08-20 19:04:28,574 - INFO - 📊 CoinMarketCap ALKIMI 가격: $0.1229
2025-08-20 19:04:28,575 - INFO - ============================================================
2025-08-20 19:04:28,575 - INFO - 📊 ALKIMI 가격 모니터링 결과
2025-08-20 19:04:28,575 - INFO - ============================================================
2025-08-20 19:04:28,575 - INFO - 시간: 2025-08-20 19:04:28
2025-08-20 19:04:28,575 - INFO - 자산: ALKIMI
2025-08-20 19:04:28,575 - INFO - 현재 가격: $0.1229
2025-08-20 19:04:28,575 - INFO - 24시간 변화: 100.0%
2025-08-20 19:04:28,576 - INFO - 유동성: $0
2025-08-20 19:04:28,576 - INFO - 24시간 거래량: $49,700,000
2025-08-20 19:04:28,576 - INFO - 거래소: N/A
2025-08-20 19:04:28,576 - INFO - 목표 가격: $0.25
2025-08-20 19:04:28,576 - INFO - 가격 차이: $0.127100
2025-08-20 19:04:28,576 - INFO - 알림 임계값: $0.01
2025-08-20 19:04:28,576 - INFO - 알림 상태: 알림 없음
2025-08-20 19:04:28,576 - INFO - ============================================================
2025-08-20 19:04:28,576 - INFO - 📊 알림 조건을 만족하지 않습니다.
2025-08-20 19:05:28,587 - INFO - 🔄 ALKIMI 가격 모니터링 시작...
2025-08-20 19:05:29,050 - ERROR - DexScreener API 오류: object of type 'NoneType' has no len()
2025-08-20 19:05:29,051 - INFO - 📡 DexScreener API 실패, CoinMarketCap으로 백업 시도...
2025-08-20 19:05:29,170 - INFO - 📊 메인 가격 영역에서 가격 발견: $0.1229
2025-08-20 19:05:29,172 - INFO - 📈 24시간 변화율 발견: 100.0%
2025-08-20 19:05:29,173 - INFO - 💰 시가총액 발견: $49,560,000
2025-08-20 19:05:29,174 - INFO - 📊 24시간 거래량 발견: $49,560,000
2025-08-20 19:05:29,175 - INFO - 🏆 순위 발견: #3408
2025-08-20 19:05:29,175 - INFO - 📊 CoinMarketCap ALKIMI 가격: $0.1229
2025-08-20 19:05:29,176 - INFO - ============================================================
2025-08-20 19:05:29,176 - INFO - 📊 ALKIMI 가격 모니터링 결과
2025-08-20 19:05:29,176 - INFO - ============================================================
2025-08-20 19:05:29,176 - INFO - 시간: 2025-08-20 19:05:29
2025-08-20 19:05:29,176 - INFO - 자산: ALKIMI
2025-08-20 19:05:29,176 - INFO - 현재 가격: $0.1229
2025-08-20 19:05:29,176 - INFO - 24시간 변화: 100.0%
2025-08-20 19:05:29,176 - INFO - 유동성: $0
2025-08-20 19:05:29,176 - INFO - 24시간 거래량: $49,560,000
2025-08-20 19:05:29,176 - INFO - 거래소: N/A
2025-08-20 19:05:29,176 - INFO - 목표 가격: $0.25
2025-08-20 19:05:29,176 - INFO - 가격 차이: $0.127100
2025-08-20 19:05:29,176 - INFO - 알림 임계값: $0.01
2025-08-20 19:05:29,176 - INFO - 알림 상태: 알림 없음
2025-08-20 19:05:29,176 - INFO - ============================================================
2025-08-20 19:05:29,176 - INFO - 📊 알림 조건을 만족하지 않습니다.
2025-08-20 19:06:29,187 - INFO - 🔄 ALKIMI 가격 모니터링 시작...
2025-08-20 19:06:29,651 - ERROR - DexScreener API 오류: object of type 'NoneType' has no len()
2025-08-20 19:06:29,652 - INFO - 📡 DexScreener API 실패, CoinMarketCap으로 백업 시도...
2025-08-20 19:06:29,760 - INFO - 📊 메인 가격 영역에서 가격 발견: $0.1229
2025-08-20 19:06:29,762 - INFO - 📈 24시간 변화율 발견: 100.0%
2025-08-20 19:06:29,763 - INFO - 💰 시가총액 발견: $49,560,000
2025-08-20 19:06:29,764 - INFO - 📊 24시간 거래량 발견: $49,560,000
2025-08-20 19:06:29,766 - INFO - 🏆 순위 발견: #3408
2025-08-20 19:06:29,766 - INFO - 📊 CoinMarketCap ALKIMI 가격: $0.1229
2025-08-20 19:06:29,769 - INFO - ============================================================
2025-08-20 19:06:29,769 - INFO - 📊 ALKIMI 가격 모니터링 결과
2025-08-20 19:06:29,769 - INFO - ============================================================
2025-08-20 19:06:29,769 - INFO - 시간: 2025-08-20 19:06:29
2025-08-20 19:06:29,769 - INFO - 자산: ALKIMI
2025-08-20 19:06:29,769 - INFO - 현재 가격: $0.1229
2025-08-20 19:06:29,769 - INFO - 24시간 변화: 100.0%
2025-08-20 19:06:29,769 - INFO - 유동성: $0
2025-08-20 19:06:29,769 - INFO - 24시간 거래량: $49,560,000
2025-08-20 19:06:29,769 - INFO - 거래소: N/A
2025-08-20 19:06:29,769 - INFO - 목표 가격: $0.25
2025-08-20 19:06:29,769 - INFO - 가격 차이: $0.127100
2025-08-20 19:06:29,769 - INFO - 알림 임계값: $0.01
2025-08-20 19:06:29,770 - INFO - 알림 상태: 알림 없음
2025-08-20 19:06:29,770 - INFO - ============================================================
2025-08-20 19:06:29,770 - INFO - 📊 알림 조건을 만족하지 않습니다.
2025-08-20 19:07:29,772 - INFO - 🔄 ALKIMI 가격 모니터링 시작...
2025-08-20 19:07:30,452 - ERROR - DexScreener API 오류: object of type 'NoneType' has no len()
2025-08-20 19:07:30,453 - INFO - 📡 DexScreener API 실패, CoinMarketCap으로 백업 시도...
2025-08-20 19:07:30,532 - INFO - 📊 메인 가격 영역에서 가격 발견: $0.1229
2025-08-20 19:07:30,533 - INFO - 📈 24시간 변화율 발견: 100.0%
2025-08-20 19:07:30,534 - INFO - 💰 시가총액 발견: $49,560,000
2025-08-20 19:07:30,535 - INFO - 📊 24시간 거래량 발견: $49,560,000
2025-08-20 19:07:30,536 - INFO - 🏆 순위 발견: #3408
2025-08-20 19:07:30,536 - INFO - 📊 CoinMarketCap ALKIMI 가격: $0.1229
2025-08-20 19:07:30,538 - INFO - ============================================================
2025-08-20 19:07:30,538 - INFO - 📊 ALKIMI 가격 모니터링 결과
2025-08-20 19:07:30,538 - INFO - ============================================================
2025-08-20 19:07:30,538 - INFO - 시간: 2025-08-20 19:07:30
2025-08-20 19:07:30,538 - INFO - 자산: ALKIMI
2025-08-20 19:07:30,538 - INFO - 현재 가격: $0.1229
2025-08-20 19:07:30,538 - INFO - 24시간 변화: 100.0%
2025-08-20 19:07:30,538 - INFO - 유동성: $0
2025-08-20 19:07:30,538 - INFO - 24시간 거래량: $49,560,000
2025-08-20 19:07:30,538 - INFO - 거래소: N/A
2025-08-20 19:07:30,538 - INFO - 목표 가격: $0.25
2025-08-20 19:07:30,538 - INFO - 가격 차이: $0.127100
2025-08-20 19:07:30,538 - INFO - 알림 임계값: $0.01
2025-08-20 19:07:30,538 - INFO - 알림 상태: 알림 없음
2025-08-20 19:07:30,538 - INFO - ============================================================
2025-08-20 19:07:30,538 - INFO - 📊 알림 조건을 만족하지 않습니다.
2025-08-20 19:08:30,547 - INFO - 🔄 ALKIMI 가격 모니터링 시작...
2025-08-20 19:08:31,043 - ERROR - DexScreener API 오류: object of type 'NoneType' has no len()
2025-08-20 19:08:31,044 - INFO - 📡 DexScreener API 실패, CoinMarketCap으로 백업 시도...
2025-08-20 19:08:31,176 - INFO - 📊 메인 가격 영역에서 가격 발견: $0.1229
2025-08-20 19:08:31,181 - INFO - 📈 24시간 변화율 발견: 100.0%
2025-08-20 19:08:31,211 - INFO - 💰 시가총액 발견: $49,350,000
2025-08-20 19:08:31,224 - INFO - 📊 24시간 거래량 발견: $49,350,000
2025-08-20 19:08:31,226 - INFO - 🏆 순위 발견: #3408
2025-08-20 19:08:31,226 - INFO - 📊 CoinMarketCap ALKIMI 가격: $0.1229
2025-08-20 19:08:31,227 - INFO - ============================================================
2025-08-20 19:08:31,227 - INFO - 📊 ALKIMI 가격 모니터링 결과
2025-08-20 19:08:31,227 - INFO - ============================================================
2025-08-20 19:08:31,227 - INFO - 시간: 2025-08-20 19:08:31
2025-08-20 19:08:31,227 - INFO - 자산: ALKIMI
2025-08-20 19:08:31,227 - INFO - 현재 가격: $0.1229
2025-08-20 19:08:31,227 - INFO - 24시간 변화: 100.0%
2025-08-20 19:08:31,227 - INFO - 유동성: $0
2025-08-20 19:08:31,228 - INFO - 24시간 거래량: $49,350,000
2025-08-20 19:08:31,228 - INFO - 거래소: N/A
2025-08-20 19:08:31,228 - INFO - 목표 가격: $0.25
2025-08-20 19:08:31,228 - INFO - 가격 차이: $0.127100
2025-08-20 19:08:31,228 - INFO - 알림 임계값: $0.01
2025-08-20 19:08:31,228 - INFO - 알림 상태: 알림 없음
2025-08-20 19:08:31,228 - INFO - ============================================================
2025-08-20 19:08:31,228 - INFO - 📊 알림 조건을 만족하지 않습니다.
2025-08-20 19:09:31,237 - INFO - 🔄 ALKIMI 가격 모니터링 시작...
2025-08-20 19:09:32,017 - ERROR - DexScreener API 오류: object of type 'NoneType' has no len()
2025-08-20 19:09:32,019 - INFO - 📡 DexScreener API 실패, CoinMarketCap으로 백업 시도...
2025-08-20 19:09:32,117 - INFO - 📊 메인 가격 영역에서 가격 발견: $0.1229
2025-08-20 19:09:32,119 - INFO - 📈 24시간 변화율 발견: 100.0%
2025-08-20 19:09:32,120 - INFO - 💰 시가총액 발견: $49,350,000
2025-08-20 19:09:32,121 - INFO - 📊 24시간 거래량 발견: $49,350,000
2025-08-20 19:09:32,122 - INFO - 🏆 순위 발견: #3408
2025-08-20 19:09:32,122 - INFO - 📊 CoinMarketCap ALKIMI 가격: $0.1229
2025-08-20 19:09:32,123 - INFO - ============================================================
2025-08-20 19:09:32,123 - INFO - 📊 ALKIMI 가격 모니터링 결과
2025-08-20 19:09:32,123 - INFO - ============================================================
2025-08-20 19:09:32,123 - INFO - 시간: 2025-08-20 19:09:32
2025-08-20 19:09:32,123 - INFO - 자산: ALKIMI
2025-08-20 19:09:32,123 - INFO - 현재 가격: $0.1229
2025-08-20 19:09:32,123 - INFO - 24시간 변화: 100.0%
2025-08-20 19:09:32,123 - INFO - 유동성: $0
2025-08-20 19:09:32,123 - INFO - 24시간 거래량: $49,350,000
2025-08-20 19:09:32,124 - INFO - 거래소: N/A
2025-08-20 19:09:32,124 - INFO - 목표 가격: $0.25
2025-08-20 19:09:32,124 - INFO - 가격 차이: $0.127100
2025-08-20 19:09:32,124 - INFO - 알림 임계값: $0.01
2025-08-20 19:09:32,124 - INFO - 알림 상태: 알림 없음
2025-08-20 19:09:32,124 - INFO - ============================================================
2025-08-20 19:09:32,124 - INFO - 📊 알림 조건을 만족하지 않습니다.
2025-08-20 19:10:32,131 - INFO - 🔄 ALKIMI 가격 모니터링 시작...
2025-08-20 19:10:32,854 - ERROR - DexScreener API 오류: object of type 'NoneType' has no len()
2025-08-20 19:10:32,856 - INFO - 📡 DexScreener API 실패, CoinMarketCap으로 백업 시도...
2025-08-20 19:10:32,963 - INFO - 📊 메인 가격 영역에서 가격 발견: $0.1229
2025-08-20 19:10:32,965 - INFO - 📈 24시간 변화율 발견: 100.0%
2025-08-20 19:10:32,967 - INFO - 💰 시가총액 발견: $49,200,000
2025-08-20 19:10:32,968 - INFO - 📊 24시간 거래량 발견: $49,200,000
2025-08-20 19:10:32,969 - INFO - 🏆 순위 발견: #3408
2025-08-20 19:10:32,969 - INFO - 📊 CoinMarketCap ALKIMI 가격: $0.1229
2025-08-20 19:10:32,970 - INFO - ============================================================
2025-08-20 19:10:32,970 - INFO - 📊 ALKIMI 가격 모니터링 결과
2025-08-20 19:10:32,970 - INFO - ============================================================
2025-08-20 19:10:32,970 - INFO - 시간: 2025-08-20 19:10:32
2025-08-20 19:10:32,970 - INFO - 자산: ALKIMI
2025-08-20 19:10:32,970 - INFO - 현재 가격: $0.1229
2025-08-20 19:10:32,970 - INFO - 24시간 변화: 100.0%
2025-08-20 19:10:32,971 - INFO - 유동성: $0
2025-08-20 19:10:32,971 - INFO - 24시간 거래량: $49,200,000
2025-08-20 19:10:32,971 - INFO - 거래소: N/A
2025-08-20 19:10:32,971 - INFO - 목표 가격: $0.25
2025-08-20 19:10:32,971 - INFO - 가격 차이: $0.127100
2025-08-20 19:10:32,971 - INFO - 알림 임계값: $0.01
2025-08-20 19:10:32,971 - INFO - 알림 상태: 알림 없음
2025-08-20 19:10:32,971 - INFO - ============================================================
2025-08-20 19:10:32,971 - INFO - 📊 알림 조건을 만족하지 않습니다.
