2025-08-20 14:50:27,784 - INFO - 알림 시스템 초기화 완료:
2025-08-20 14:50:27,784 - INFO -   - 텔레그램: 활성화
2025-08-20 14:50:27,784 - INFO -   - Discord: 비활성화
2025-08-20 14:50:27,784 - INFO -   - Slack: 비활성화
2025-08-20 14:50:27,784 - INFO -   - 소리: 활성화
2025-08-20 14:50:27,784 - INFO -   - 데스크톱: 활성화
2025-08-20 14:50:27,784 - INFO - 🚀 ALKIMI 5분마다 가격 알람 봇 시작
2025-08-20 14:50:27,784 - INFO - ⏰ 알람 간격: 5분
2025-08-20 14:50:27,784 - INFO - 🚀 ALKIMI 5분마다 가격 모니터링 시작
2025-08-20 14:50:27,784 - INFO - ⏰ 모니터링 간격: 5분
2025-08-20 14:50:27,784 - INFO - ============================================================
2025-08-20 14:50:27,784 - INFO - 🔄 ALKIMI 가격 모니터링 시작...
2025-08-20 14:50:28,287 - INFO - ============================================================
2025-08-20 14:50:28,288 - INFO - 📊 ALKIMI 가격 모니터링 결과
2025-08-20 14:50:28,288 - INFO - ============================================================
2025-08-20 14:50:28,288 - INFO - 시간: 2025-08-20 14:50:28
2025-08-20 14:50:28,288 - INFO - 자산: ALKIMI
2025-08-20 14:50:28,288 - INFO - 현재 가격: $0.1313
2025-08-20 14:50:28,288 - INFO - 이전 가격: 첫 번째 조회
2025-08-20 14:50:28,288 - INFO - 가격 변화: 0.00%
2025-08-20 14:50:28,288 - INFO - ============================================================
2025-08-20 14:50:29,558 - INFO - 텔레그램 메시지 전송 성공
2025-08-20 14:50:29,562 - INFO - ✅ 가격 알람 전송 성공: $0.1313
2025-08-20 14:55:29,593 - INFO - 🔄 ALKIMI 가격 모니터링 시작...
2025-08-20 14:55:29,978 - INFO - ============================================================
2025-08-20 14:55:29,979 - INFO - 📊 ALKIMI 가격 모니터링 결과
2025-08-20 14:55:29,979 - INFO - ============================================================
2025-08-20 14:55:29,979 - INFO - 시간: 2025-08-20 14:55:29
2025-08-20 14:55:29,979 - INFO - 자산: ALKIMI
2025-08-20 14:55:29,979 - INFO - 현재 가격: $0.1314
2025-08-20 14:55:29,979 - INFO - 이전 가격: $0.1313
2025-08-20 14:55:29,979 - INFO - 가격 변화: 0.11%
2025-08-20 14:55:29,979 - INFO - ============================================================
2025-08-20 14:55:31,414 - INFO - 텔레그램 메시지 전송 성공
2025-08-20 14:55:31,416 - INFO - ✅ 가격 알람 전송 성공: $0.1314
2025-08-20 15:00:31,454 - INFO - 🔄 ALKIMI 가격 모니터링 시작...
2025-08-20 15:00:31,819 - INFO - ============================================================
2025-08-20 15:00:31,820 - INFO - 📊 ALKIMI 가격 모니터링 결과
2025-08-20 15:00:31,820 - INFO - ============================================================
2025-08-20 15:00:31,820 - INFO - 시간: 2025-08-20 15:00:31
2025-08-20 15:00:31,820 - INFO - 자산: ALKIMI
2025-08-20 15:00:31,821 - INFO - 현재 가격: $0.1315
2025-08-20 15:00:31,821 - INFO - 이전 가격: $0.1314
2025-08-20 15:00:31,821 - INFO - 가격 변화: 0.10%
2025-08-20 15:00:31,821 - INFO - ============================================================
2025-08-20 15:00:33,074 - INFO - 텔레그램 메시지 전송 성공
2025-08-20 15:00:33,078 - INFO - ✅ 가격 알람 전송 성공: $0.1315
2025-08-20 15:01:38,804 - INFO - ⏹️  모니터링 중단됨
2025-08-20 15:01:49,973 - INFO - 알림 시스템 초기화 완료:
2025-08-20 15:01:49,974 - INFO -   - 텔레그램: 활성화
2025-08-20 15:01:49,974 - INFO -   - Discord: 비활성화
2025-08-20 15:01:49,974 - INFO -   - Slack: 비활성화
2025-08-20 15:01:49,974 - INFO -   - 소리: 활성화
2025-08-20 15:01:49,974 - INFO -   - 데스크톱: 활성화
2025-08-20 15:01:49,974 - INFO - 🚀 ALKIMI 5분마다 가격 알람 봇 시작
2025-08-20 15:01:49,974 - INFO - ⏰ 알람 간격: 5분
2025-08-20 15:01:49,974 - INFO - 🚀 ALKIMI 5분마다 가격 모니터링 시작
2025-08-20 15:01:49,974 - INFO - ⏰ 모니터링 간격: 5분
2025-08-20 15:01:49,974 - INFO - ============================================================
2025-08-20 15:01:49,974 - INFO - 🔄 ALKIMI 가격 모니터링 시작...
2025-08-20 15:01:50,364 - INFO - ============================================================
2025-08-20 15:01:50,364 - INFO - 📊 ALKIMI 가격 모니터링 결과
2025-08-20 15:01:50,364 - INFO - ============================================================
2025-08-20 15:01:50,364 - INFO - 시간: 2025-08-20 15:01:50
2025-08-20 15:01:50,364 - INFO - 자산: ALKIMI
2025-08-20 15:01:50,364 - INFO - 현재 가격: $0.1316
2025-08-20 15:01:50,364 - INFO - 이전 가격: 첫 번째 조회
2025-08-20 15:01:50,365 - INFO - 가격 변화: 0.00%
2025-08-20 15:01:50,365 - INFO - ============================================================
2025-08-20 15:01:51,667 - INFO - 텔레그램 메시지 전송 성공
2025-08-20 15:01:51,668 - INFO - ✅ 가격 알람 전송 성공: $0.1316
2025-08-20 15:06:49,635 - INFO - 🔄 ALKIMI 가격 모니터링 시작...
2025-08-20 15:06:49,999 - INFO - ============================================================
2025-08-20 15:06:49,999 - INFO - 📊 ALKIMI 가격 모니터링 결과
2025-08-20 15:06:49,999 - INFO - ============================================================
2025-08-20 15:06:49,999 - INFO - 시간: 2025-08-20 15:06:49
2025-08-20 15:06:49,999 - INFO - 자산: ALKIMI
2025-08-20 15:06:49,999 - INFO - 현재 가격: $0.1299
2025-08-20 15:06:49,999 - INFO - 이전 가격: $0.1316
2025-08-20 15:06:49,999 - INFO - 가격 변화: -1.30%
2025-08-20 15:06:49,999 - INFO - ============================================================
2025-08-20 15:06:51,254 - INFO - 텔레그램 메시지 전송 성공
2025-08-20 15:06:51,258 - INFO - ✅ 가격 알람 전송 성공: $0.1299
2025-08-20 15:11:51,277 - INFO - 🔄 ALKIMI 가격 모니터링 시작...
2025-08-20 15:11:52,016 - INFO - ============================================================
2025-08-20 15:11:52,016 - INFO - 📊 ALKIMI 가격 모니터링 결과
2025-08-20 15:11:52,016 - INFO - ============================================================
2025-08-20 15:11:52,016 - INFO - 시간: 2025-08-20 15:11:52
2025-08-20 15:11:52,016 - INFO - 자산: ALKIMI
2025-08-20 15:11:52,016 - INFO - 현재 가격: $0.1296
2025-08-20 15:11:52,016 - INFO - 이전 가격: $0.1299
2025-08-20 15:11:52,016 - INFO - 가격 변화: -0.25%
2025-08-20 15:11:52,016 - INFO - ============================================================
2025-08-20 15:11:53,359 - INFO - 텔레그램 메시지 전송 성공
2025-08-20 15:11:53,362 - INFO - ✅ 가격 알람 전송 성공: $0.1296
2025-08-20 15:16:53,444 - INFO - 🔄 ALKIMI 가격 모니터링 시작...
2025-08-20 15:16:54,255 - INFO - ============================================================
2025-08-20 15:16:54,255 - INFO - 📊 ALKIMI 가격 모니터링 결과
2025-08-20 15:16:54,255 - INFO - ============================================================
2025-08-20 15:16:54,255 - INFO - 시간: 2025-08-20 15:16:54
2025-08-20 15:16:54,255 - INFO - 자산: ALKIMI
2025-08-20 15:16:54,255 - INFO - 현재 가격: $0.1295
2025-08-20 15:16:54,255 - INFO - 이전 가격: $0.1296
2025-08-20 15:16:54,255 - INFO - 가격 변화: -0.07%
2025-08-20 15:16:54,255 - INFO - ============================================================
2025-08-20 15:16:55,577 - INFO - 텔레그램 메시지 전송 성공
2025-08-20 15:16:55,581 - INFO - ✅ 가격 알람 전송 성공: $0.1295
2025-08-20 15:21:55,606 - INFO - 🔄 ALKIMI 가격 모니터링 시작...
2025-08-20 15:21:55,981 - INFO - ============================================================
2025-08-20 15:21:55,981 - INFO - 📊 ALKIMI 가격 모니터링 결과
2025-08-20 15:21:55,981 - INFO - ============================================================
2025-08-20 15:21:55,981 - INFO - 시간: 2025-08-20 15:21:55
2025-08-20 15:21:55,981 - INFO - 자산: ALKIMI
2025-08-20 15:21:55,981 - INFO - 현재 가격: $0.1295
2025-08-20 15:21:55,981 - INFO - 이전 가격: $0.1295
2025-08-20 15:21:55,981 - INFO - 가격 변화: 0.00%
2025-08-20 15:21:55,981 - INFO - ============================================================
2025-08-20 15:21:57,336 - INFO - 텔레그램 메시지 전송 성공
2025-08-20 15:21:57,337 - INFO - ✅ 가격 알람 전송 성공: $0.1295
2025-08-20 15:26:57,360 - INFO - 🔄 ALKIMI 가격 모니터링 시작...
2025-08-20 15:26:57,722 - INFO - ============================================================
2025-08-20 15:26:57,722 - INFO - 📊 ALKIMI 가격 모니터링 결과
2025-08-20 15:26:57,722 - INFO - ============================================================
2025-08-20 15:26:57,722 - INFO - 시간: 2025-08-20 15:26:57
2025-08-20 15:26:57,722 - INFO - 자산: ALKIMI
2025-08-20 15:26:57,722 - INFO - 현재 가격: $0.1342
2025-08-20 15:26:57,722 - INFO - 이전 가격: $0.1295
2025-08-20 15:26:57,722 - INFO - 가격 변화: 3.64%
2025-08-20 15:26:57,722 - INFO - ============================================================
2025-08-20 15:26:59,083 - INFO - 텔레그램 메시지 전송 성공
2025-08-20 15:26:59,085 - INFO - ✅ 가격 알람 전송 성공: $0.1342
2025-08-20 15:31:59,101 - INFO - 🔄 ALKIMI 가격 모니터링 시작...
2025-08-20 15:31:59,551 - INFO - ============================================================
2025-08-20 15:31:59,552 - INFO - 📊 ALKIMI 가격 모니터링 결과
2025-08-20 15:31:59,552 - INFO - ============================================================
2025-08-20 15:31:59,552 - INFO - 시간: 2025-08-20 15:31:59
2025-08-20 15:31:59,552 - INFO - 자산: ALKIMI
2025-08-20 15:31:59,552 - INFO - 현재 가격: $0.1343
2025-08-20 15:31:59,552 - INFO - 이전 가격: $0.1342
2025-08-20 15:31:59,552 - INFO - 가격 변화: 0.10%
2025-08-20 15:31:59,552 - INFO - ============================================================
2025-08-20 15:32:00,823 - INFO - 텔레그램 메시지 전송 성공
2025-08-20 15:32:00,825 - INFO - ✅ 가격 알람 전송 성공: $0.1343
2025-08-20 15:37:00,844 - INFO - 🔄 ALKIMI 가격 모니터링 시작...
2025-08-20 15:37:01,687 - INFO - ============================================================
2025-08-20 15:37:01,687 - INFO - 📊 ALKIMI 가격 모니터링 결과
2025-08-20 15:37:01,687 - INFO - ============================================================
2025-08-20 15:37:01,687 - INFO - 시간: 2025-08-20 15:37:01
2025-08-20 15:37:01,687 - INFO - 자산: ALKIMI
2025-08-20 15:37:01,687 - INFO - 현재 가격: $0.1344
2025-08-20 15:37:01,687 - INFO - 이전 가격: $0.1343
2025-08-20 15:37:01,687 - INFO - 가격 변화: 0.02%
2025-08-20 15:37:01,687 - INFO - ============================================================
2025-08-20 15:37:02,936 - INFO - 텔레그램 메시지 전송 성공
2025-08-20 15:37:02,938 - INFO - ✅ 가격 알람 전송 성공: $0.1344
2025-08-20 15:42:03,053 - INFO - 🔄 ALKIMI 가격 모니터링 시작...
2025-08-20 15:42:04,181 - INFO - ============================================================
2025-08-20 15:42:04,182 - INFO - 📊 ALKIMI 가격 모니터링 결과
2025-08-20 15:42:04,182 - INFO - ============================================================
2025-08-20 15:42:04,182 - INFO - 시간: 2025-08-20 15:42:04
2025-08-20 15:42:04,182 - INFO - 자산: ALKIMI
2025-08-20 15:42:04,182 - INFO - 현재 가격: $0.1347
2025-08-20 15:42:04,182 - INFO - 이전 가격: $0.1344
2025-08-20 15:42:04,182 - INFO - 가격 변화: 0.25%
2025-08-20 15:42:04,182 - INFO - ============================================================
2025-08-20 15:42:05,525 - INFO - 텔레그램 메시지 전송 성공
2025-08-20 15:42:05,562 - INFO - ✅ 가격 알람 전송 성공: $0.1347
2025-08-20 15:47:05,595 - INFO - 🔄 ALKIMI 가격 모니터링 시작...
2025-08-20 15:47:06,352 - INFO - ============================================================
2025-08-20 15:47:06,353 - INFO - 📊 ALKIMI 가격 모니터링 결과
2025-08-20 15:47:06,353 - INFO - ============================================================
2025-08-20 15:47:06,353 - INFO - 시간: 2025-08-20 15:47:06
2025-08-20 15:47:06,353 - INFO - 자산: ALKIMI
2025-08-20 15:47:06,354 - INFO - 현재 가격: $0.1347
2025-08-20 15:47:06,354 - INFO - 이전 가격: $0.1347
2025-08-20 15:47:06,354 - INFO - 가격 변화: 0.01%
2025-08-20 15:47:06,354 - INFO - ============================================================
2025-08-20 15:47:07,705 - INFO - 텔레그램 메시지 전송 성공
2025-08-20 15:47:07,707 - INFO - ✅ 가격 알람 전송 성공: $0.1347
2025-08-20 15:52:07,726 - INFO - 🔄 ALKIMI 가격 모니터링 시작...
2025-08-20 15:52:08,094 - INFO - ============================================================
2025-08-20 15:52:08,094 - INFO - 📊 ALKIMI 가격 모니터링 결과
2025-08-20 15:52:08,094 - INFO - ============================================================
2025-08-20 15:52:08,094 - INFO - 시간: 2025-08-20 15:52:08
2025-08-20 15:52:08,094 - INFO - 자산: ALKIMI
2025-08-20 15:52:08,095 - INFO - 현재 가격: $0.1348
2025-08-20 15:52:08,095 - INFO - 이전 가격: $0.1347
2025-08-20 15:52:08,095 - INFO - 가격 변화: 0.06%
2025-08-20 15:52:08,095 - INFO - ============================================================
2025-08-20 15:52:09,394 - INFO - 텔레그램 메시지 전송 성공
2025-08-20 15:52:09,396 - INFO - ✅ 가격 알람 전송 성공: $0.1348
2025-08-20 15:57:09,437 - INFO - 🔄 ALKIMI 가격 모니터링 시작...
2025-08-20 15:57:10,160 - INFO - ============================================================
2025-08-20 15:57:10,160 - INFO - 📊 ALKIMI 가격 모니터링 결과
2025-08-20 15:57:10,160 - INFO - ============================================================
2025-08-20 15:57:10,160 - INFO - 시간: 2025-08-20 15:57:10
2025-08-20 15:57:10,162 - INFO - 자산: ALKIMI
2025-08-20 15:57:10,162 - INFO - 현재 가격: $0.1348
2025-08-20 15:57:10,162 - INFO - 이전 가격: $0.1348
2025-08-20 15:57:10,162 - INFO - 가격 변화: 0.01%
2025-08-20 15:57:10,163 - INFO - ============================================================
2025-08-20 15:57:11,406 - INFO - 텔레그램 메시지 전송 성공
2025-08-20 15:57:11,407 - INFO - ✅ 가격 알람 전송 성공: $0.1348
2025-08-20 16:03:01,376 - INFO - 🔄 ALKIMI 가격 모니터링 시작...
2025-08-20 16:03:01,796 - INFO - ============================================================
2025-08-20 16:03:01,796 - INFO - 📊 ALKIMI 가격 모니터링 결과
2025-08-20 16:03:01,796 - INFO - ============================================================
2025-08-20 16:03:01,796 - INFO - 시간: 2025-08-20 16:03:01
2025-08-20 16:03:01,796 - INFO - 자산: ALKIMI
2025-08-20 16:03:01,796 - INFO - 현재 가격: $0.1344
2025-08-20 16:03:01,796 - INFO - 이전 가격: $0.1348
2025-08-20 16:03:01,796 - INFO - 가격 변화: -0.26%
2025-08-20 16:03:01,796 - INFO - ============================================================
2025-08-20 16:03:03,173 - INFO - 텔레그램 메시지 전송 성공
2025-08-20 16:03:03,174 - INFO - ✅ 가격 알람 전송 성공: $0.1344
2025-08-20 16:08:03,188 - INFO - 🔄 ALKIMI 가격 모니터링 시작...
2025-08-20 16:08:03,998 - INFO - ============================================================
2025-08-20 16:08:03,998 - INFO - 📊 ALKIMI 가격 모니터링 결과
2025-08-20 16:08:03,998 - INFO - ============================================================
2025-08-20 16:08:03,998 - INFO - 시간: 2025-08-20 16:08:03
2025-08-20 16:08:03,998 - INFO - 자산: ALKIMI
2025-08-20 16:08:03,998 - INFO - 현재 가격: $0.1371
2025-08-20 16:08:03,998 - INFO - 이전 가격: $0.1344
2025-08-20 16:08:03,998 - INFO - 가격 변화: 2.01%
2025-08-20 16:08:03,998 - INFO - ============================================================
2025-08-20 16:08:05,360 - INFO - 텔레그램 메시지 전송 성공
2025-08-20 16:08:05,361 - INFO - ✅ 가격 알람 전송 성공: $0.1371
2025-08-20 16:13:05,375 - INFO - 🔄 ALKIMI 가격 모니터링 시작...
2025-08-20 16:13:05,726 - INFO - ============================================================
2025-08-20 16:13:05,726 - INFO - 📊 ALKIMI 가격 모니터링 결과
2025-08-20 16:13:05,726 - INFO - ============================================================
2025-08-20 16:13:05,726 - INFO - 시간: 2025-08-20 16:13:05
2025-08-20 16:13:05,726 - INFO - 자산: ALKIMI
2025-08-20 16:13:05,726 - INFO - 현재 가격: $0.1373
2025-08-20 16:13:05,726 - INFO - 이전 가격: $0.1371
2025-08-20 16:13:05,726 - INFO - 가격 변화: 0.10%
2025-08-20 16:13:05,726 - INFO - ============================================================
2025-08-20 16:13:07,045 - INFO - 텔레그램 메시지 전송 성공
2025-08-20 16:13:07,046 - INFO - ✅ 가격 알람 전송 성공: $0.1373
2025-08-20 16:18:07,060 - INFO - 🔄 ALKIMI 가격 모니터링 시작...
2025-08-20 16:18:07,403 - INFO - ============================================================
2025-08-20 16:18:07,403 - INFO - 📊 ALKIMI 가격 모니터링 결과
2025-08-20 16:18:07,403 - INFO - ============================================================
2025-08-20 16:18:07,403 - INFO - 시간: 2025-08-20 16:18:07
2025-08-20 16:18:07,403 - INFO - 자산: ALKIMI
2025-08-20 16:18:07,403 - INFO - 현재 가격: $0.1379
2025-08-20 16:18:07,404 - INFO - 이전 가격: $0.1373
2025-08-20 16:18:07,404 - INFO - 가격 변화: 0.47%
2025-08-20 16:18:07,404 - INFO - ============================================================
2025-08-20 16:18:08,711 - INFO - 텔레그램 메시지 전송 성공
2025-08-20 16:18:08,712 - INFO - ✅ 가격 알람 전송 성공: $0.1379
2025-08-20 16:23:08,724 - INFO - 🔄 ALKIMI 가격 모니터링 시작...
2025-08-20 16:23:09,150 - INFO - ============================================================
2025-08-20 16:23:09,150 - INFO - 📊 ALKIMI 가격 모니터링 결과
2025-08-20 16:23:09,150 - INFO - ============================================================
2025-08-20 16:23:09,150 - INFO - 시간: 2025-08-20 16:23:09
2025-08-20 16:23:09,150 - INFO - 자산: ALKIMI
2025-08-20 16:23:09,150 - INFO - 현재 가격: $0.1437
2025-08-20 16:23:09,150 - INFO - 이전 가격: $0.1379
2025-08-20 16:23:09,150 - INFO - 가격 변화: 4.20%
2025-08-20 16:23:09,150 - INFO - ============================================================
2025-08-20 16:23:10,390 - INFO - 텔레그램 메시지 전송 성공
2025-08-20 16:23:10,391 - INFO - ✅ 가격 알람 전송 성공: $0.1437
2025-08-20 16:28:10,402 - INFO - 🔄 ALKIMI 가격 모니터링 시작...
2025-08-20 16:28:10,749 - INFO - ============================================================
2025-08-20 16:28:10,749 - INFO - 📊 ALKIMI 가격 모니터링 결과
2025-08-20 16:28:10,749 - INFO - ============================================================
2025-08-20 16:28:10,749 - INFO - 시간: 2025-08-20 16:28:10
2025-08-20 16:28:10,749 - INFO - 자산: ALKIMI
2025-08-20 16:28:10,749 - INFO - 현재 가격: $0.1455
2025-08-20 16:28:10,749 - INFO - 이전 가격: $0.1437
2025-08-20 16:28:10,749 - INFO - 가격 변화: 1.27%
2025-08-20 16:28:10,749 - INFO - ============================================================
2025-08-20 16:28:11,947 - INFO - 텔레그램 메시지 전송 성공
2025-08-20 16:28:11,949 - INFO - ✅ 가격 알람 전송 성공: $0.1455
2025-08-20 16:33:12,003 - INFO - 🔄 ALKIMI 가격 모니터링 시작...
2025-08-20 16:33:12,345 - INFO - ============================================================
2025-08-20 16:33:12,345 - INFO - 📊 ALKIMI 가격 모니터링 결과
2025-08-20 16:33:12,345 - INFO - ============================================================
2025-08-20 16:33:12,345 - INFO - 시간: 2025-08-20 16:33:12
2025-08-20 16:33:12,345 - INFO - 자산: ALKIMI
2025-08-20 16:33:12,345 - INFO - 현재 가격: $0.1447
2025-08-20 16:33:12,345 - INFO - 이전 가격: $0.1455
2025-08-20 16:33:12,345 - INFO - 가격 변화: -0.57%
2025-08-20 16:33:12,345 - INFO - ============================================================
2025-08-20 16:33:13,657 - INFO - 텔레그램 메시지 전송 성공
2025-08-20 16:33:13,658 - INFO - ✅ 가격 알람 전송 성공: $0.1447
2025-08-20 16:38:13,672 - INFO - 🔄 ALKIMI 가격 모니터링 시작...
2025-08-20 16:38:14,404 - INFO - ============================================================
2025-08-20 16:38:14,404 - INFO - 📊 ALKIMI 가격 모니터링 결과
2025-08-20 16:38:14,404 - INFO - ============================================================
2025-08-20 16:38:14,404 - INFO - 시간: 2025-08-20 16:38:14
2025-08-20 16:38:14,404 - INFO - 자산: ALKIMI
2025-08-20 16:38:14,404 - INFO - 현재 가격: $0.1436
2025-08-20 16:38:14,405 - INFO - 이전 가격: $0.1447
2025-08-20 16:38:14,405 - INFO - 가격 변화: -0.75%
2025-08-20 16:38:14,405 - INFO - ============================================================
2025-08-20 16:38:15,633 - INFO - 텔레그램 메시지 전송 성공
2025-08-20 16:38:15,634 - INFO - ✅ 가격 알람 전송 성공: $0.1436
2025-08-20 16:43:15,640 - INFO - 🔄 ALKIMI 가격 모니터링 시작...
2025-08-20 16:43:16,339 - INFO - ============================================================
2025-08-20 16:43:16,339 - INFO - 📊 ALKIMI 가격 모니터링 결과
2025-08-20 16:43:16,339 - INFO - ============================================================
2025-08-20 16:43:16,339 - INFO - 시간: 2025-08-20 16:43:16
2025-08-20 16:43:16,339 - INFO - 자산: ALKIMI
2025-08-20 16:43:16,339 - INFO - 현재 가격: $0.1445
2025-08-20 16:43:16,339 - INFO - 이전 가격: $0.1436
2025-08-20 16:43:16,339 - INFO - 가격 변화: 0.58%
2025-08-20 16:43:16,339 - INFO - ============================================================
2025-08-20 16:43:17,645 - INFO - 텔레그램 메시지 전송 성공
2025-08-20 16:43:17,648 - INFO - ✅ 가격 알람 전송 성공: $0.1445
2025-08-20 16:48:17,660 - INFO - 🔄 ALKIMI 가격 모니터링 시작...
2025-08-20 16:48:17,997 - INFO - ============================================================
2025-08-20 16:48:17,997 - INFO - 📊 ALKIMI 가격 모니터링 결과
2025-08-20 16:48:17,997 - INFO - ============================================================
2025-08-20 16:48:17,997 - INFO - 시간: 2025-08-20 16:48:17
2025-08-20 16:48:17,997 - INFO - 자산: ALKIMI
2025-08-20 16:48:17,997 - INFO - 현재 가격: $0.1445
2025-08-20 16:48:17,997 - INFO - 이전 가격: $0.1445
2025-08-20 16:48:17,997 - INFO - 가격 변화: 0.03%
2025-08-20 16:48:17,997 - INFO - ============================================================
2025-08-20 16:48:19,282 - INFO - 텔레그램 메시지 전송 성공
2025-08-20 16:48:19,283 - INFO - ✅ 가격 알람 전송 성공: $0.1445
2025-08-20 16:53:19,318 - INFO - 🔄 ALKIMI 가격 모니터링 시작...
2025-08-20 16:53:19,638 - INFO - ============================================================
2025-08-20 16:53:19,638 - INFO - 📊 ALKIMI 가격 모니터링 결과
2025-08-20 16:53:19,638 - INFO - ============================================================
2025-08-20 16:53:19,638 - INFO - 시간: 2025-08-20 16:53:19
2025-08-20 16:53:19,638 - INFO - 자산: ALKIMI
2025-08-20 16:53:19,638 - INFO - 현재 가격: $0.1446
2025-08-20 16:53:19,638 - INFO - 이전 가격: $0.1445
2025-08-20 16:53:19,638 - INFO - 가격 변화: 0.07%
2025-08-20 16:53:19,638 - INFO - ============================================================
2025-08-20 16:53:20,946 - INFO - 텔레그램 메시지 전송 성공
2025-08-20 16:53:20,947 - INFO - ✅ 가격 알람 전송 성공: $0.1446
2025-08-20 16:58:20,949 - INFO - 🔄 ALKIMI 가격 모니터링 시작...
2025-08-20 16:58:21,644 - INFO - ============================================================
2025-08-20 16:58:21,644 - INFO - 📊 ALKIMI 가격 모니터링 결과
2025-08-20 16:58:21,644 - INFO - ============================================================
2025-08-20 16:58:21,644 - INFO - 시간: 2025-08-20 16:58:21
2025-08-20 16:58:21,644 - INFO - 자산: ALKIMI
2025-08-20 16:58:21,644 - INFO - 현재 가격: $0.1443
2025-08-20 16:58:21,644 - INFO - 이전 가격: $0.1446
2025-08-20 16:58:21,644 - INFO - 가격 변화: -0.19%
2025-08-20 16:58:21,644 - INFO - ============================================================
2025-08-20 16:58:22,852 - INFO - 텔레그램 메시지 전송 성공
2025-08-20 16:58:22,853 - INFO - ✅ 가격 알람 전송 성공: $0.1443
2025-08-20 17:03:22,862 - INFO - 🔄 ALKIMI 가격 모니터링 시작...
2025-08-20 17:03:23,547 - INFO - ============================================================
2025-08-20 17:03:23,547 - INFO - 📊 ALKIMI 가격 모니터링 결과
2025-08-20 17:03:23,548 - INFO - ============================================================
2025-08-20 17:03:23,548 - INFO - 시간: 2025-08-20 17:03:23
2025-08-20 17:03:23,548 - INFO - 자산: ALKIMI
2025-08-20 17:03:23,548 - INFO - 현재 가격: $0.1441
2025-08-20 17:03:23,548 - INFO - 이전 가격: $0.1443
2025-08-20 17:03:23,548 - INFO - 가격 변화: -0.19%
2025-08-20 17:03:23,548 - INFO - ============================================================
2025-08-20 17:03:24,821 - INFO - 텔레그램 메시지 전송 성공
2025-08-20 17:03:24,822 - INFO - ✅ 가격 알람 전송 성공: $0.1441
2025-08-20 17:08:26,950 - INFO - 🔄 ALKIMI 가격 모니터링 시작...
2025-08-20 17:08:27,627 - INFO - ============================================================
2025-08-20 17:08:27,627 - INFO - 📊 ALKIMI 가격 모니터링 결과
2025-08-20 17:08:27,627 - INFO - ============================================================
2025-08-20 17:08:27,627 - INFO - 시간: 2025-08-20 17:08:27
2025-08-20 17:08:27,627 - INFO - 자산: ALKIMI
2025-08-20 17:08:27,627 - INFO - 현재 가격: $0.1445
2025-08-20 17:08:27,627 - INFO - 이전 가격: $0.1441
2025-08-20 17:08:27,627 - INFO - 가격 변화: 0.32%
2025-08-20 17:08:27,627 - INFO - ============================================================
2025-08-20 17:08:28,892 - INFO - 텔레그램 메시지 전송 성공
2025-08-20 17:08:28,893 - INFO - ✅ 가격 알람 전송 성공: $0.1445
2025-08-20 17:13:28,910 - INFO - 🔄 ALKIMI 가격 모니터링 시작...
2025-08-20 17:13:29,244 - INFO - ============================================================
2025-08-20 17:13:29,244 - INFO - 📊 ALKIMI 가격 모니터링 결과
2025-08-20 17:13:29,244 - INFO - ============================================================
2025-08-20 17:13:29,244 - INFO - 시간: 2025-08-20 17:13:29
2025-08-20 17:13:29,244 - INFO - 자산: ALKIMI
2025-08-20 17:13:29,244 - INFO - 현재 가격: $0.1457
2025-08-20 17:13:29,244 - INFO - 이전 가격: $0.1445
2025-08-20 17:13:29,244 - INFO - 가격 변화: 0.84%
2025-08-20 17:13:29,244 - INFO - ============================================================
2025-08-20 17:13:30,491 - INFO - 텔레그램 메시지 전송 성공
2025-08-20 17:13:30,492 - INFO - ✅ 가격 알람 전송 성공: $0.1457
2025-08-20 17:18:30,506 - INFO - 🔄 ALKIMI 가격 모니터링 시작...
2025-08-20 17:18:31,213 - INFO - ============================================================
2025-08-20 17:18:31,213 - INFO - 📊 ALKIMI 가격 모니터링 결과
2025-08-20 17:18:31,213 - INFO - ============================================================
2025-08-20 17:18:31,213 - INFO - 시간: 2025-08-20 17:18:31
2025-08-20 17:18:31,213 - INFO - 자산: ALKIMI
2025-08-20 17:18:31,213 - INFO - 현재 가격: $0.1469
2025-08-20 17:18:31,213 - INFO - 이전 가격: $0.1457
2025-08-20 17:18:31,213 - INFO - 가격 변화: 0.82%
2025-08-20 17:18:31,214 - INFO - ============================================================
2025-08-20 17:18:32,466 - INFO - 텔레그램 메시지 전송 성공
2025-08-20 17:18:32,471 - INFO - ✅ 가격 알람 전송 성공: $0.1469
2025-08-20 17:23:32,504 - INFO - 🔄 ALKIMI 가격 모니터링 시작...
2025-08-20 17:23:33,347 - INFO - ============================================================
2025-08-20 17:23:33,347 - INFO - 📊 ALKIMI 가격 모니터링 결과
2025-08-20 17:23:33,347 - INFO - ============================================================
2025-08-20 17:23:33,348 - INFO - 시간: 2025-08-20 17:23:33
2025-08-20 17:23:33,348 - INFO - 자산: ALKIMI
2025-08-20 17:23:33,348 - INFO - 현재 가격: $0.1467
2025-08-20 17:23:33,348 - INFO - 이전 가격: $0.1469
2025-08-20 17:23:33,348 - INFO - 가격 변화: -0.17%
2025-08-20 17:23:33,348 - INFO - ============================================================
2025-08-20 17:23:34,711 - INFO - 텔레그램 메시지 전송 성공
2025-08-20 17:23:34,711 - INFO - ✅ 가격 알람 전송 성공: $0.1467
2025-08-20 17:28:34,728 - INFO - 🔄 ALKIMI 가격 모니터링 시작...
2025-08-20 17:28:35,064 - INFO - ============================================================
2025-08-20 17:28:35,064 - INFO - 📊 ALKIMI 가격 모니터링 결과
2025-08-20 17:28:35,064 - INFO - ============================================================
2025-08-20 17:28:35,064 - INFO - 시간: 2025-08-20 17:28:35
2025-08-20 17:28:35,064 - INFO - 자산: ALKIMI
2025-08-20 17:28:35,064 - INFO - 현재 가격: $0.1485
2025-08-20 17:28:35,064 - INFO - 이전 가격: $0.1467
2025-08-20 17:28:35,064 - INFO - 가격 변화: 1.21%
2025-08-20 17:28:35,064 - INFO - ============================================================
2025-08-20 17:28:36,257 - INFO - 텔레그램 메시지 전송 성공
2025-08-20 17:28:36,258 - INFO - ✅ 가격 알람 전송 성공: $0.1485
2025-08-20 17:33:36,277 - INFO - 🔄 ALKIMI 가격 모니터링 시작...
2025-08-20 17:33:36,616 - INFO - ============================================================
2025-08-20 17:33:36,616 - INFO - 📊 ALKIMI 가격 모니터링 결과
2025-08-20 17:33:36,616 - INFO - ============================================================
2025-08-20 17:33:36,616 - INFO - 시간: 2025-08-20 17:33:36
2025-08-20 17:33:36,616 - INFO - 자산: ALKIMI
2025-08-20 17:33:36,616 - INFO - 현재 가격: $0.1489
2025-08-20 17:33:36,616 - INFO - 이전 가격: $0.1485
2025-08-20 17:33:36,616 - INFO - 가격 변화: 0.26%
2025-08-20 17:33:36,616 - INFO - ============================================================
2025-08-20 17:33:37,979 - INFO - 텔레그램 메시지 전송 성공
2025-08-20 17:33:37,980 - INFO - ✅ 가격 알람 전송 성공: $0.1489
2025-08-20 17:38:37,983 - INFO - 🔄 ALKIMI 가격 모니터링 시작...
2025-08-20 17:38:38,716 - INFO - ============================================================
2025-08-20 17:38:38,716 - INFO - 📊 ALKIMI 가격 모니터링 결과
2025-08-20 17:38:38,716 - INFO - ============================================================
2025-08-20 17:38:38,716 - INFO - 시간: 2025-08-20 17:38:38
2025-08-20 17:38:38,716 - INFO - 자산: ALKIMI
2025-08-20 17:38:38,716 - INFO - 현재 가격: $0.1488
2025-08-20 17:38:38,716 - INFO - 이전 가격: $0.1489
2025-08-20 17:38:38,716 - INFO - 가격 변화: -0.04%
2025-08-20 17:38:38,716 - INFO - ============================================================
2025-08-20 17:38:39,989 - INFO - 텔레그램 메시지 전송 성공
2025-08-20 17:38:39,990 - INFO - ✅ 가격 알람 전송 성공: $0.1488
2025-08-20 17:43:40,004 - INFO - 🔄 ALKIMI 가격 모니터링 시작...
2025-08-20 17:43:40,370 - INFO - ============================================================
2025-08-20 17:43:40,370 - INFO - 📊 ALKIMI 가격 모니터링 결과
2025-08-20 17:43:40,370 - INFO - ============================================================
2025-08-20 17:43:40,370 - INFO - 시간: 2025-08-20 17:43:40
2025-08-20 17:43:40,370 - INFO - 자산: ALKIMI
2025-08-20 17:43:40,370 - INFO - 현재 가격: $0.1487
2025-08-20 17:43:40,370 - INFO - 이전 가격: $0.1488
2025-08-20 17:43:40,370 - INFO - 가격 변화: -0.07%
2025-08-20 17:43:40,370 - INFO - ============================================================
2025-08-20 17:43:41,683 - INFO - 텔레그램 메시지 전송 성공
2025-08-20 17:43:41,684 - INFO - ✅ 가격 알람 전송 성공: $0.1487
2025-08-20 17:48:41,701 - INFO - 🔄 ALKIMI 가격 모니터링 시작...
2025-08-20 17:48:42,079 - INFO - ============================================================
2025-08-20 17:48:42,079 - INFO - 📊 ALKIMI 가격 모니터링 결과
2025-08-20 17:48:42,079 - INFO - ============================================================
2025-08-20 17:48:42,079 - INFO - 시간: 2025-08-20 17:48:42
2025-08-20 17:48:42,079 - INFO - 자산: ALKIMI
2025-08-20 17:48:42,079 - INFO - 현재 가격: $0.1490
2025-08-20 17:48:42,080 - INFO - 이전 가격: $0.1487
2025-08-20 17:48:42,080 - INFO - 가격 변화: 0.22%
2025-08-20 17:48:42,080 - INFO - ============================================================
2025-08-20 17:48:43,298 - INFO - 텔레그램 메시지 전송 성공
2025-08-20 17:48:43,299 - INFO - ✅ 가격 알람 전송 성공: $0.1490
