2025-08-26 09:54:11,458 - INFO - 스케줄러 초기화 완료
2025-08-26 09:54:11,458 - INFO - 스크립트 디렉토리: /Users/chasanghun/practice/suilend_alert
2025-08-26 09:54:11,458 - INFO - 모니터 스크립트: /Users/chasanghun/practice/suilend_alert/rootdata_hot_index_monitor.py
2025-08-26 09:54:11,458 - INFO - Python 경로: /Library/Developer/CommandLineTools/usr/bin/python3
2025-08-26 09:54:11,458 - INFO - 🚀 Rootdata Hot Index 정확한 정각 실행 스케줄러 시작
2025-08-26 09:54:11,458 - INFO - 현재 시간: 2025-08-26 09:54:11
2025-08-26 09:54:11,458 - INFO - 다음 실행 시간: 2025-08-26 10:00:00
2025-08-26 09:54:11,458 - INFO - 대기 시간: 348.5초
2025-08-26 10:00:00,019 - INFO - ✅ 스케줄러 설정 완료. 매시간 정각에 실행됩니다.
2025-08-26 10:00:00,020 - INFO - ==================================================
2025-08-26 10:00:00,020 - INFO - 정각 실행 시작: 2025-08-26 10:00:00
2025-08-26 10:00:00,020 - INFO - ==================================================
2025-08-26 10:00:00,623 - INFO - ✅ 모니터 스크립트 실행 성공
2025-08-26 10:00:00,623 - INFO - ==================================================
2025-08-26 11:00:00,806 - INFO - ==================================================
2025-08-26 11:00:00,813 - INFO - 정각 실행 시작: 2025-08-26 11:00:00
2025-08-26 11:00:00,814 - INFO - ==================================================
2025-08-26 11:00:01,467 - INFO - ✅ 모니터 스크립트 실행 성공
2025-08-26 11:00:01,467 - INFO - ==================================================
2025-08-26 11:01:01,477 - INFO - ==================================================
2025-08-26 11:01:01,478 - INFO - 정각 실행 시작: 2025-08-26 11:01:01
2025-08-26 11:01:01,478 - INFO - ==================================================
2025-08-26 11:01:01,713 - INFO - ✅ 모니터 스크립트 실행 성공
2025-08-26 11:01:01,713 - INFO - ==================================================
2025-08-26 12:00:00,785 - INFO - ==================================================
2025-08-26 12:00:00,792 - INFO - 정각 실행 시작: 2025-08-26 12:00:00
2025-08-26 12:00:00,792 - INFO - ==================================================
2025-08-26 12:00:01,371 - INFO - ✅ 모니터 스크립트 실행 성공
2025-08-26 12:00:01,371 - INFO - ==================================================
2025-08-26 12:01:01,380 - INFO - ==================================================
2025-08-26 12:01:01,381 - INFO - 정각 실행 시작: 2025-08-26 12:01:01
2025-08-26 12:01:01,381 - INFO - ==================================================
2025-08-26 12:01:01,661 - INFO - ✅ 모니터 스크립트 실행 성공
2025-08-26 12:01:01,662 - INFO - ==================================================
2025-08-26 13:00:00,734 - INFO - ==================================================
2025-08-26 13:00:00,743 - INFO - 정각 실행 시작: 2025-08-26 13:00:00
2025-08-26 13:00:00,744 - INFO - ==================================================
2025-08-26 13:00:01,344 - INFO - ✅ 모니터 스크립트 실행 성공
2025-08-26 13:00:01,345 - INFO - ==================================================
2025-08-26 13:01:01,351 - INFO - ==================================================
2025-08-26 13:01:01,352 - INFO - 정각 실행 시작: 2025-08-26 13:01:01
2025-08-26 13:01:01,352 - INFO - ==================================================
2025-08-26 13:01:01,553 - INFO - ✅ 모니터 스크립트 실행 성공
2025-08-26 13:01:01,553 - INFO - ==================================================
