2025-08-20 13:40:03,370 - INFO - 알림 시스템 초기화 완료:
2025-08-20 13:40:03,370 - INFO -   - 텔레그램: 비활성화
2025-08-20 13:40:03,370 - INFO -   - Discord: 비활성화
2025-08-20 13:40:03,370 - INFO -   - Slack: 비활성화
2025-08-20 13:40:03,370 - INFO -   - 소리: 활성화
2025-08-20 13:40:03,370 - INFO -   - 데스크톱: 활성화
2025-08-20 13:40:03,370 - INFO - LTV 임계값 설정:
2025-08-20 13:40:03,370 - INFO -   - 경고: 80.0%
2025-08-20 13:40:03,370 - INFO -   - 위험: 90.0%
2025-08-20 13:40:03,370 - INFO -   - 청산: 95.0%
2025-08-20 13:40:03,370 - INFO - 🔄 LTV 모니터링 시작...
2025-08-20 13:40:03,370 - INFO - 지갑 LTV 정보 조회 중...
2025-08-20 13:40:03,375 - ERROR - 포지션 조회 중 오류: HTTPSConnectionPool(host='api.suilend.com', port=443): Max retries exceeded with url: /v1/wallet/0x5a1051f618466d097272d1cc961f24ded3ebcc6e98384b5d06cadfd960ca58be/positions (Caused by NameResolutionError("<urllib3.connection.HTTPSConnection object at 0x103b9af40>: Failed to resolve 'api.suilend.com' ([Errno 8] nodename nor servname provided, or not known)"))
2025-08-20 13:40:03,375 - INFO - LTV 정보 조회 성공: 50.00%
2025-08-20 13:40:03,375 - INFO - ============================================================
2025-08-20 13:40:03,375 - INFO - 📊 LTV 모니터링 결과
2025-08-20 13:40:03,375 - INFO - ============================================================
2025-08-20 13:40:03,375 - INFO - 지갑: 0x5a1051f618466d097272d1cc961f24ded3ebcc6e98384b5d06cadfd960ca58be
2025-08-20 13:40:03,375 - INFO - 시간: 2025-08-20 13:40:03
2025-08-20 13:40:03,375 - INFO - 총 담보: $2,000.00
2025-08-20 13:40:03,375 - INFO - 총 대출: $1,000.00
2025-08-20 13:40:03,375 - INFO - 전체 LTV: 50.00%
2025-08-20 13:40:03,375 - INFO - 헬스 팩터: 1.50
2025-08-20 13:40:03,375 - INFO - 상태: SAFE
2025-08-20 13:40:03,375 - INFO - 포지션 수: 1
2025-08-20 13:40:03,375 - INFO -   포지션 1: SUI
2025-08-20 13:40:03,375 - INFO -     - 담보: $2,000.00
2025-08-20 13:40:03,375 - INFO -     - 대출: $1,000.00
2025-08-20 13:40:03,375 - INFO -     - LTV: 50.00%
2025-08-20 13:40:03,375 - INFO -     - 청산 임계값: 95.00%
2025-08-20 13:40:03,375 - INFO -     - 헬스 팩터: 1.50
2025-08-20 13:40:03,375 - INFO - ============================================================
2025-08-20 13:40:03,375 - INFO - 알림 전송 조건을 만족하지 않습니다.
2025-08-20 13:45:07,974 - INFO - 알림 시스템 초기화 완료:
2025-08-20 13:45:07,974 - INFO -   - 텔레그램: 활성화
2025-08-20 13:45:07,974 - INFO -   - Discord: 비활성화
2025-08-20 13:45:07,975 - INFO -   - Slack: 비활성화
2025-08-20 13:45:07,975 - INFO -   - 소리: 활성화
2025-08-20 13:45:07,975 - INFO -   - 데스크톱: 활성화
2025-08-20 13:45:07,975 - INFO - LTV 임계값 설정:
2025-08-20 13:45:07,975 - INFO -   - 경고: 80.0%
2025-08-20 13:45:07,975 - INFO -   - 위험: 90.0%
2025-08-20 13:45:07,975 - INFO -   - 청산: 95.0%
2025-08-20 13:45:07,975 - INFO - 🔄 LTV 모니터링 시작...
2025-08-20 13:45:07,975 - INFO - 지갑 LTV 정보 조회 중...
2025-08-20 13:45:07,977 - ERROR - 포지션 조회 중 오류: HTTPSConnectionPool(host='api.suilend.com', port=443): Max retries exceeded with url: /v1/wallet/0x5a1051f618466d097272d1cc961f24ded3ebcc6e98384b5d06cadfd960ca58be/positions (Caused by NameResolutionError("<urllib3.connection.HTTPSConnection object at 0x104b66160>: Failed to resolve 'api.suilend.com' ([Errno 8] nodename nor servname provided, or not known)"))
2025-08-20 13:45:07,977 - INFO - LTV 정보 조회 성공: 50.00%
2025-08-20 13:45:07,977 - INFO - ============================================================
2025-08-20 13:45:07,977 - INFO - 📊 LTV 모니터링 결과
2025-08-20 13:45:07,977 - INFO - ============================================================
2025-08-20 13:45:07,977 - INFO - 지갑: 0x5a1051f618466d097272d1cc961f24ded3ebcc6e98384b5d06cadfd960ca58be
2025-08-20 13:45:07,977 - INFO - 시간: 2025-08-20 13:45:07
2025-08-20 13:45:07,977 - INFO - 총 담보: $2,000.00
2025-08-20 13:45:07,977 - INFO - 총 대출: $1,000.00
2025-08-20 13:45:07,977 - INFO - 전체 LTV: 50.00%
2025-08-20 13:45:07,977 - INFO - 헬스 팩터: 1.50
2025-08-20 13:45:07,977 - INFO - 상태: SAFE
2025-08-20 13:45:07,977 - INFO - 포지션 수: 1
2025-08-20 13:45:07,977 - INFO -   포지션 1: SUI
2025-08-20 13:45:07,977 - INFO -     - 담보: $2,000.00
2025-08-20 13:45:07,977 - INFO -     - 대출: $1,000.00
2025-08-20 13:45:07,977 - INFO -     - LTV: 50.00%
2025-08-20 13:45:07,977 - INFO -     - 청산 임계값: 95.00%
2025-08-20 13:45:07,977 - INFO -     - 헬스 팩터: 1.50
2025-08-20 13:45:07,977 - INFO - ============================================================
2025-08-20 13:45:07,977 - INFO - 알림 전송 조건을 만족하지 않습니다.
2025-08-20 13:45:10,596 - INFO - 알림 시스템 초기화 완료:
2025-08-20 13:45:10,596 - INFO -   - 텔레그램: 활성화
2025-08-20 13:45:10,596 - INFO -   - Discord: 비활성화
2025-08-20 13:45:10,596 - INFO -   - Slack: 비활성화
2025-08-20 13:45:10,596 - INFO -   - 소리: 활성화
2025-08-20 13:45:10,596 - INFO -   - 데스크톱: 활성화
2025-08-20 13:45:10,596 - INFO - LTV 임계값 설정:
2025-08-20 13:45:10,596 - INFO -   - 경고: 80.0%
2025-08-20 13:45:10,596 - INFO -   - 위험: 90.0%
2025-08-20 13:45:10,596 - INFO -   - 청산: 95.0%
2025-08-20 13:45:10,596 - INFO - 🚀 Suilend LTV 모니터링 시작
2025-08-20 13:45:10,596 - INFO - 📍 모니터링 지갑: 0x5a1051f618466d097272d1cc961f24ded3ebcc6e98384b5d06cadfd960ca58be
2025-08-20 13:45:10,596 - INFO - ⏰ 모니터링 간격: 5분
2025-08-20 13:45:10,596 - INFO - ============================================================
2025-08-20 13:45:10,596 - INFO - 🔄 LTV 모니터링 시작...
2025-08-20 13:45:10,596 - INFO - 지갑 LTV 정보 조회 중...
2025-08-20 13:45:10,603 - ERROR - 포지션 조회 중 오류: HTTPSConnectionPool(host='api.suilend.com', port=443): Max retries exceeded with url: /v1/wallet/0x5a1051f618466d097272d1cc961f24ded3ebcc6e98384b5d06cadfd960ca58be/positions (Caused by NameResolutionError("<urllib3.connection.HTTPSConnection object at 0x10367b5e0>: Failed to resolve 'api.suilend.com' ([Errno 8] nodename nor servname provided, or not known)"))
2025-08-20 13:45:10,603 - INFO - LTV 정보 조회 성공: 50.00%
2025-08-20 13:45:10,603 - INFO - ============================================================
2025-08-20 13:45:10,603 - INFO - 📊 LTV 모니터링 결과
2025-08-20 13:45:10,603 - INFO - ============================================================
2025-08-20 13:45:10,603 - INFO - 지갑: 0x5a1051f618466d097272d1cc961f24ded3ebcc6e98384b5d06cadfd960ca58be
2025-08-20 13:45:10,603 - INFO - 시간: 2025-08-20 13:45:10
2025-08-20 13:45:10,603 - INFO - 총 담보: $2,000.00
2025-08-20 13:45:10,603 - INFO - 총 대출: $1,000.00
2025-08-20 13:45:10,603 - INFO - 전체 LTV: 50.00%
2025-08-20 13:45:10,603 - INFO - 헬스 팩터: 1.50
2025-08-20 13:45:10,603 - INFO - 상태: SAFE
2025-08-20 13:45:10,603 - INFO - 포지션 수: 1
2025-08-20 13:45:10,603 - INFO -   포지션 1: SUI
2025-08-20 13:45:10,603 - INFO -     - 담보: $2,000.00
2025-08-20 13:45:10,603 - INFO -     - 대출: $1,000.00
2025-08-20 13:45:10,603 - INFO -     - LTV: 50.00%
2025-08-20 13:45:10,603 - INFO -     - 청산 임계값: 95.00%
2025-08-20 13:45:10,603 - INFO -     - 헬스 팩터: 1.50
2025-08-20 13:45:10,603 - INFO - ============================================================
2025-08-20 13:45:10,603 - INFO - 알림 전송 조건을 만족하지 않습니다.
2025-08-20 13:48:28,499 - INFO - ⏹️  모니터링 중단됨
2025-08-20 13:52:15,908 - INFO - 알림 시스템 초기화 완료:
2025-08-20 13:52:15,909 - INFO -   - 텔레그램: 활성화
2025-08-20 13:52:15,909 - INFO -   - Discord: 비활성화
2025-08-20 13:52:15,909 - INFO -   - Slack: 비활성화
2025-08-20 13:52:15,909 - INFO -   - 소리: 활성화
2025-08-20 13:52:15,909 - INFO -   - 데스크톱: 활성화
2025-08-20 13:52:15,909 - INFO - LTV 임계값 설정:
2025-08-20 13:52:15,909 - INFO -   - 경고: 80.0%
2025-08-20 13:52:15,909 - INFO -   - 위험: 90.0%
2025-08-20 13:52:15,909 - INFO -   - 청산: 95.0%
2025-08-20 13:52:15,909 - INFO - 🔄 LTV 모니터링 시작...
2025-08-20 13:52:15,909 - INFO - 지갑 LTV 정보 조회 중...
2025-08-20 13:52:15,912 - ERROR - 포지션 조회 중 오류: HTTPSConnectionPool(host='api.suilend.com', port=443): Max retries exceeded with url: /v1/wallet/0x5a1051f618466d097272d1cc961f24ded3ebcc6e98384b5d06cadfd960ca58be/positions (Caused by NameResolutionError("<urllib3.connection.HTTPSConnection object at 0x105f4e160>: Failed to resolve 'api.suilend.com' ([Errno 8] nodename nor servname provided, or not known)"))
2025-08-20 13:52:15,912 - INFO - LTV 정보 조회 성공: 50.00%
2025-08-20 13:52:15,912 - INFO - ============================================================
2025-08-20 13:52:15,912 - INFO - 📊 LTV 모니터링 결과
2025-08-20 13:52:15,912 - INFO - ============================================================
2025-08-20 13:52:15,912 - INFO - 지갑: 0x5a1051f618466d097272d1cc961f24ded3ebcc6e98384b5d06cadfd960ca58be
2025-08-20 13:52:15,912 - INFO - 시간: 2025-08-20 13:52:15
2025-08-20 13:52:15,912 - INFO - 총 담보: $2,000.00
2025-08-20 13:52:15,912 - INFO - 총 대출: $1,000.00
2025-08-20 13:52:15,912 - INFO - 전체 LTV: 50.00%
2025-08-20 13:52:15,912 - INFO - 헬스 팩터: 1.50
2025-08-20 13:52:15,912 - INFO - 상태: SAFE
2025-08-20 13:52:15,912 - INFO - 포지션 수: 1
2025-08-20 13:52:15,912 - INFO -   포지션 1: SUI
2025-08-20 13:52:15,912 - INFO -     - 담보: $2,000.00
2025-08-20 13:52:15,912 - INFO -     - 대출: $1,000.00
2025-08-20 13:52:15,912 - INFO -     - LTV: 50.00%
2025-08-20 13:52:15,912 - INFO -     - 청산 임계값: 95.00%
2025-08-20 13:52:15,912 - INFO -     - 헬스 팩터: 1.50
2025-08-20 13:52:15,912 - INFO - ============================================================
2025-08-20 13:52:15,912 - INFO - 알림 전송 조건을 만족하지 않습니다.
2025-08-20 13:52:36,087 - INFO - 알림 시스템 초기화 완료:
2025-08-20 13:52:36,088 - INFO -   - 텔레그램: 활성화
2025-08-20 13:52:36,088 - INFO -   - Discord: 비활성화
2025-08-20 13:52:36,088 - INFO -   - Slack: 비활성화
2025-08-20 13:52:36,088 - INFO -   - 소리: 활성화
2025-08-20 13:52:36,088 - INFO -   - 데스크톱: 활성화
2025-08-20 13:52:36,088 - INFO - LTV 임계값 설정:
2025-08-20 13:52:36,088 - INFO -   - 경고: 80.0%
2025-08-20 13:52:36,088 - INFO -   - 위험: 90.0%
2025-08-20 13:52:36,088 - INFO -   - 청산: 95.0%
2025-08-20 13:52:36,088 - INFO - 🚀 Suilend LTV 모니터링 시작
2025-08-20 13:52:36,088 - INFO - 📍 모니터링 지갑: 0x5a1051f618466d097272d1cc961f24ded3ebcc6e98384b5d06cadfd960ca58be
2025-08-20 13:52:36,088 - INFO - ⏰ 모니터링 간격: 5분
2025-08-20 13:52:36,088 - INFO - ============================================================
2025-08-20 13:52:36,088 - INFO - 🔄 LTV 모니터링 시작...
2025-08-20 13:52:36,088 - INFO - 지갑 LTV 정보 조회 중...
2025-08-20 13:52:36,099 - ERROR - 포지션 조회 중 오류: HTTPSConnectionPool(host='api.suilend.com', port=443): Max retries exceeded with url: /v1/wallet/0x5a1051f618466d097272d1cc961f24ded3ebcc6e98384b5d06cadfd960ca58be/positions (Caused by NameResolutionError("<urllib3.connection.HTTPSConnection object at 0x101a0b5e0>: Failed to resolve 'api.suilend.com' ([Errno 8] nodename nor servname provided, or not known)"))
2025-08-20 13:52:36,100 - INFO - LTV 정보 조회 성공: 50.00%
2025-08-20 13:52:36,100 - INFO - ============================================================
2025-08-20 13:52:36,100 - INFO - 📊 LTV 모니터링 결과
2025-08-20 13:52:36,100 - INFO - ============================================================
2025-08-20 13:52:36,100 - INFO - 지갑: 0x5a1051f618466d097272d1cc961f24ded3ebcc6e98384b5d06cadfd960ca58be
2025-08-20 13:52:36,100 - INFO - 시간: 2025-08-20 13:52:36
2025-08-20 13:52:36,100 - INFO - 총 담보: $2,000.00
2025-08-20 13:52:36,100 - INFO - 총 대출: $1,000.00
2025-08-20 13:52:36,101 - INFO - 전체 LTV: 50.00%
2025-08-20 13:52:36,101 - INFO - 헬스 팩터: 1.50
2025-08-20 13:52:36,101 - INFO - 상태: SAFE
2025-08-20 13:52:36,101 - INFO - 포지션 수: 1
2025-08-20 13:52:36,101 - INFO -   포지션 1: SUI
2025-08-20 13:52:36,101 - INFO -     - 담보: $2,000.00
2025-08-20 13:52:36,101 - INFO -     - 대출: $1,000.00
2025-08-20 13:52:36,101 - INFO -     - LTV: 50.00%
2025-08-20 13:52:36,101 - INFO -     - 청산 임계값: 95.00%
2025-08-20 13:52:36,101 - INFO -     - 헬스 팩터: 1.50
2025-08-20 13:52:36,101 - INFO - ============================================================
2025-08-20 13:52:36,101 - INFO - 알림 전송 조건을 만족하지 않습니다.
2025-08-20 13:54:39,912 - INFO - ⏹️  모니터링 중단됨
2025-08-20 14:01:27,194 - INFO - 알림 시스템 초기화 완료:
2025-08-20 14:01:27,195 - INFO -   - 텔레그램: 활성화
2025-08-20 14:01:27,195 - INFO -   - Discord: 비활성화
2025-08-20 14:01:27,195 - INFO -   - Slack: 비활성화
2025-08-20 14:01:27,195 - INFO -   - 소리: 활성화
2025-08-20 14:01:27,196 - INFO -   - 데스크톱: 활성화
2025-08-20 14:01:27,196 - INFO - LTV 임계값 설정:
2025-08-20 14:01:27,196 - INFO -   - 경고: 80.0%
2025-08-20 14:01:27,196 - INFO -   - 위험: 90.0%
2025-08-20 14:01:27,196 - INFO -   - 청산: 95.0%
2025-08-20 14:01:27,196 - INFO - 🚀 Suilend LTV 모니터링 시작
2025-08-20 14:01:27,196 - INFO - 📍 모니터링 지갑: 0x5a1051f618466d097272d1cc961f24ded3ebcc6e98384b5d06cadfd960ca58be
2025-08-20 14:01:27,196 - INFO - ⏰ 모니터링 간격: 5분
2025-08-20 14:01:27,196 - INFO - ============================================================
2025-08-20 14:01:27,196 - INFO - 🔄 LTV 모니터링 시작...
2025-08-20 14:01:27,196 - INFO - 지갑 LTV 정보 조회 중...
2025-08-20 14:01:46,464 - ERROR - 포지션 조회 중 오류: HTTPSConnectionPool(host='api.suilend.com', port=443): Max retries exceeded with url: /v1/wallet/0x5a1051f618466d097272d1cc961f24ded3ebcc6e98384b5d06cadfd960ca58be/positions (Caused by NameResolutionError("<urllib3.connection.HTTPSConnection object at 0x1036375e0>: Failed to resolve 'api.suilend.com' ([Errno 8] nodename nor servname provided, or not known)"))
2025-08-20 14:01:46,466 - INFO - LTV 정보 조회 성공: 50.00%
2025-08-20 14:01:46,466 - INFO - ============================================================
2025-08-20 14:01:46,466 - INFO - 📊 LTV 모니터링 결과
2025-08-20 14:01:46,466 - INFO - ============================================================
2025-08-20 14:01:46,466 - INFO - 지갑: 0x5a1051f618466d097272d1cc961f24ded3ebcc6e98384b5d06cadfd960ca58be
2025-08-20 14:01:46,466 - INFO - 시간: 2025-08-20 14:01:46
2025-08-20 14:01:46,466 - INFO - 총 담보: $2,000.00
2025-08-20 14:01:46,466 - INFO - 총 대출: $1,000.00
2025-08-20 14:01:46,466 - INFO - 전체 LTV: 50.00%
2025-08-20 14:01:46,466 - INFO - 헬스 팩터: 1.50
2025-08-20 14:01:46,466 - INFO - 상태: SAFE
2025-08-20 14:01:46,466 - INFO - 포지션 수: 1
2025-08-20 14:01:46,466 - INFO -   포지션 1: SUI
2025-08-20 14:01:46,466 - INFO -     - 담보: $2,000.00
2025-08-20 14:01:46,466 - INFO -     - 대출: $1,000.00
2025-08-20 14:01:46,466 - INFO -     - LTV: 50.00%
2025-08-20 14:01:46,467 - INFO -     - 청산 임계값: 95.00%
2025-08-20 14:01:46,467 - INFO -     - 헬스 팩터: 1.50
2025-08-20 14:01:46,467 - INFO - ============================================================
2025-08-20 14:01:46,467 - INFO - 알림 전송 조건을 만족하지 않습니다.
2025-08-20 14:06:46,659 - INFO - 🔄 LTV 모니터링 시작...
2025-08-20 14:06:46,669 - INFO - 지갑 LTV 정보 조회 중...
2025-08-20 14:06:56,699 - ERROR - 포지션 조회 중 오류: HTTPSConnectionPool(host='api.suilend.com', port=443): Max retries exceeded with url: /v1/wallet/0x5a1051f618466d097272d1cc961f24ded3ebcc6e98384b5d06cadfd960ca58be/positions (Caused by NameResolutionError("<urllib3.connection.HTTPSConnection object at 0x103698250>: Failed to resolve 'api.suilend.com' ([Errno 8] nodename nor servname provided, or not known)"))
2025-08-20 14:06:56,702 - INFO - LTV 정보 조회 성공: 50.00%
2025-08-20 14:06:56,702 - INFO - ============================================================
2025-08-20 14:06:56,703 - INFO - 📊 LTV 모니터링 결과
2025-08-20 14:06:56,703 - INFO - ============================================================
2025-08-20 14:06:56,703 - INFO - 지갑: 0x5a1051f618466d097272d1cc961f24ded3ebcc6e98384b5d06cadfd960ca58be
2025-08-20 14:06:56,704 - INFO - 시간: 2025-08-20 14:06:56
2025-08-20 14:06:56,704 - INFO - 총 담보: $2,000.00
2025-08-20 14:06:56,704 - INFO - 총 대출: $1,000.00
2025-08-20 14:06:56,704 - INFO - 전체 LTV: 50.00%
2025-08-20 14:06:56,704 - INFO - 헬스 팩터: 1.50
2025-08-20 14:06:56,704 - INFO - 상태: SAFE
2025-08-20 14:06:56,704 - INFO - 포지션 수: 1
2025-08-20 14:06:56,704 - INFO -   포지션 1: SUI
2025-08-20 14:06:56,704 - INFO -     - 담보: $2,000.00
2025-08-20 14:06:56,704 - INFO -     - 대출: $1,000.00
2025-08-20 14:06:56,704 - INFO -     - LTV: 50.00%
2025-08-20 14:06:56,705 - INFO -     - 청산 임계값: 95.00%
2025-08-20 14:06:56,705 - INFO -     - 헬스 팩터: 1.50
2025-08-20 14:06:56,705 - INFO - ============================================================
2025-08-20 14:06:56,705 - INFO - 알림 전송 조건을 만족하지 않습니다.
2025-08-20 14:11:56,884 - INFO - 🔄 LTV 모니터링 시작...
2025-08-20 14:11:56,893 - INFO - 지갑 LTV 정보 조회 중...
2025-08-20 14:12:06,937 - ERROR - 포지션 조회 중 오류: HTTPSConnectionPool(host='api.suilend.com', port=443): Max retries exceeded with url: /v1/wallet/0x5a1051f618466d097272d1cc961f24ded3ebcc6e98384b5d06cadfd960ca58be/positions (Caused by NameResolutionError("<urllib3.connection.HTTPSConnection object at 0x103698cd0>: Failed to resolve 'api.suilend.com' ([Errno 8] nodename nor servname provided, or not known)"))
2025-08-20 14:12:06,938 - INFO - LTV 정보 조회 성공: 50.00%
2025-08-20 14:12:06,938 - INFO - ============================================================
2025-08-20 14:12:06,938 - INFO - 📊 LTV 모니터링 결과
2025-08-20 14:12:06,938 - INFO - ============================================================
2025-08-20 14:12:06,938 - INFO - 지갑: 0x5a1051f618466d097272d1cc961f24ded3ebcc6e98384b5d06cadfd960ca58be
2025-08-20 14:12:06,939 - INFO - 시간: 2025-08-20 14:12:06
2025-08-20 14:12:06,939 - INFO - 총 담보: $2,000.00
2025-08-20 14:12:06,940 - INFO - 총 대출: $1,000.00
2025-08-20 14:12:06,940 - INFO - 전체 LTV: 50.00%
2025-08-20 14:12:06,940 - INFO - 헬스 팩터: 1.50
2025-08-20 14:12:06,940 - INFO - 상태: SAFE
2025-08-20 14:12:06,940 - INFO - 포지션 수: 1
2025-08-20 14:12:06,940 - INFO -   포지션 1: SUI
2025-08-20 14:12:06,940 - INFO -     - 담보: $2,000.00
2025-08-20 14:12:06,940 - INFO -     - 대출: $1,000.00
2025-08-20 14:12:06,940 - INFO -     - LTV: 50.00%
2025-08-20 14:12:06,940 - INFO -     - 청산 임계값: 95.00%
2025-08-20 14:12:06,940 - INFO -     - 헬스 팩터: 1.50
2025-08-20 14:12:06,940 - INFO - ============================================================
2025-08-20 14:12:06,940 - INFO - 알림 전송 조건을 만족하지 않습니다.
2025-08-20 14:17:07,163 - INFO - 🔄 LTV 모니터링 시작...
2025-08-20 14:17:07,176 - INFO - 지갑 LTV 정보 조회 중...
2025-08-20 14:17:17,242 - ERROR - 포지션 조회 중 오류: HTTPSConnectionPool(host='api.suilend.com', port=443): Max retries exceeded with url: /v1/wallet/0x5a1051f618466d097272d1cc961f24ded3ebcc6e98384b5d06cadfd960ca58be/positions (Caused by NameResolutionError("<urllib3.connection.HTTPSConnection object at 0x103698b50>: Failed to resolve 'api.suilend.com' ([Errno 8] nodename nor servname provided, or not known)"))
2025-08-20 14:17:17,244 - INFO - LTV 정보 조회 성공: 50.00%
2025-08-20 14:17:17,244 - INFO - ============================================================
2025-08-20 14:17:17,244 - INFO - 📊 LTV 모니터링 결과
2025-08-20 14:17:17,244 - INFO - ============================================================
2025-08-20 14:17:17,244 - INFO - 지갑: 0x5a1051f618466d097272d1cc961f24ded3ebcc6e98384b5d06cadfd960ca58be
2025-08-20 14:17:17,245 - INFO - 시간: 2025-08-20 14:17:17
2025-08-20 14:17:17,245 - INFO - 총 담보: $2,000.00
2025-08-20 14:17:17,245 - INFO - 총 대출: $1,000.00
2025-08-20 14:17:17,245 - INFO - 전체 LTV: 50.00%
2025-08-20 14:17:17,246 - INFO - 헬스 팩터: 1.50
2025-08-20 14:17:17,246 - INFO - 상태: SAFE
2025-08-20 14:17:17,246 - INFO - 포지션 수: 1
2025-08-20 14:17:17,246 - INFO -   포지션 1: SUI
2025-08-20 14:17:17,246 - INFO -     - 담보: $2,000.00
2025-08-20 14:17:17,246 - INFO -     - 대출: $1,000.00
2025-08-20 14:17:17,246 - INFO -     - LTV: 50.00%
2025-08-20 14:17:17,246 - INFO -     - 청산 임계값: 95.00%
2025-08-20 14:17:17,246 - INFO -     - 헬스 팩터: 1.50
2025-08-20 14:17:17,246 - INFO - ============================================================
2025-08-20 14:17:17,246 - INFO - 알림 전송 조건을 만족하지 않습니다.
2025-08-20 14:22:17,392 - INFO - 🔄 LTV 모니터링 시작...
2025-08-20 14:22:17,400 - INFO - 지갑 LTV 정보 조회 중...
2025-08-20 14:22:32,478 - ERROR - 포지션 조회 중 오류: HTTPSConnectionPool(host='api.suilend.com', port=443): Max retries exceeded with url: /v1/wallet/0x5a1051f618466d097272d1cc961f24ded3ebcc6e98384b5d06cadfd960ca58be/positions (Caused by NameResolutionError("<urllib3.connection.HTTPSConnection object at 0x103604d90>: Failed to resolve 'api.suilend.com' ([Errno 8] nodename nor servname provided, or not known)"))
2025-08-20 14:22:32,479 - INFO - LTV 정보 조회 성공: 50.00%
2025-08-20 14:22:32,479 - INFO - ============================================================
2025-08-20 14:22:32,479 - INFO - 📊 LTV 모니터링 결과
2025-08-20 14:22:32,479 - INFO - ============================================================
2025-08-20 14:22:32,479 - INFO - 지갑: 0x5a1051f618466d097272d1cc961f24ded3ebcc6e98384b5d06cadfd960ca58be
2025-08-20 14:22:32,480 - INFO - 시간: 2025-08-20 14:22:32
2025-08-20 14:22:32,480 - INFO - 총 담보: $2,000.00
2025-08-20 14:22:32,480 - INFO - 총 대출: $1,000.00
2025-08-20 14:22:32,480 - INFO - 전체 LTV: 50.00%
2025-08-20 14:22:32,480 - INFO - 헬스 팩터: 1.50
2025-08-20 14:22:32,480 - INFO - 상태: SAFE
2025-08-20 14:22:32,480 - INFO - 포지션 수: 1
2025-08-20 14:22:32,480 - INFO -   포지션 1: SUI
2025-08-20 14:22:32,480 - INFO -     - 담보: $2,000.00
2025-08-20 14:22:32,480 - INFO -     - 대출: $1,000.00
2025-08-20 14:22:32,480 - INFO -     - LTV: 50.00%
2025-08-20 14:22:32,480 - INFO -     - 청산 임계값: 95.00%
2025-08-20 14:22:32,480 - INFO -     - 헬스 팩터: 1.50
2025-08-20 14:22:32,480 - INFO - ============================================================
2025-08-20 14:22:32,480 - INFO - 알림 전송 조건을 만족하지 않습니다.
2025-08-20 14:27:32,949 - INFO - 🔄 LTV 모니터링 시작...
2025-08-20 14:27:32,956 - INFO - 지갑 LTV 정보 조회 중...
2025-08-20 14:27:42,989 - ERROR - 포지션 조회 중 오류: HTTPSConnectionPool(host='api.suilend.com', port=443): Max retries exceeded with url: /v1/wallet/0x5a1051f618466d097272d1cc961f24ded3ebcc6e98384b5d06cadfd960ca58be/positions (Caused by NameResolutionError("<urllib3.connection.HTTPSConnection object at 0x1036375b0>: Failed to resolve 'api.suilend.com' ([Errno 8] nodename nor servname provided, or not known)"))
2025-08-20 14:27:42,993 - INFO - LTV 정보 조회 성공: 50.00%
2025-08-20 14:27:42,996 - INFO - ============================================================
2025-08-20 14:27:42,997 - INFO - 📊 LTV 모니터링 결과
2025-08-20 14:27:42,997 - INFO - ============================================================
2025-08-20 14:27:42,998 - INFO - 지갑: 0x5a1051f618466d097272d1cc961f24ded3ebcc6e98384b5d06cadfd960ca58be
2025-08-20 14:27:43,000 - INFO - 시간: 2025-08-20 14:27:42
2025-08-20 14:27:43,001 - INFO - 총 담보: $2,000.00
2025-08-20 14:27:43,002 - INFO - 총 대출: $1,000.00
2025-08-20 14:27:43,002 - INFO - 전체 LTV: 50.00%
2025-08-20 14:27:43,002 - INFO - 헬스 팩터: 1.50
2025-08-20 14:27:43,002 - INFO - 상태: SAFE
2025-08-20 14:27:43,002 - INFO - 포지션 수: 1
2025-08-20 14:27:43,002 - INFO -   포지션 1: SUI
2025-08-20 14:27:43,002 - INFO -     - 담보: $2,000.00
2025-08-20 14:27:43,002 - INFO -     - 대출: $1,000.00
2025-08-20 14:27:43,002 - INFO -     - LTV: 50.00%
2025-08-20 14:27:43,002 - INFO -     - 청산 임계값: 95.00%
2025-08-20 14:27:43,002 - INFO -     - 헬스 팩터: 1.50
2025-08-20 14:27:43,003 - INFO - ============================================================
2025-08-20 14:27:43,003 - INFO - 알림 전송 조건을 만족하지 않습니다.
2025-08-20 14:32:43,327 - INFO - 🔄 LTV 모니터링 시작...
2025-08-20 14:32:43,336 - INFO - 지갑 LTV 정보 조회 중...
2025-08-20 14:32:53,379 - ERROR - 포지션 조회 중 오류: HTTPSConnectionPool(host='api.suilend.com', port=443): Max retries exceeded with url: /v1/wallet/0x5a1051f618466d097272d1cc961f24ded3ebcc6e98384b5d06cadfd960ca58be/positions (Caused by NameResolutionError("<urllib3.connection.HTTPSConnection object at 0x1036a2760>: Failed to resolve 'api.suilend.com' ([Errno 8] nodename nor servname provided, or not known)"))
2025-08-20 14:32:53,380 - INFO - LTV 정보 조회 성공: 50.00%
2025-08-20 14:32:53,381 - INFO - ============================================================
2025-08-20 14:32:53,381 - INFO - 📊 LTV 모니터링 결과
2025-08-20 14:32:53,381 - INFO - ============================================================
2025-08-20 14:32:53,381 - INFO - 지갑: 0x5a1051f618466d097272d1cc961f24ded3ebcc6e98384b5d06cadfd960ca58be
2025-08-20 14:32:53,382 - INFO - 시간: 2025-08-20 14:32:53
2025-08-20 14:32:53,382 - INFO - 총 담보: $2,000.00
2025-08-20 14:32:53,382 - INFO - 총 대출: $1,000.00
2025-08-20 14:32:53,382 - INFO - 전체 LTV: 50.00%
2025-08-20 14:32:53,382 - INFO - 헬스 팩터: 1.50
2025-08-20 14:32:53,382 - INFO - 상태: SAFE
2025-08-20 14:32:53,383 - INFO - 포지션 수: 1
2025-08-20 14:32:53,383 - INFO -   포지션 1: SUI
2025-08-20 14:32:53,383 - INFO -     - 담보: $2,000.00
2025-08-20 14:32:53,383 - INFO -     - 대출: $1,000.00
2025-08-20 14:32:53,383 - INFO -     - LTV: 50.00%
2025-08-20 14:32:53,383 - INFO -     - 청산 임계값: 95.00%
2025-08-20 14:32:53,383 - INFO -     - 헬스 팩터: 1.50
2025-08-20 14:32:53,383 - INFO - ============================================================
2025-08-20 14:32:53,383 - INFO - 알림 전송 조건을 만족하지 않습니다.
2025-08-20 14:37:53,507 - INFO - 🔄 LTV 모니터링 시작...
2025-08-20 14:37:53,515 - INFO - 지갑 LTV 정보 조회 중...
2025-08-20 14:38:03,543 - ERROR - 포지션 조회 중 오류: HTTPSConnectionPool(host='api.suilend.com', port=443): Max retries exceeded with url: /v1/wallet/0x5a1051f618466d097272d1cc961f24ded3ebcc6e98384b5d06cadfd960ca58be/positions (Caused by NameResolutionError("<urllib3.connection.HTTPSConnection object at 0x1036ab1f0>: Failed to resolve 'api.suilend.com' ([Errno 8] nodename nor servname provided, or not known)"))
2025-08-20 14:38:03,544 - INFO - LTV 정보 조회 성공: 50.00%
2025-08-20 14:38:03,544 - INFO - ============================================================
2025-08-20 14:38:03,544 - INFO - 📊 LTV 모니터링 결과
2025-08-20 14:38:03,544 - INFO - ============================================================
2025-08-20 14:38:03,545 - INFO - 지갑: 0x5a1051f618466d097272d1cc961f24ded3ebcc6e98384b5d06cadfd960ca58be
2025-08-20 14:38:03,546 - INFO - 시간: 2025-08-20 14:38:03
2025-08-20 14:38:03,546 - INFO - 총 담보: $2,000.00
2025-08-20 14:38:03,546 - INFO - 총 대출: $1,000.00
2025-08-20 14:38:03,546 - INFO - 전체 LTV: 50.00%
2025-08-20 14:38:03,546 - INFO - 헬스 팩터: 1.50
2025-08-20 14:38:03,546 - INFO - 상태: SAFE
2025-08-20 14:38:03,546 - INFO - 포지션 수: 1
2025-08-20 14:38:03,546 - INFO -   포지션 1: SUI
2025-08-20 14:38:03,546 - INFO -     - 담보: $2,000.00
2025-08-20 14:38:03,546 - INFO -     - 대출: $1,000.00
2025-08-20 14:38:03,547 - INFO -     - LTV: 50.00%
2025-08-20 14:38:03,547 - INFO -     - 청산 임계값: 95.00%
2025-08-20 14:38:03,547 - INFO -     - 헬스 팩터: 1.50
2025-08-20 14:38:03,547 - INFO - ============================================================
2025-08-20 14:38:03,547 - INFO - 알림 전송 조건을 만족하지 않습니다.
2025-08-20 14:38:23,767 - INFO - ⏹️  모니터링 중단됨
