2025-08-27 11:56:33,822 - INFO - 데이터베이스 초기화 완료
2025-08-27 11:56:33,823 - INFO - Aave 거버넌스 모니터링 시작: https://governance.aave.com/t/direct-to-aip-onboard-usde-november-expiry-pt-tokens-on-aave-v3-core-instance/23013
2025-08-27 11:56:35,091 - INFO - 텔레그램 메시지 전송 성공
2025-08-27 11:56:35,092 - INFO - 페이지 체크 중...
2025-08-27 11:56:36,612 - INFO - 현재 댓글 수: 1
2025-08-27 11:56:36,625 - INFO - 현재 활동 수: 0
2025-08-27 11:56:36,626 - INFO - 새로운 댓글 1개 발견
2025-08-27 11:56:37,841 - INFO - 텔레그램 메시지 전송 성공
2025-08-27 11:56:39,846 - INFO - 300초 대기 중...
2025-08-27 12:01:39,943 - INFO - 페이지 체크 중...
2025-08-27 12:01:41,554 - INFO - 현재 댓글 수: 2
2025-08-27 12:01:41,574 - INFO - 현재 활동 수: 0
2025-08-27 12:01:41,582 - INFO - 새로운 댓글 1개 발견
2025-08-27 12:01:42,811 - INFO - 텔레그램 메시지 전송 성공
2025-08-27 12:01:44,819 - INFO - 300초 대기 중...
2025-08-27 12:06:44,826 - INFO - 페이지 체크 중...
2025-08-27 12:06:46,373 - INFO - 현재 댓글 수: 2
2025-08-27 12:06:46,388 - INFO - 현재 활동 수: 0
2025-08-27 12:06:46,391 - INFO - 300초 대기 중...
2025-08-27 12:11:46,405 - INFO - 페이지 체크 중...
2025-08-27 12:11:47,973 - INFO - 현재 댓글 수: 2
2025-08-27 12:11:47,990 - INFO - 현재 활동 수: 0
2025-08-27 12:11:47,993 - INFO - 300초 대기 중...
2025-08-27 12:16:48,005 - INFO - 페이지 체크 중...
2025-08-27 12:16:49,580 - INFO - 현재 댓글 수: 2
2025-08-27 12:16:49,642 - INFO - 현재 활동 수: 0
2025-08-27 12:16:49,644 - INFO - 300초 대기 중...
2025-08-27 12:21:49,665 - INFO - 페이지 체크 중...
2025-08-27 12:21:51,336 - INFO - 현재 댓글 수: 2
2025-08-27 12:21:51,354 - INFO - 현재 활동 수: 0
2025-08-27 12:21:51,359 - INFO - 300초 대기 중...
2025-08-27 12:26:51,372 - INFO - 페이지 체크 중...
2025-08-27 12:26:53,021 - INFO - 현재 댓글 수: 2
2025-08-27 12:26:53,040 - INFO - 현재 활동 수: 0
2025-08-27 12:26:53,044 - INFO - 300초 대기 중...
2025-08-27 12:31:53,059 - INFO - 페이지 체크 중...
2025-08-27 12:31:54,670 - INFO - 현재 댓글 수: 2
2025-08-27 12:31:54,690 - INFO - 현재 활동 수: 0
2025-08-27 12:31:54,694 - INFO - 300초 대기 중...
2025-08-27 12:36:54,701 - INFO - 페이지 체크 중...
2025-08-27 12:36:56,283 - INFO - 현재 댓글 수: 2
2025-08-27 12:36:56,305 - INFO - 현재 활동 수: 0
2025-08-27 12:36:56,306 - INFO - 300초 대기 중...
2025-08-27 12:41:56,330 - INFO - 페이지 체크 중...
2025-08-27 12:41:57,956 - INFO - 현재 댓글 수: 2
2025-08-27 12:41:57,973 - INFO - 현재 활동 수: 0
2025-08-27 12:41:57,976 - INFO - 300초 대기 중...
2025-08-27 12:46:57,992 - INFO - 페이지 체크 중...
2025-08-27 12:46:59,633 - INFO - 현재 댓글 수: 2
2025-08-27 12:46:59,646 - INFO - 현재 활동 수: 0
2025-08-27 12:46:59,648 - INFO - 300초 대기 중...
2025-08-27 12:51:59,664 - INFO - 페이지 체크 중...
2025-08-27 12:52:01,232 - INFO - 현재 댓글 수: 2
2025-08-27 12:52:01,249 - INFO - 현재 활동 수: 0
2025-08-27 12:52:01,250 - INFO - 300초 대기 중...
2025-08-27 12:57:01,268 - INFO - 페이지 체크 중...
2025-08-27 12:57:02,825 - INFO - 현재 댓글 수: 2
2025-08-27 12:57:02,843 - INFO - 현재 활동 수: 0
2025-08-27 12:57:02,844 - INFO - 300초 대기 중...
2025-08-27 13:02:00,672 - INFO - 페이지 체크 중...
2025-08-27 13:02:02,220 - INFO - 현재 댓글 수: 2
2025-08-27 13:02:02,235 - INFO - 현재 활동 수: 0
2025-08-27 13:02:02,237 - INFO - 300초 대기 중...
2025-08-27 13:07:02,245 - INFO - 페이지 체크 중...
2025-08-27 13:07:03,797 - INFO - 현재 댓글 수: 2
2025-08-27 13:07:03,807 - INFO - 현재 활동 수: 0
2025-08-27 13:07:03,809 - INFO - 300초 대기 중...
2025-08-27 13:12:03,824 - INFO - 페이지 체크 중...
2025-08-27 13:12:05,481 - INFO - 현재 댓글 수: 2
2025-08-27 13:12:05,502 - INFO - 현재 활동 수: 0
2025-08-27 13:12:05,507 - INFO - 300초 대기 중...
2025-08-27 13:17:05,531 - INFO - 페이지 체크 중...
2025-08-27 13:17:07,153 - INFO - 현재 댓글 수: 2
2025-08-27 13:17:07,197 - INFO - 현재 활동 수: 0
2025-08-27 13:17:07,204 - INFO - 300초 대기 중...
2025-08-27 13:22:07,218 - INFO - 페이지 체크 중...
2025-08-27 13:22:08,770 - INFO - 현재 댓글 수: 2
2025-08-27 13:22:08,790 - INFO - 현재 활동 수: 0
2025-08-27 13:22:08,793 - INFO - 300초 대기 중...
2025-08-27 13:27:08,815 - INFO - 페이지 체크 중...
2025-08-27 13:27:10,415 - INFO - 현재 댓글 수: 2
2025-08-27 13:27:10,439 - INFO - 현재 활동 수: 0
2025-08-27 13:27:10,441 - INFO - 300초 대기 중...
2025-08-27 13:32:10,477 - INFO - 페이지 체크 중...
2025-08-27 13:32:12,127 - INFO - 현재 댓글 수: 2
2025-08-27 13:32:12,155 - INFO - 현재 활동 수: 0
2025-08-27 13:32:12,160 - INFO - 300초 대기 중...
2025-08-27 13:37:12,185 - INFO - 페이지 체크 중...
2025-08-27 13:37:13,881 - INFO - 현재 댓글 수: 2
2025-08-27 13:37:14,059 - INFO - 현재 활동 수: 0
2025-08-27 13:37:14,065 - INFO - 300초 대기 중...
2025-08-27 13:42:14,096 - INFO - 페이지 체크 중...
2025-08-27 13:42:15,731 - INFO - 현재 댓글 수: 2
2025-08-27 13:42:15,743 - INFO - 현재 활동 수: 0
2025-08-27 13:42:15,746 - INFO - 300초 대기 중...
2025-08-27 13:47:17,919 - INFO - 페이지 체크 중...
2025-08-27 13:47:19,555 - INFO - 현재 댓글 수: 2
2025-08-27 13:47:19,571 - INFO - 현재 활동 수: 0
2025-08-27 13:47:19,575 - INFO - 300초 대기 중...
2025-08-27 13:52:19,601 - INFO - 페이지 체크 중...
2025-08-27 13:52:21,317 - INFO - 현재 댓글 수: 2
2025-08-27 13:52:21,338 - INFO - 현재 활동 수: 0
2025-08-27 13:52:21,345 - INFO - 300초 대기 중...
2025-08-27 13:57:21,375 - INFO - 페이지 체크 중...
2025-08-27 13:57:22,946 - INFO - 현재 댓글 수: 2
2025-08-27 13:57:22,965 - INFO - 현재 활동 수: 0
2025-08-27 13:57:22,970 - INFO - 300초 대기 중...
