2025-08-27 16:17:52,061 - INFO - 데이터베이스 초기화 완료
2025-08-27 16:17:52,061 - INFO - Aave 다중 포럼 모니터링 시작: 3개 포럼
2025-08-27 16:17:53,360 - INFO - 텔레그램 메시지 전송 성공
2025-08-27 16:17:53,361 - INFO - ==================================================
2025-08-27 16:17:53,361 - INFO - 새로운 모니터링 사이클 시작
2025-08-27 16:17:53,361 - INFO - 포럼 모니터링 중: USDe November expiry PT tokens
2025-08-27 16:17:54,960 - INFO -   현재 댓글 수: 2
2025-08-27 16:17:54,975 - INFO -   현재 활동 수: 0
2025-08-27 16:17:54,978 - INFO -   새로운 댓글 2개 발견
2025-08-27 16:17:56,253 - INFO - 텔레그램 메시지 전송 성공
2025-08-27 16:17:59,500 - INFO - 텔레그램 메시지 전송 성공
2025-08-27 16:18:06,512 - INFO - 포럼 모니터링 중: sUSDe November expiry PT tokens
2025-08-27 16:18:07,174 - INFO -   현재 댓글 수: 3
2025-08-27 16:18:07,203 - INFO -   현재 활동 수: 0
2025-08-27 16:18:07,205 - INFO -   새로운 댓글 3개 발견
2025-08-27 16:18:08,425 - INFO - 텔레그램 메시지 전송 성공
2025-08-27 16:18:11,644 - INFO - 텔레그램 메시지 전송 성공
2025-08-27 16:18:14,890 - INFO - 텔레그램 메시지 전송 성공
2025-08-27 16:18:21,899 - INFO - 포럼 모니터링 중: tUSDe December expiry PT tokens
2025-08-27 16:18:22,425 - INFO -   현재 댓글 수: 4
2025-08-27 16:18:22,454 - INFO -   현재 활동 수: 0
2025-08-27 16:18:22,455 - INFO -   새로운 댓글 4개 발견
2025-08-27 16:18:23,746 - INFO - 텔레그램 메시지 전송 성공
2025-08-27 16:18:27,066 - INFO - 텔레그램 메시지 전송 성공
2025-08-27 16:18:30,448 - INFO - 텔레그램 메시지 전송 성공
2025-08-27 16:18:33,884 - INFO - 텔레그램 메시지 전송 성공
2025-08-27 16:18:40,897 - INFO - 전체 통계: 댓글 9개, 활동 0개
2025-08-27 16:18:40,898 - INFO - 새로운 항목: 댓글 9개, 활동 0개
2025-08-27 16:18:40,899 - INFO - 300초 대기 중...
2025-08-27 16:23:40,905 - INFO - ==================================================
2025-08-27 16:23:40,906 - INFO - 새로운 모니터링 사이클 시작
2025-08-27 16:23:40,906 - INFO - 포럼 모니터링 중: USDe November expiry PT tokens
2025-08-27 16:23:42,621 - INFO -   현재 댓글 수: 2
2025-08-27 16:23:42,639 - INFO -   현재 활동 수: 0
2025-08-27 16:23:47,646 - INFO - 포럼 모니터링 중: sUSDe November expiry PT tokens
2025-08-27 16:23:48,316 - INFO -   현재 댓글 수: 3
2025-08-27 16:23:48,340 - INFO -   현재 활동 수: 0
2025-08-27 16:23:53,346 - INFO - 포럼 모니터링 중: tUSDe December expiry PT tokens
2025-08-27 16:23:53,960 - INFO -   현재 댓글 수: 4
2025-08-27 16:23:53,981 - INFO -   현재 활동 수: 0
2025-08-27 16:23:58,988 - INFO - 전체 통계: 댓글 9개, 활동 0개
2025-08-27 16:23:58,989 - INFO - 새로운 항목: 댓글 0개, 활동 0개
2025-08-27 16:23:58,989 - INFO - 300초 대기 중...
2025-08-27 16:29:39,785 - INFO - ==================================================
2025-08-27 16:29:39,799 - INFO - 새로운 모니터링 사이클 시작
2025-08-27 16:29:39,800 - INFO - 포럼 모니터링 중: USDe November expiry PT tokens
2025-08-27 16:29:41,617 - INFO -   현재 댓글 수: 2
2025-08-27 16:29:41,631 - INFO -   현재 활동 수: 0
2025-08-27 16:29:46,636 - INFO - 포럼 모니터링 중: sUSDe November expiry PT tokens
2025-08-27 16:29:47,393 - INFO -   현재 댓글 수: 3
2025-08-27 16:29:47,447 - INFO -   현재 활동 수: 0
2025-08-27 16:29:52,452 - INFO - 포럼 모니터링 중: tUSDe December expiry PT tokens
2025-08-27 16:29:53,070 - INFO -   현재 댓글 수: 4
2025-08-27 16:29:53,090 - INFO -   현재 활동 수: 0
2025-08-27 16:29:58,097 - INFO - 전체 통계: 댓글 9개, 활동 0개
2025-08-27 16:29:58,098 - INFO - 새로운 항목: 댓글 0개, 활동 0개
2025-08-27 16:29:58,098 - INFO - 300초 대기 중...
2025-08-27 16:34:58,113 - INFO - ==================================================
2025-08-27 16:34:58,116 - INFO - 새로운 모니터링 사이클 시작
2025-08-27 16:34:58,116 - INFO - 포럼 모니터링 중: USDe November expiry PT tokens
2025-08-27 16:34:59,713 - INFO -   현재 댓글 수: 2
2025-08-27 16:34:59,732 - INFO -   현재 활동 수: 0
2025-08-27 16:35:04,737 - INFO - 포럼 모니터링 중: sUSDe November expiry PT tokens
2025-08-27 16:35:05,356 - INFO -   현재 댓글 수: 3
2025-08-27 16:35:05,385 - INFO -   현재 활동 수: 0
2025-08-27 16:35:10,389 - INFO - 포럼 모니터링 중: tUSDe December expiry PT tokens
2025-08-27 16:35:10,972 - INFO -   현재 댓글 수: 4
2025-08-27 16:35:10,985 - INFO -   현재 활동 수: 0
2025-08-27 16:35:15,990 - INFO - 전체 통계: 댓글 9개, 활동 0개
2025-08-27 16:35:15,991 - INFO - 새로운 항목: 댓글 0개, 활동 0개
2025-08-27 16:35:15,991 - INFO - 300초 대기 중...
2025-08-27 16:40:16,005 - INFO - ==================================================
2025-08-27 16:40:16,009 - INFO - 새로운 모니터링 사이클 시작
2025-08-27 16:40:16,009 - INFO - 포럼 모니터링 중: USDe November expiry PT tokens
2025-08-27 16:40:17,751 - INFO -   현재 댓글 수: 2
2025-08-27 16:40:17,771 - INFO -   현재 활동 수: 0
2025-08-27 16:40:22,776 - INFO - 포럼 모니터링 중: sUSDe November expiry PT tokens
2025-08-27 16:40:23,586 - INFO -   현재 댓글 수: 3
2025-08-27 16:40:23,613 - INFO -   현재 활동 수: 0
2025-08-27 16:40:28,616 - INFO - 포럼 모니터링 중: tUSDe December expiry PT tokens
2025-08-27 16:40:29,255 - INFO -   현재 댓글 수: 4
2025-08-27 16:40:29,277 - INFO -   현재 활동 수: 0
2025-08-27 16:40:34,289 - INFO - 전체 통계: 댓글 9개, 활동 0개
2025-08-27 16:40:34,291 - INFO - 새로운 항목: 댓글 0개, 활동 0개
2025-08-27 16:40:34,291 - INFO - 300초 대기 중...
2025-08-27 16:45:34,302 - INFO - ==================================================
2025-08-27 16:45:34,307 - INFO - 새로운 모니터링 사이클 시작
2025-08-27 16:45:34,309 - INFO - 포럼 모니터링 중: USDe November expiry PT tokens
2025-08-27 16:45:35,942 - INFO -   현재 댓글 수: 2
2025-08-27 16:45:35,957 - INFO -   현재 활동 수: 0
2025-08-27 16:45:40,960 - INFO - 포럼 모니터링 중: sUSDe November expiry PT tokens
2025-08-27 16:45:41,657 - INFO -   현재 댓글 수: 3
2025-08-27 16:45:41,687 - INFO -   현재 활동 수: 0
2025-08-27 16:45:46,689 - INFO - 포럼 모니터링 중: tUSDe December expiry PT tokens
2025-08-27 16:45:47,241 - INFO -   현재 댓글 수: 4
2025-08-27 16:45:47,259 - INFO -   현재 활동 수: 0
2025-08-27 16:45:52,263 - INFO - 전체 통계: 댓글 9개, 활동 0개
2025-08-27 16:45:52,264 - INFO - 새로운 항목: 댓글 0개, 활동 0개
2025-08-27 16:45:52,264 - INFO - 300초 대기 중...
2025-08-27 16:52:03,560 - INFO - ==================================================
2025-08-27 16:52:03,565 - INFO - 새로운 모니터링 사이클 시작
2025-08-27 16:52:03,565 - INFO - 포럼 모니터링 중: USDe November expiry PT tokens
2025-08-27 16:52:05,110 - INFO -   현재 댓글 수: 2
2025-08-27 16:52:05,130 - INFO -   현재 활동 수: 0
2025-08-27 16:52:10,139 - INFO - 포럼 모니터링 중: sUSDe November expiry PT tokens
2025-08-27 16:52:10,925 - INFO -   현재 댓글 수: 3
2025-08-27 16:52:10,952 - INFO -   현재 활동 수: 0
2025-08-27 16:52:15,958 - INFO - 포럼 모니터링 중: tUSDe December expiry PT tokens
2025-08-27 16:52:16,509 - INFO -   현재 댓글 수: 4
2025-08-27 16:52:16,524 - INFO -   현재 활동 수: 0
2025-08-27 16:52:21,529 - INFO - 전체 통계: 댓글 9개, 활동 0개
2025-08-27 16:52:21,529 - INFO - 새로운 항목: 댓글 0개, 활동 0개
2025-08-27 16:52:21,529 - INFO - 300초 대기 중...
2025-08-27 16:57:21,551 - INFO - ==================================================
2025-08-27 16:57:21,559 - INFO - 새로운 모니터링 사이클 시작
2025-08-27 16:57:21,560 - INFO - 포럼 모니터링 중: USDe November expiry PT tokens
2025-08-27 16:57:23,246 - INFO -   현재 댓글 수: 2
2025-08-27 16:57:23,267 - INFO -   현재 활동 수: 0
2025-08-27 16:57:28,278 - INFO - 포럼 모니터링 중: sUSDe November expiry PT tokens
2025-08-27 16:57:28,957 - INFO -   현재 댓글 수: 3
2025-08-27 16:57:28,995 - INFO -   현재 활동 수: 0
2025-08-27 16:57:34,002 - INFO - 포럼 모니터링 중: tUSDe December expiry PT tokens
2025-08-27 16:57:34,575 - INFO -   현재 댓글 수: 4
2025-08-27 16:57:34,591 - INFO -   현재 활동 수: 0
2025-08-27 16:57:39,594 - INFO - 전체 통계: 댓글 9개, 활동 0개
2025-08-27 16:57:39,595 - INFO - 새로운 항목: 댓글 0개, 활동 0개
2025-08-27 16:57:39,595 - INFO - 300초 대기 중...
2025-08-27 17:02:39,606 - INFO - ==================================================
2025-08-27 17:02:39,610 - INFO - 새로운 모니터링 사이클 시작
2025-08-27 17:02:39,611 - INFO - 포럼 모니터링 중: USDe November expiry PT tokens
2025-08-27 17:02:41,278 - INFO -   현재 댓글 수: 2
2025-08-27 17:02:41,292 - INFO -   현재 활동 수: 0
2025-08-27 17:02:46,295 - INFO - 포럼 모니터링 중: sUSDe November expiry PT tokens
2025-08-27 17:02:47,047 - INFO -   현재 댓글 수: 3
2025-08-27 17:02:47,074 - INFO -   현재 활동 수: 0
2025-08-27 17:02:52,080 - INFO - 포럼 모니터링 중: tUSDe December expiry PT tokens
2025-08-27 17:02:52,599 - INFO -   현재 댓글 수: 4
2025-08-27 17:02:52,614 - INFO -   현재 활동 수: 0
2025-08-27 17:02:57,621 - INFO - 전체 통계: 댓글 9개, 활동 0개
2025-08-27 17:02:57,621 - INFO - 새로운 항목: 댓글 0개, 활동 0개
2025-08-27 17:02:57,621 - INFO - 300초 대기 중...
2025-08-27 17:07:57,580 - INFO - ==================================================
2025-08-27 17:07:57,590 - INFO - 새로운 모니터링 사이클 시작
2025-08-27 17:07:57,591 - INFO - 포럼 모니터링 중: USDe November expiry PT tokens
2025-08-27 17:07:59,272 - INFO -   현재 댓글 수: 2
2025-08-27 17:07:59,288 - INFO -   현재 활동 수: 0
2025-08-27 17:08:04,295 - INFO - 포럼 모니터링 중: sUSDe November expiry PT tokens
2025-08-27 17:08:04,989 - INFO -   현재 댓글 수: 3
2025-08-27 17:08:05,015 - INFO -   현재 활동 수: 0
2025-08-27 17:08:10,022 - INFO - 포럼 모니터링 중: tUSDe December expiry PT tokens
2025-08-27 17:08:10,748 - INFO -   현재 댓글 수: 4
2025-08-27 17:08:10,761 - INFO -   현재 활동 수: 0
2025-08-27 17:08:15,764 - INFO - 전체 통계: 댓글 9개, 활동 0개
2025-08-27 17:08:15,765 - INFO - 새로운 항목: 댓글 0개, 활동 0개
2025-08-27 17:08:15,765 - INFO - 300초 대기 중...
2025-08-27 17:13:15,769 - INFO - ==================================================
2025-08-27 17:13:15,772 - INFO - 새로운 모니터링 사이클 시작
2025-08-27 17:13:15,772 - INFO - 포럼 모니터링 중: USDe November expiry PT tokens
2025-08-27 17:13:17,425 - INFO -   현재 댓글 수: 2
2025-08-27 17:13:17,438 - INFO -   현재 활동 수: 0
2025-08-27 17:13:22,441 - INFO - 포럼 모니터링 중: sUSDe November expiry PT tokens
2025-08-27 17:13:23,120 - INFO -   현재 댓글 수: 3
2025-08-27 17:13:23,146 - INFO -   현재 활동 수: 0
2025-08-27 17:13:28,151 - INFO - 포럼 모니터링 중: tUSDe December expiry PT tokens
2025-08-27 17:13:28,669 - INFO -   현재 댓글 수: 4
2025-08-27 17:13:28,686 - INFO -   현재 활동 수: 0
2025-08-27 17:13:33,692 - INFO - 전체 통계: 댓글 9개, 활동 0개
2025-08-27 17:13:33,693 - INFO - 새로운 항목: 댓글 0개, 활동 0개
2025-08-27 17:13:33,693 - INFO - 300초 대기 중...
2025-08-27 17:18:33,699 - INFO - ==================================================
2025-08-27 17:18:33,702 - INFO - 새로운 모니터링 사이클 시작
2025-08-27 17:18:33,702 - INFO - 포럼 모니터링 중: USDe November expiry PT tokens
2025-08-27 17:18:35,345 - INFO -   현재 댓글 수: 2
2025-08-27 17:18:35,363 - INFO -   현재 활동 수: 0
2025-08-27 17:18:40,369 - INFO - 포럼 모니터링 중: sUSDe November expiry PT tokens
2025-08-27 17:18:41,076 - INFO -   현재 댓글 수: 3
2025-08-27 17:18:41,106 - INFO -   현재 활동 수: 0
2025-08-27 17:18:46,112 - INFO - 포럼 모니터링 중: tUSDe December expiry PT tokens
2025-08-27 17:18:46,686 - INFO -   현재 댓글 수: 4
2025-08-27 17:18:46,706 - INFO -   현재 활동 수: 0
2025-08-27 17:18:51,711 - INFO - 전체 통계: 댓글 9개, 활동 0개
2025-08-27 17:18:51,712 - INFO - 새로운 항목: 댓글 0개, 활동 0개
2025-08-27 17:18:51,712 - INFO - 300초 대기 중...
2025-08-27 17:23:51,715 - INFO - ==================================================
2025-08-27 17:23:51,717 - INFO - 새로운 모니터링 사이클 시작
2025-08-27 17:23:51,717 - INFO - 포럼 모니터링 중: USDe November expiry PT tokens
2025-08-27 17:23:53,434 - INFO -   현재 댓글 수: 2
2025-08-27 17:23:53,452 - INFO -   현재 활동 수: 0
2025-08-27 17:23:58,455 - INFO - 포럼 모니터링 중: sUSDe November expiry PT tokens
2025-08-27 17:23:59,149 - INFO -   현재 댓글 수: 3
2025-08-27 17:23:59,177 - INFO -   현재 활동 수: 0
2025-08-27 17:24:04,182 - INFO - 포럼 모니터링 중: tUSDe December expiry PT tokens
2025-08-27 17:24:04,780 - INFO -   현재 댓글 수: 4
2025-08-27 17:24:04,794 - INFO -   현재 활동 수: 0
2025-08-27 17:24:09,800 - INFO - 전체 통계: 댓글 9개, 활동 0개
2025-08-27 17:24:09,800 - INFO - 새로운 항목: 댓글 0개, 활동 0개
2025-08-27 17:24:09,800 - INFO - 300초 대기 중...
2025-08-27 17:29:09,814 - INFO - ==================================================
2025-08-27 17:29:09,822 - INFO - 새로운 모니터링 사이클 시작
2025-08-27 17:29:09,823 - INFO - 포럼 모니터링 중: USDe November expiry PT tokens
2025-08-27 17:29:11,433 - INFO -   현재 댓글 수: 2
2025-08-27 17:29:11,446 - INFO -   현재 활동 수: 0
2025-08-27 17:29:16,451 - INFO - 포럼 모니터링 중: sUSDe November expiry PT tokens
2025-08-27 17:29:17,166 - INFO -   현재 댓글 수: 3
2025-08-27 17:29:17,193 - INFO -   현재 활동 수: 0
2025-08-27 17:29:22,201 - INFO - 포럼 모니터링 중: tUSDe December expiry PT tokens
2025-08-27 17:29:22,762 - INFO -   현재 댓글 수: 4
2025-08-27 17:29:22,777 - INFO -   현재 활동 수: 0
2025-08-27 17:29:27,783 - INFO - 전체 통계: 댓글 9개, 활동 0개
2025-08-27 17:29:27,784 - INFO - 새로운 항목: 댓글 0개, 활동 0개
2025-08-27 17:29:27,784 - INFO - 300초 대기 중...
2025-08-27 17:34:27,789 - INFO - ==================================================
2025-08-27 17:34:27,792 - INFO - 새로운 모니터링 사이클 시작
2025-08-27 17:34:27,793 - INFO - 포럼 모니터링 중: USDe November expiry PT tokens
2025-08-27 17:34:29,437 - INFO -   현재 댓글 수: 2
2025-08-27 17:34:29,454 - INFO -   현재 활동 수: 0
2025-08-27 17:34:34,460 - INFO - 포럼 모니터링 중: sUSDe November expiry PT tokens
2025-08-27 17:34:35,132 - INFO -   현재 댓글 수: 3
2025-08-27 17:34:35,161 - INFO -   현재 활동 수: 0
2025-08-27 17:34:40,164 - INFO - 포럼 모니터링 중: tUSDe December expiry PT tokens
2025-08-27 17:34:40,703 - INFO -   현재 댓글 수: 4
2025-08-27 17:34:40,722 - INFO -   현재 활동 수: 0
2025-08-27 17:34:45,728 - INFO - 전체 통계: 댓글 9개, 활동 0개
2025-08-27 17:34:45,729 - INFO - 새로운 항목: 댓글 0개, 활동 0개
2025-08-27 17:34:45,729 - INFO - 300초 대기 중...
2025-08-27 17:39:45,731 - INFO - ==================================================
2025-08-27 17:39:45,733 - INFO - 새로운 모니터링 사이클 시작
2025-08-27 17:39:45,734 - INFO - 포럼 모니터링 중: USDe November expiry PT tokens
2025-08-27 17:39:47,294 - INFO -   현재 댓글 수: 2
2025-08-27 17:39:47,312 - INFO -   현재 활동 수: 0
2025-08-27 17:39:52,318 - INFO - 포럼 모니터링 중: sUSDe November expiry PT tokens
2025-08-27 17:39:53,023 - INFO -   현재 댓글 수: 3
2025-08-27 17:39:53,069 - INFO -   현재 활동 수: 0
2025-08-27 17:39:58,075 - INFO - 포럼 모니터링 중: tUSDe December expiry PT tokens
2025-08-27 17:39:58,610 - INFO -   현재 댓글 수: 4
2025-08-27 17:39:58,630 - INFO -   현재 활동 수: 0
2025-08-27 17:40:03,636 - INFO - 전체 통계: 댓글 9개, 활동 0개
2025-08-27 17:40:03,637 - INFO - 새로운 항목: 댓글 0개, 활동 0개
2025-08-27 17:40:03,637 - INFO - 300초 대기 중...
2025-08-27 17:45:03,645 - INFO - ==================================================
2025-08-27 17:45:03,647 - INFO - 새로운 모니터링 사이클 시작
2025-08-27 17:45:03,648 - INFO - 포럼 모니터링 중: USDe November expiry PT tokens
2025-08-27 17:45:05,233 - INFO -   현재 댓글 수: 2
2025-08-27 17:45:05,249 - INFO -   현재 활동 수: 0
2025-08-27 17:45:10,257 - INFO - 포럼 모니터링 중: sUSDe November expiry PT tokens
2025-08-27 17:45:10,907 - INFO -   현재 댓글 수: 3
2025-08-27 17:45:10,934 - INFO -   현재 활동 수: 0
2025-08-27 17:45:15,940 - INFO - 포럼 모니터링 중: tUSDe December expiry PT tokens
2025-08-27 17:45:16,503 - INFO -   현재 댓글 수: 4
2025-08-27 17:45:16,523 - INFO -   현재 활동 수: 0
2025-08-27 17:45:21,525 - INFO - 전체 통계: 댓글 9개, 활동 0개
2025-08-27 17:45:21,526 - INFO - 새로운 항목: 댓글 0개, 활동 0개
2025-08-27 17:45:21,526 - INFO - 300초 대기 중...
2025-08-27 17:52:55,033 - INFO - ==================================================
2025-08-27 17:52:55,040 - INFO - 새로운 모니터링 사이클 시작
2025-08-27 17:52:55,041 - INFO - 포럼 모니터링 중: USDe November expiry PT tokens
2025-08-27 17:52:56,675 - INFO -   현재 댓글 수: 2
2025-08-27 17:52:56,685 - INFO -   현재 활동 수: 0
2025-08-27 17:53:01,693 - INFO - 포럼 모니터링 중: sUSDe November expiry PT tokens
2025-08-27 17:53:02,319 - INFO -   현재 댓글 수: 3
2025-08-27 17:53:02,346 - INFO -   현재 활동 수: 0
2025-08-27 17:53:07,350 - INFO - 포럼 모니터링 중: tUSDe December expiry PT tokens
2025-08-27 17:53:07,972 - INFO -   현재 댓글 수: 4
2025-08-27 17:53:07,989 - INFO -   현재 활동 수: 0
2025-08-27 17:53:12,995 - INFO - 전체 통계: 댓글 9개, 활동 0개
2025-08-27 17:53:12,996 - INFO - 새로운 항목: 댓글 0개, 활동 0개
2025-08-27 17:53:12,996 - INFO - 300초 대기 중...
2025-08-27 17:58:13,014 - INFO - ==================================================
2025-08-27 17:58:13,021 - INFO - 새로운 모니터링 사이클 시작
2025-08-27 17:58:13,023 - INFO - 포럼 모니터링 중: USDe November expiry PT tokens
2025-08-27 17:58:14,801 - INFO -   현재 댓글 수: 2
2025-08-27 17:58:14,816 - INFO -   현재 활동 수: 0
2025-08-27 17:58:19,825 - INFO - 포럼 모니터링 중: sUSDe November expiry PT tokens
2025-08-27 17:58:20,589 - INFO -   현재 댓글 수: 3
2025-08-27 17:58:20,660 - INFO -   현재 활동 수: 0
2025-08-27 17:58:25,667 - INFO - 포럼 모니터링 중: tUSDe December expiry PT tokens
2025-08-27 17:58:26,226 - INFO -   현재 댓글 수: 4
2025-08-27 17:58:26,247 - INFO -   현재 활동 수: 0
2025-08-27 17:58:31,248 - INFO - 전체 통계: 댓글 9개, 활동 0개
2025-08-27 17:58:31,248 - INFO - 새로운 항목: 댓글 0개, 활동 0개
2025-08-27 17:58:31,249 - INFO - 300초 대기 중...
2025-08-27 18:03:31,256 - INFO - ==================================================
2025-08-27 18:03:31,258 - INFO - 새로운 모니터링 사이클 시작
2025-08-27 18:03:31,258 - INFO - 포럼 모니터링 중: USDe November expiry PT tokens
2025-08-27 18:03:32,821 - INFO -   현재 댓글 수: 2
2025-08-27 18:03:32,837 - INFO -   현재 활동 수: 0
2025-08-27 18:03:37,846 - INFO - 포럼 모니터링 중: sUSDe November expiry PT tokens
2025-08-27 18:03:38,526 - INFO -   현재 댓글 수: 3
2025-08-27 18:03:38,556 - INFO -   현재 활동 수: 0
2025-08-27 18:03:43,563 - INFO - 포럼 모니터링 중: tUSDe December expiry PT tokens
2025-08-27 18:03:44,088 - INFO -   현재 댓글 수: 4
2025-08-27 18:03:44,105 - INFO -   현재 활동 수: 0
2025-08-27 18:03:49,111 - INFO - 전체 통계: 댓글 9개, 활동 0개
2025-08-27 18:03:49,112 - INFO - 새로운 항목: 댓글 0개, 활동 0개
2025-08-27 18:03:49,112 - INFO - 300초 대기 중...
2025-08-27 18:08:49,148 - INFO - ==================================================
2025-08-27 18:08:49,151 - INFO - 새로운 모니터링 사이클 시작
2025-08-27 18:08:49,152 - INFO - 포럼 모니터링 중: USDe November expiry PT tokens
2025-08-27 18:08:50,733 - INFO -   현재 댓글 수: 2
2025-08-27 18:08:50,751 - INFO -   현재 활동 수: 0
2025-08-27 18:08:55,762 - INFO - 포럼 모니터링 중: sUSDe November expiry PT tokens
2025-08-27 18:08:56,383 - INFO -   현재 댓글 수: 3
2025-08-27 18:08:56,410 - INFO -   현재 활동 수: 0
2025-08-27 18:09:01,420 - INFO - 포럼 모니터링 중: tUSDe December expiry PT tokens
2025-08-27 18:09:02,011 - INFO -   현재 댓글 수: 4
2025-08-27 18:09:02,030 - INFO -   현재 활동 수: 0
2025-08-27 18:09:07,032 - INFO - 전체 통계: 댓글 9개, 활동 0개
2025-08-27 18:09:07,033 - INFO - 새로운 항목: 댓글 0개, 활동 0개
2025-08-27 18:09:07,033 - INFO - 300초 대기 중...
2025-08-27 18:14:07,047 - INFO - ==================================================
2025-08-27 18:14:07,048 - INFO - 새로운 모니터링 사이클 시작
2025-08-27 18:14:07,049 - INFO - 포럼 모니터링 중: USDe November expiry PT tokens
2025-08-27 18:14:08,800 - INFO -   현재 댓글 수: 2
2025-08-27 18:14:08,818 - INFO -   현재 활동 수: 0
2025-08-27 18:14:13,822 - INFO - 포럼 모니터링 중: sUSDe November expiry PT tokens
2025-08-27 18:14:14,560 - INFO -   현재 댓글 수: 3
2025-08-27 18:14:14,627 - INFO -   현재 활동 수: 0
2025-08-27 18:14:19,634 - INFO - 포럼 모니터링 중: tUSDe December expiry PT tokens
2025-08-27 18:14:20,114 - INFO -   현재 댓글 수: 4
2025-08-27 18:14:20,133 - INFO -   현재 활동 수: 0
2025-08-27 18:14:25,140 - INFO - 전체 통계: 댓글 9개, 활동 0개
2025-08-27 18:14:25,140 - INFO - 새로운 항목: 댓글 0개, 활동 0개
2025-08-27 18:14:25,140 - INFO - 300초 대기 중...
2025-08-27 18:19:25,151 - INFO - ==================================================
2025-08-27 18:19:25,154 - INFO - 새로운 모니터링 사이클 시작
2025-08-27 18:19:25,156 - INFO - 포럼 모니터링 중: USDe November expiry PT tokens
2025-08-27 18:19:26,748 - INFO -   현재 댓글 수: 2
2025-08-27 18:19:26,763 - INFO -   현재 활동 수: 0
2025-08-27 18:19:31,774 - INFO - 포럼 모니터링 중: sUSDe November expiry PT tokens
2025-08-27 18:19:32,435 - INFO -   현재 댓글 수: 3
2025-08-27 18:19:32,462 - INFO -   현재 활동 수: 0
2025-08-27 18:19:37,470 - INFO - 포럼 모니터링 중: tUSDe December expiry PT tokens
2025-08-27 18:19:38,005 - INFO -   현재 댓글 수: 4
2025-08-27 18:19:38,022 - INFO -   현재 활동 수: 0
2025-08-27 18:19:43,032 - INFO - 전체 통계: 댓글 9개, 활동 0개
2025-08-27 18:19:43,033 - INFO - 새로운 항목: 댓글 0개, 활동 0개
2025-08-27 18:19:43,033 - INFO - 300초 대기 중...
2025-08-27 18:29:35,843 - INFO - ==================================================
2025-08-27 18:29:35,851 - INFO - 새로운 모니터링 사이클 시작
2025-08-27 18:29:35,853 - INFO - 포럼 모니터링 중: USDe November expiry PT tokens
2025-08-27 18:29:37,440 - INFO -   현재 댓글 수: 2
2025-08-27 18:29:37,456 - INFO -   현재 활동 수: 0
2025-08-27 18:29:42,463 - INFO - 포럼 모니터링 중: sUSDe November expiry PT tokens
2025-08-27 18:29:43,111 - INFO -   현재 댓글 수: 3
2025-08-27 18:29:43,146 - INFO -   현재 활동 수: 0
2025-08-27 18:29:48,158 - INFO - 포럼 모니터링 중: tUSDe December expiry PT tokens
2025-08-27 18:29:48,738 - INFO -   현재 댓글 수: 4
2025-08-27 18:29:48,752 - INFO -   현재 활동 수: 0
2025-08-27 18:29:53,759 - INFO - 전체 통계: 댓글 9개, 활동 0개
2025-08-27 18:29:53,759 - INFO - 새로운 항목: 댓글 0개, 활동 0개
2025-08-27 18:29:53,760 - INFO - 300초 대기 중...
2025-08-27 18:34:53,774 - INFO - ==================================================
2025-08-27 18:34:53,777 - INFO - 새로운 모니터링 사이클 시작
2025-08-27 18:34:53,777 - INFO - 포럼 모니터링 중: USDe November expiry PT tokens
2025-08-27 18:34:55,326 - INFO -   현재 댓글 수: 2
2025-08-27 18:34:55,341 - INFO -   현재 활동 수: 0
2025-08-27 18:35:00,348 - INFO - 포럼 모니터링 중: sUSDe November expiry PT tokens
2025-08-27 18:35:01,048 - INFO -   현재 댓글 수: 3
2025-08-27 18:35:01,098 - INFO -   현재 활동 수: 0
2025-08-27 18:35:06,104 - INFO - 포럼 모니터링 중: tUSDe December expiry PT tokens
2025-08-27 18:35:06,631 - INFO -   현재 댓글 수: 4
2025-08-27 18:35:06,644 - INFO -   현재 활동 수: 0
2025-08-27 18:35:11,650 - INFO - 전체 통계: 댓글 9개, 활동 0개
2025-08-27 18:35:11,651 - INFO - 새로운 항목: 댓글 0개, 활동 0개
2025-08-27 18:35:11,651 - INFO - 300초 대기 중...
2025-08-27 18:40:11,672 - INFO - ==================================================
2025-08-27 18:40:11,680 - INFO - 새로운 모니터링 사이클 시작
2025-08-27 18:40:11,682 - INFO - 포럼 모니터링 중: USDe November expiry PT tokens
2025-08-27 18:40:13,571 - INFO -   현재 댓글 수: 2
2025-08-27 18:40:13,590 - INFO -   현재 활동 수: 0
2025-08-27 18:40:18,597 - INFO - 포럼 모니터링 중: sUSDe November expiry PT tokens
2025-08-27 18:40:19,291 - INFO -   현재 댓글 수: 3
2025-08-27 18:40:19,320 - INFO -   현재 활동 수: 0
2025-08-27 18:40:24,326 - INFO - 포럼 모니터링 중: tUSDe December expiry PT tokens
2025-08-27 18:40:24,864 - INFO -   현재 댓글 수: 4
2025-08-27 18:40:24,883 - INFO -   현재 활동 수: 0
2025-08-27 18:40:29,888 - INFO - 전체 통계: 댓글 9개, 활동 0개
2025-08-27 18:40:29,889 - INFO - 새로운 항목: 댓글 0개, 활동 0개
2025-08-27 18:40:29,889 - INFO - 300초 대기 중...
2025-08-27 18:45:29,902 - INFO - ==================================================
2025-08-27 18:45:29,907 - INFO - 새로운 모니터링 사이클 시작
2025-08-27 18:45:29,909 - INFO - 포럼 모니터링 중: USDe November expiry PT tokens
2025-08-27 18:45:31,499 - INFO -   현재 댓글 수: 2
2025-08-27 18:45:31,520 - INFO -   현재 활동 수: 0
2025-08-27 18:45:36,525 - INFO - 포럼 모니터링 중: sUSDe November expiry PT tokens
2025-08-27 18:45:37,223 - INFO -   현재 댓글 수: 3
2025-08-27 18:45:37,251 - INFO -   현재 활동 수: 0
2025-08-27 18:45:42,254 - INFO - 포럼 모니터링 중: tUSDe December expiry PT tokens
2025-08-27 18:45:42,915 - INFO -   현재 댓글 수: 4
2025-08-27 18:45:42,937 - INFO -   현재 활동 수: 0
2025-08-27 18:45:47,941 - INFO - 전체 통계: 댓글 9개, 활동 0개
2025-08-27 18:45:47,942 - INFO - 새로운 항목: 댓글 0개, 활동 0개
2025-08-27 18:45:47,942 - INFO - 300초 대기 중...
2025-08-27 18:50:47,955 - INFO - ==================================================
2025-08-27 18:50:47,957 - INFO - 새로운 모니터링 사이클 시작
2025-08-27 18:50:47,958 - INFO - 포럼 모니터링 중: USDe November expiry PT tokens
2025-08-27 18:50:49,577 - INFO -   현재 댓글 수: 2
2025-08-27 18:50:49,595 - INFO -   현재 활동 수: 0
2025-08-27 18:50:54,598 - INFO - 포럼 모니터링 중: sUSDe November expiry PT tokens
2025-08-27 18:50:55,282 - INFO -   현재 댓글 수: 3
2025-08-27 18:50:55,353 - INFO -   현재 활동 수: 0
2025-08-27 18:51:00,358 - INFO - 포럼 모니터링 중: tUSDe December expiry PT tokens
2025-08-27 18:51:00,904 - INFO -   현재 댓글 수: 4
2025-08-27 18:51:00,919 - INFO -   현재 활동 수: 0
2025-08-27 18:51:05,923 - INFO - 전체 통계: 댓글 9개, 활동 0개
2025-08-27 18:51:05,924 - INFO - 새로운 항목: 댓글 0개, 활동 0개
2025-08-27 18:51:05,924 - INFO - 300초 대기 중...
2025-08-27 18:56:05,936 - INFO - ==================================================
2025-08-27 18:56:05,939 - INFO - 새로운 모니터링 사이클 시작
2025-08-27 18:56:05,939 - INFO - 포럼 모니터링 중: USDe November expiry PT tokens
2025-08-27 18:56:07,490 - INFO -   현재 댓글 수: 2
2025-08-27 18:56:07,509 - INFO -   현재 활동 수: 0
2025-08-27 18:56:12,513 - INFO - 포럼 모니터링 중: sUSDe November expiry PT tokens
2025-08-27 18:56:13,161 - INFO -   현재 댓글 수: 3
2025-08-27 18:56:13,186 - INFO -   현재 활동 수: 0
2025-08-27 18:56:18,189 - INFO - 포럼 모니터링 중: tUSDe December expiry PT tokens
2025-08-27 18:56:18,722 - INFO -   현재 댓글 수: 4
2025-08-27 18:56:18,743 - INFO -   현재 활동 수: 0
2025-08-27 18:56:23,746 - INFO - 전체 통계: 댓글 9개, 활동 0개
2025-08-27 18:56:23,747 - INFO - 새로운 항목: 댓글 0개, 활동 0개
2025-08-27 18:56:23,747 - INFO - 300초 대기 중...
2025-08-27 19:01:23,759 - INFO - ==================================================
2025-08-27 19:01:23,761 - INFO - 새로운 모니터링 사이클 시작
2025-08-27 19:01:23,761 - INFO - 포럼 모니터링 중: USDe November expiry PT tokens
2025-08-27 19:01:25,335 - INFO -   현재 댓글 수: 2
2025-08-27 19:01:25,351 - INFO -   현재 활동 수: 0
2025-08-27 19:01:30,364 - INFO - 포럼 모니터링 중: sUSDe November expiry PT tokens
2025-08-27 19:01:31,070 - INFO -   현재 댓글 수: 3
2025-08-27 19:01:31,098 - INFO -   현재 활동 수: 0
2025-08-27 19:01:36,105 - INFO - 포럼 모니터링 중: tUSDe December expiry PT tokens
2025-08-27 19:01:36,617 - INFO -   현재 댓글 수: 4
2025-08-27 19:01:36,633 - INFO -   현재 활동 수: 0
2025-08-27 19:01:41,636 - INFO - 전체 통계: 댓글 9개, 활동 0개
2025-08-27 19:01:41,638 - INFO - 새로운 항목: 댓글 0개, 활동 0개
2025-08-27 19:01:41,639 - INFO - 300초 대기 중...
2025-08-27 19:06:41,649 - INFO - ==================================================
2025-08-27 19:06:41,650 - INFO - 새로운 모니터링 사이클 시작
2025-08-27 19:06:41,651 - INFO - 포럼 모니터링 중: USDe November expiry PT tokens
2025-08-27 19:06:43,224 - INFO -   현재 댓글 수: 2
2025-08-27 19:06:43,237 - INFO -   현재 활동 수: 0
2025-08-27 19:06:48,246 - INFO - 포럼 모니터링 중: sUSDe November expiry PT tokens
2025-08-27 19:06:48,897 - INFO -   현재 댓글 수: 3
2025-08-27 19:06:48,957 - INFO -   현재 활동 수: 0
2025-08-27 19:06:53,961 - INFO - 포럼 모니터링 중: tUSDe December expiry PT tokens
2025-08-27 19:06:54,529 - INFO -   현재 댓글 수: 4
2025-08-27 19:06:54,548 - INFO -   현재 활동 수: 0
2025-08-27 19:06:59,550 - INFO - 전체 통계: 댓글 9개, 활동 0개
2025-08-27 19:06:59,551 - INFO - 새로운 항목: 댓글 0개, 활동 0개
2025-08-27 19:06:59,551 - INFO - 300초 대기 중...
2025-08-27 19:11:59,563 - INFO - ==================================================
2025-08-27 19:11:59,566 - INFO - 새로운 모니터링 사이클 시작
2025-08-27 19:11:59,566 - INFO - 포럼 모니터링 중: USDe November expiry PT tokens
2025-08-27 19:12:01,112 - INFO -   현재 댓글 수: 2
2025-08-27 19:12:01,126 - INFO -   현재 활동 수: 0
2025-08-27 19:12:06,131 - INFO - 포럼 모니터링 중: sUSDe November expiry PT tokens
2025-08-27 19:12:06,771 - INFO -   현재 댓글 수: 3
2025-08-27 19:12:06,800 - INFO -   현재 활동 수: 0
2025-08-27 19:12:11,803 - INFO - 포럼 모니터링 중: tUSDe December expiry PT tokens
2025-08-27 19:12:12,351 - INFO -   현재 댓글 수: 4
2025-08-27 19:12:12,367 - INFO -   현재 활동 수: 0
2025-08-27 19:12:17,370 - INFO - 전체 통계: 댓글 9개, 활동 0개
2025-08-27 19:12:17,370 - INFO - 새로운 항목: 댓글 0개, 활동 0개
2025-08-27 19:12:17,370 - INFO - 300초 대기 중...
2025-08-27 19:17:17,375 - INFO - ==================================================
2025-08-27 19:17:17,377 - INFO - 새로운 모니터링 사이클 시작
2025-08-27 19:17:17,377 - INFO - 포럼 모니터링 중: USDe November expiry PT tokens
2025-08-27 19:17:20,265 - INFO -   현재 댓글 수: 2
2025-08-27 19:17:20,282 - INFO -   현재 활동 수: 0
2025-08-27 19:17:25,291 - INFO - 포럼 모니터링 중: sUSDe November expiry PT tokens
2025-08-27 19:17:26,045 - INFO -   현재 댓글 수: 3
2025-08-27 19:17:26,076 - INFO -   현재 활동 수: 0
2025-08-27 19:17:31,083 - INFO - 포럼 모니터링 중: tUSDe December expiry PT tokens
2025-08-27 19:17:31,605 - INFO -   현재 댓글 수: 4
2025-08-27 19:17:31,625 - INFO -   현재 활동 수: 0
2025-08-27 19:17:36,631 - INFO - 전체 통계: 댓글 9개, 활동 0개
2025-08-27 19:17:36,633 - INFO - 새로운 항목: 댓글 0개, 활동 0개
2025-08-27 19:17:36,633 - INFO - 300초 대기 중...
2025-08-27 19:22:36,653 - INFO - ==================================================
2025-08-27 19:22:36,659 - INFO - 새로운 모니터링 사이클 시작
2025-08-27 19:22:36,660 - INFO - 포럼 모니터링 중: USDe November expiry PT tokens
2025-08-27 19:22:38,303 - INFO -   현재 댓글 수: 2
2025-08-27 19:22:38,314 - INFO -   현재 활동 수: 0
2025-08-27 19:22:43,322 - INFO - 포럼 모니터링 중: sUSDe November expiry PT tokens
2025-08-27 19:22:43,989 - INFO -   현재 댓글 수: 3
2025-08-27 19:22:44,261 - INFO -   현재 활동 수: 0
2025-08-27 19:22:49,265 - INFO - 포럼 모니터링 중: tUSDe December expiry PT tokens
2025-08-27 19:22:49,791 - INFO -   현재 댓글 수: 4
2025-08-27 19:22:49,814 - INFO -   현재 활동 수: 0
2025-08-27 19:22:54,825 - INFO - 전체 통계: 댓글 9개, 활동 0개
2025-08-27 19:22:54,827 - INFO - 새로운 항목: 댓글 0개, 활동 0개
2025-08-27 19:22:54,832 - INFO - 300초 대기 중...
2025-08-27 19:27:54,850 - INFO - ==================================================
2025-08-27 19:27:54,855 - INFO - 새로운 모니터링 사이클 시작
2025-08-27 19:27:54,857 - INFO - 포럼 모니터링 중: USDe November expiry PT tokens
2025-08-27 19:27:56,453 - INFO -   현재 댓글 수: 2
2025-08-27 19:27:56,467 - INFO -   현재 활동 수: 0
2025-08-27 19:28:01,474 - INFO - 포럼 모니터링 중: sUSDe November expiry PT tokens
2025-08-27 19:28:02,116 - INFO -   현재 댓글 수: 3
2025-08-27 19:28:02,143 - INFO -   현재 활동 수: 0
2025-08-27 19:28:07,151 - INFO - 포럼 모니터링 중: tUSDe December expiry PT tokens
2025-08-27 19:28:07,687 - INFO -   현재 댓글 수: 4
2025-08-27 19:28:07,706 - INFO -   현재 활동 수: 0
2025-08-27 19:28:12,713 - INFO - 전체 통계: 댓글 9개, 활동 0개
2025-08-27 19:28:12,715 - INFO - 새로운 항목: 댓글 0개, 활동 0개
2025-08-27 19:28:12,715 - INFO - 300초 대기 중...
2025-08-27 19:33:12,731 - INFO - ==================================================
2025-08-27 19:33:12,735 - INFO - 새로운 모니터링 사이클 시작
2025-08-27 19:33:12,735 - INFO - 포럼 모니터링 중: USDe November expiry PT tokens
2025-08-27 19:33:14,368 - INFO -   현재 댓글 수: 2
2025-08-27 19:33:14,387 - INFO -   현재 활동 수: 0
2025-08-27 19:33:19,395 - INFO - 포럼 모니터링 중: sUSDe November expiry PT tokens
2025-08-27 19:33:20,079 - INFO -   현재 댓글 수: 3
2025-08-27 19:33:20,113 - INFO -   현재 활동 수: 0
2025-08-27 19:33:25,120 - INFO - 포럼 모니터링 중: tUSDe December expiry PT tokens
2025-08-27 19:33:25,681 - INFO -   현재 댓글 수: 4
2025-08-27 19:33:25,700 - INFO -   현재 활동 수: 0
2025-08-27 19:33:30,705 - INFO - 전체 통계: 댓글 9개, 활동 0개
2025-08-27 19:33:30,706 - INFO - 새로운 항목: 댓글 0개, 활동 0개
2025-08-27 19:33:30,707 - INFO - 300초 대기 중...
2025-08-27 19:38:30,729 - INFO - ==================================================
2025-08-27 19:38:30,734 - INFO - 새로운 모니터링 사이클 시작
2025-08-27 19:38:30,735 - INFO - 포럼 모니터링 중: USDe November expiry PT tokens
2025-08-27 19:38:32,304 - INFO -   현재 댓글 수: 2
2025-08-27 19:38:32,322 - INFO -   현재 활동 수: 0
2025-08-27 19:38:37,330 - INFO - 포럼 모니터링 중: sUSDe November expiry PT tokens
2025-08-27 19:38:38,058 - INFO -   현재 댓글 수: 3
2025-08-27 19:38:38,133 - INFO -   현재 활동 수: 0
2025-08-27 19:38:43,139 - INFO - 포럼 모니터링 중: tUSDe December expiry PT tokens
2025-08-27 19:38:43,664 - INFO -   현재 댓글 수: 4
2025-08-27 19:38:43,685 - INFO -   현재 활동 수: 0
2025-08-27 19:38:48,689 - INFO - 전체 통계: 댓글 9개, 활동 0개
2025-08-27 19:38:48,690 - INFO - 새로운 항목: 댓글 0개, 활동 0개
2025-08-27 19:38:48,691 - INFO - 300초 대기 중...
2025-08-27 19:43:48,713 - INFO - ==================================================
2025-08-27 19:43:48,717 - INFO - 새로운 모니터링 사이클 시작
2025-08-27 19:43:48,717 - INFO - 포럼 모니터링 중: USDe November expiry PT tokens
2025-08-27 19:43:50,327 - INFO -   현재 댓글 수: 2
2025-08-27 19:43:50,341 - INFO -   현재 활동 수: 0
2025-08-27 19:43:55,349 - INFO - 포럼 모니터링 중: sUSDe November expiry PT tokens
2025-08-27 19:43:56,041 - INFO -   현재 댓글 수: 3
2025-08-27 19:43:56,077 - INFO -   현재 활동 수: 0
2025-08-27 19:44:01,083 - INFO - 포럼 모니터링 중: tUSDe December expiry PT tokens
2025-08-27 19:44:01,644 - INFO -   현재 댓글 수: 4
2025-08-27 19:44:01,663 - INFO -   현재 활동 수: 0
2025-08-27 19:44:06,671 - INFO - 전체 통계: 댓글 9개, 활동 0개
2025-08-27 19:44:06,672 - INFO - 새로운 항목: 댓글 0개, 활동 0개
2025-08-27 19:44:06,673 - INFO - 300초 대기 중...
2025-08-27 19:49:06,690 - INFO - ==================================================
2025-08-27 19:49:06,692 - INFO - 새로운 모니터링 사이클 시작
2025-08-27 19:49:06,692 - INFO - 포럼 모니터링 중: USDe November expiry PT tokens
2025-08-27 19:49:08,236 - INFO -   현재 댓글 수: 2
2025-08-27 19:49:08,253 - INFO -   현재 활동 수: 0
2025-08-27 19:49:13,264 - INFO - 포럼 모니터링 중: sUSDe November expiry PT tokens
2025-08-27 19:49:14,004 - INFO -   현재 댓글 수: 3
2025-08-27 19:49:14,034 - INFO -   현재 활동 수: 0
2025-08-27 19:49:19,034 - INFO - 포럼 모니터링 중: tUSDe December expiry PT tokens
2025-08-27 19:49:19,584 - INFO -   현재 댓글 수: 4
2025-08-27 19:49:19,602 - INFO -   현재 활동 수: 0
2025-08-27 19:49:24,604 - INFO - 전체 통계: 댓글 9개, 활동 0개
2025-08-27 19:49:24,605 - INFO - 새로운 항목: 댓글 0개, 활동 0개
2025-08-27 19:49:24,605 - INFO - 300초 대기 중...
2025-08-27 19:54:24,659 - INFO - ==================================================
2025-08-27 19:54:24,703 - INFO - 새로운 모니터링 사이클 시작
2025-08-27 19:54:24,704 - INFO - 포럼 모니터링 중: USDe November expiry PT tokens
2025-08-27 19:54:27,132 - INFO -   현재 댓글 수: 2
2025-08-27 19:54:27,179 - INFO -   현재 활동 수: 0
2025-08-27 19:54:32,190 - INFO - 포럼 모니터링 중: sUSDe November expiry PT tokens
2025-08-27 19:54:33,221 - INFO -   현재 댓글 수: 3
2025-08-27 19:54:33,253 - INFO -   현재 활동 수: 0
2025-08-27 19:54:38,257 - INFO - 포럼 모니터링 중: tUSDe December expiry PT tokens
2025-08-27 19:54:38,811 - INFO -   현재 댓글 수: 4
2025-08-27 19:54:38,830 - INFO -   현재 활동 수: 0
2025-08-27 19:54:43,836 - INFO - 전체 통계: 댓글 9개, 활동 0개
2025-08-27 19:54:43,838 - INFO - 새로운 항목: 댓글 0개, 활동 0개
2025-08-27 19:54:43,838 - INFO - 300초 대기 중...
2025-08-27 19:59:43,854 - INFO - ==================================================
2025-08-27 19:59:43,857 - INFO - 새로운 모니터링 사이클 시작
2025-08-27 19:59:43,858 - INFO - 포럼 모니터링 중: USDe November expiry PT tokens
2025-08-27 19:59:45,393 - INFO -   현재 댓글 수: 2
2025-08-27 19:59:45,411 - INFO -   현재 활동 수: 0
2025-08-27 19:59:50,421 - INFO - 포럼 모니터링 중: sUSDe November expiry PT tokens
2025-08-27 19:59:51,160 - INFO -   현재 댓글 수: 3
2025-08-27 19:59:51,189 - INFO -   현재 활동 수: 0
2025-08-27 19:59:56,198 - INFO - 포럼 모니터링 중: tUSDe December expiry PT tokens
2025-08-27 19:59:56,726 - INFO -   현재 댓글 수: 4
2025-08-27 19:59:56,743 - INFO -   현재 활동 수: 0
2025-08-27 20:00:01,751 - INFO - 전체 통계: 댓글 9개, 활동 0개
2025-08-27 20:00:01,752 - INFO - 새로운 항목: 댓글 0개, 활동 0개
2025-08-27 20:00:01,753 - INFO - 300초 대기 중...
2025-08-27 20:05:01,765 - INFO - ==================================================
2025-08-27 20:05:01,769 - INFO - 새로운 모니터링 사이클 시작
2025-08-27 20:05:01,771 - INFO - 포럼 모니터링 중: USDe November expiry PT tokens
2025-08-27 20:05:03,314 - INFO -   현재 댓글 수: 2
2025-08-27 20:05:03,325 - INFO -   현재 활동 수: 0
2025-08-27 20:05:08,331 - INFO - 포럼 모니터링 중: sUSDe November expiry PT tokens
2025-08-27 20:05:08,972 - INFO -   현재 댓글 수: 3
2025-08-27 20:05:09,002 - INFO -   현재 활동 수: 0
2025-08-27 20:05:14,009 - INFO - 포럼 모니터링 중: tUSDe December expiry PT tokens
2025-08-27 20:05:14,541 - INFO -   현재 댓글 수: 4
2025-08-27 20:05:14,566 - INFO -   현재 활동 수: 0
2025-08-27 20:05:19,575 - INFO - 전체 통계: 댓글 9개, 활동 0개
2025-08-27 20:05:19,576 - INFO - 새로운 항목: 댓글 0개, 활동 0개
2025-08-27 20:05:19,576 - INFO - 300초 대기 중...
