2025-08-25 13:37:41,883 - INFO - 🚀 알트 러너 모니터링 시작
2025-08-25 13:37:42,001 - INFO - 도지 24시간 거래량: $3,432,786,127
2025-08-25 13:37:42,618 - INFO - 코인베이스 상장 토큰 100개 조회 완료
2025-08-25 13:37:42,883 - INFO - ETH 펀딩비: 0.000049
2025-08-25 13:37:43,063 - INFO - BTC 펀딩비: 0.000100
2025-08-25 13:37:43,249 - INFO - USDC 펀딩비: 0.000055
2025-08-25 13:37:43,435 - INFO - SOL 펀딩비: 0.000100
2025-08-25 13:37:43,618 - INFO - XRP 펀딩비: 0.000100
2025-08-25 13:37:43,988 - INFO - DOGE 펀딩비: 0.000097
2025-08-25 13:37:44,170 - INFO - ADA 펀딩비: 0.000100
2025-08-25 13:37:44,361 - INFO - SOL 펀딩비: 0.000100
2025-08-25 13:37:44,763 - INFO - BNB 펀딩비: 0.000000
2025-08-25 13:37:44,942 - INFO - LINK 펀딩비: 0.000100
2025-08-25 13:37:45,127 - INFO - SUI 펀딩비: 0.000100
2025-08-25 13:37:45,500 - INFO - TRX 펀딩비: 0.000100
2025-08-25 13:37:45,683 - INFO - BIO 펀딩비: -0.000824
2025-08-25 13:37:46,264 - INFO - AVAX 펀딩비: 0.000100
2025-08-25 13:37:46,450 - INFO - ARB 펀딩비: 0.000100
2025-08-25 13:37:46,634 - INFO - ENA 펀딩비: 0.000050
2025-08-25 13:37:46,819 - INFO - PROMPT 펀딩비: 0.000050
2025-08-25 13:37:47,010 - INFO - LTC 펀딩비: 0.000100
2025-08-25 13:37:47,573 - INFO - AAVE 펀딩비: 0.000100
2025-08-25 13:37:47,755 - INFO - QTUM 펀딩비: -0.000010
2025-08-25 13:37:48,329 - INFO - MEME 펀딩비: 0.000050
2025-08-25 13:37:48,887 - INFO - PENGU 펀딩비: 0.000050
2025-08-25 13:37:49,072 - INFO - APT 펀딩비: 0.000100
2025-08-25 13:37:49,258 - INFO - UNI 펀딩비: 0.000100
2025-08-25 13:37:49,485 - INFO - TRUMP 펀딩비: 0.000021
2025-08-25 13:37:49,697 - INFO - DOT 펀딩비: 0.000100
2025-08-25 13:37:50,473 - INFO - HBAR 펀딩비: 0.000100
2025-08-25 13:37:50,664 - INFO - USDC 펀딩비: 0.000055
2025-08-25 13:37:50,887 - INFO - WIF 펀딩비: 0.000050
2025-08-25 13:37:51,087 - INFO - HYPE 펀딩비: 0.000287
2025-08-25 13:37:51,326 - INFO - CRV 펀딩비: 0.000100
2025-08-25 13:37:51,598 - INFO - XLM 펀딩비: 0.000100
2025-08-25 13:37:52,379 - INFO - FIL 펀딩비: 0.000100
2025-08-25 13:37:53,226 - INFO - 현재 알트 러너 조건을 만족하는 토큰이 없습니다.
2025-08-25 13:37:53,227 - INFO - 🔄 모니터링 루프 시작 (간격: 30분)
2025-08-25 13:37:53,227 - INFO - 🚀 알트 러너 모니터링 시작
2025-08-25 13:37:53,401 - INFO - 도지 24시간 거래량: $3,432,786,127
2025-08-25 13:37:53,552 - ERROR - 코인베이스 상장 토큰 조회 오류: 429 Client Error: Too Many Requests for url: https://api.coingecko.com/api/v3/coins/markets?vs_currency=usd&order=volume_desc&per_page=100&page=1&sparkline=False&exchange=coinbase
2025-08-25 13:37:53,553 - ERROR - 코인베이스 상장 토큰을 가져올 수 없습니다.
2025-08-25 13:37:53,553 - INFO - ✅ 모니터링 완료. 30분 후 재실행...
2025-08-25 14:07:53,809 - INFO - 🚀 알트 러너 모니터링 시작
2025-08-25 14:07:54,205 - INFO - 도지 24시간 거래량: $3,455,552,763
2025-08-25 14:07:54,533 - INFO - 코인베이스 상장 토큰 100개 조회 완료
2025-08-25 14:07:54,847 - INFO - BTC 펀딩비: 0.000100
2025-08-25 14:07:55,033 - INFO - ETH 펀딩비: 0.000049
2025-08-25 14:07:55,220 - INFO - USDC 펀딩비: 0.000055
2025-08-25 14:07:55,405 - INFO - SOL 펀딩비: 0.000100
2025-08-25 14:07:55,603 - INFO - XRP 펀딩비: 0.000100
2025-08-25 14:07:55,986 - INFO - DOGE 펀딩비: 0.000097
2025-08-25 14:07:56,184 - INFO - ADA 펀딩비: 0.000100
2025-08-25 14:07:56,375 - INFO - SOL 펀딩비: 0.000100
2025-08-25 14:07:56,769 - INFO - BNB 펀딩비: 0.000000
2025-08-25 14:07:56,958 - INFO - SUI 펀딩비: 0.000100
2025-08-25 14:07:57,149 - INFO - LINK 펀딩비: 0.000100
2025-08-25 14:07:57,533 - INFO - BIO 펀딩비: -0.000824
2025-08-25 14:07:57,726 - INFO - TRX 펀딩비: 0.000100
2025-08-25 14:07:58,285 - INFO - AVAX 펀딩비: 0.000100
2025-08-25 14:07:58,474 - INFO - ARB 펀딩비: 0.000100
2025-08-25 14:07:58,667 - INFO - ENA 펀딩비: 0.000050
2025-08-25 14:07:58,867 - INFO - LTC 펀딩비: 0.000100
2025-08-25 14:07:59,060 - INFO - PROMPT 펀딩비: 0.000050
2025-08-25 14:07:59,619 - INFO - AAVE 펀딩비: 0.000100
2025-08-25 14:07:59,799 - INFO - QTUM 펀딩비: -0.000010
2025-08-25 14:08:00,540 - INFO - MEME 펀딩비: 0.000050
2025-08-25 14:08:00,736 - INFO - PENGU 펀딩비: 0.000050
2025-08-25 14:08:01,153 - INFO - APT 펀딩비: 0.000100
2025-08-25 14:08:01,339 - INFO - UNI 펀딩비: 0.000100
2025-08-25 14:08:01,528 - INFO - TRUMP 펀딩비: 0.000021
2025-08-25 14:08:02,103 - INFO - DOT 펀딩비: 0.000100
2025-08-25 14:08:02,300 - INFO - HBAR 펀딩비: 0.000100
2025-08-25 14:08:02,484 - INFO - USDC 펀딩비: 0.000055
2025-08-25 14:08:02,687 - INFO - WIF 펀딩비: 0.000050
2025-08-25 14:08:02,876 - INFO - HYPE 펀딩비: 0.000287
2025-08-25 14:08:03,065 - INFO - CRV 펀딩비: 0.000100
2025-08-25 14:08:03,286 - INFO - XLM 펀딩비: 0.000100
2025-08-25 14:08:04,049 - INFO - FIL 펀딩비: 0.000100
2025-08-25 14:08:04,153 - INFO - 현재 알트 러너 조건을 만족하는 토큰이 없습니다.
2025-08-25 14:08:04,153 - INFO - ✅ 모니터링 완료. 30분 후 재실행...
2025-08-25 14:38:04,215 - INFO - 🚀 알트 러너 모니터링 시작
2025-08-25 14:38:04,608 - INFO - 도지 24시간 거래량: $3,418,933,167
2025-08-25 14:38:04,929 - INFO - 코인베이스 상장 토큰 100개 조회 완료
2025-08-25 14:38:05,198 - INFO - BTC 펀딩비: 0.000100
2025-08-25 14:38:05,376 - INFO - ETH 펀딩비: 0.000049
2025-08-25 14:38:05,583 - INFO - USDC 펀딩비: 0.000055
2025-08-25 14:38:05,789 - INFO - SOL 펀딩비: 0.000100
2025-08-25 14:38:05,980 - INFO - XRP 펀딩비: 0.000100
2025-08-25 14:38:06,345 - INFO - DOGE 펀딩비: 0.000097
2025-08-25 14:38:06,547 - INFO - ADA 펀딩비: 0.000100
2025-08-25 14:38:06,734 - INFO - SOL 펀딩비: 0.000100
2025-08-25 14:38:07,109 - INFO - BNB 펀딩비: 0.000000
2025-08-25 14:38:07,290 - INFO - SUI 펀딩비: 0.000100
2025-08-25 14:38:07,477 - INFO - LINK 펀딩비: 0.000100
2025-08-25 14:38:07,848 - INFO - TRX 펀딩비: 0.000100
2025-08-25 14:38:08,034 - INFO - BIO 펀딩비: -0.000824
2025-08-25 14:38:08,487 - INFO - AVAX 펀딩비: 0.000100
2025-08-25 14:38:08,673 - INFO - ARB 펀딩비: 0.000100
2025-08-25 14:38:08,858 - INFO - ENA 펀딩비: 0.000050
2025-08-25 14:38:09,043 - INFO - LTC 펀딩비: 0.000100
2025-08-25 14:38:09,406 - INFO - PROMPT 펀딩비: 0.000050
2025-08-25 14:38:09,793 - INFO - AAVE 펀딩비: 0.000100
2025-08-25 14:38:10,354 - INFO - QTUM 펀딩비: -0.000010
2025-08-25 14:38:10,732 - INFO - MEME 펀딩비: 0.000050
2025-08-25 14:38:11,090 - INFO - PENGU 펀딩비: 0.000050
2025-08-25 14:38:11,267 - INFO - APT 펀딩비: 0.000100
2025-08-25 14:38:11,442 - INFO - UNI 펀딩비: 0.000100
2025-08-25 14:38:11,808 - INFO - TRUMP 펀딩비: 0.000021
2025-08-25 14:38:11,981 - INFO - DOT 펀딩비: 0.000100
2025-08-25 14:38:12,535 - INFO - USDC 펀딩비: 0.000055
2025-08-25 14:38:12,727 - INFO - HBAR 펀딩비: 0.000100
2025-08-25 14:38:12,928 - INFO - WIF 펀딩비: 0.000050
2025-08-25 14:38:13,106 - INFO - NEO 펀딩비: 0.000100
2025-08-25 14:38:13,366 - INFO - HYPE 펀딩비: 0.000287
2025-08-25 14:38:13,560 - INFO - CRV 펀딩비: 0.000100
2025-08-25 14:38:13,740 - INFO - XLM 펀딩비: 0.000100
2025-08-25 14:38:14,308 - INFO - FIL 펀딩비: 0.000100
2025-08-25 14:38:14,412 - INFO - 현재 알트 러너 조건을 만족하는 토큰이 없습니다.
2025-08-25 14:38:14,412 - INFO - ✅ 모니터링 완료. 30분 후 재실행...
2025-08-25 15:09:53,437 - INFO - 🚀 알트 러너 모니터링 시작
2025-08-25 15:09:53,824 - INFO - 도지 24시간 거래량: $3,500,108,123
2025-08-25 15:09:54,149 - INFO - 코인베이스 상장 토큰 100개 조회 완료
2025-08-25 15:09:54,444 - INFO - BTC 펀딩비: 0.000100
2025-08-25 15:09:54,624 - INFO - ETH 펀딩비: 0.000049
2025-08-25 15:09:54,810 - INFO - USDC 펀딩비: 0.000055
2025-08-25 15:09:54,994 - INFO - SOL 펀딩비: 0.000100
2025-08-25 15:09:55,182 - INFO - XRP 펀딩비: 0.000100
2025-08-25 15:09:55,567 - INFO - DOGE 펀딩비: 0.000097
2025-08-25 15:09:55,760 - INFO - ADA 펀딩비: 0.000100
2025-08-25 15:09:55,956 - INFO - SOL 펀딩비: 0.000100
2025-08-25 15:09:56,321 - INFO - BNB 펀딩비: 0.000000
2025-08-25 15:09:56,504 - INFO - SUI 펀딩비: 0.000100
2025-08-25 15:09:56,694 - INFO - LINK 펀딩비: 0.000100
2025-08-25 15:09:57,063 - INFO - TRX 펀딩비: 0.000100
2025-08-25 15:09:57,245 - INFO - BIO 펀딩비: -0.000824
2025-08-25 15:09:57,804 - INFO - AVAX 펀딩비: 0.000100
2025-08-25 15:09:57,994 - INFO - ARB 펀딩비: 0.000100
2025-08-25 15:09:58,181 - INFO - ENA 펀딩비: 0.000050
2025-08-25 15:09:58,370 - INFO - LTC 펀딩비: 0.000100
2025-08-25 15:09:58,928 - INFO - PROMPT 펀딩비: 0.000050
2025-08-25 15:09:59,116 - INFO - AAVE 펀딩비: 0.000100
2025-08-25 15:09:59,302 - INFO - QTUM 펀딩비: -0.000010
2025-08-25 15:09:59,856 - INFO - MEME 펀딩비: 0.000050
2025-08-25 15:10:00,042 - INFO - PENGU 펀딩비: 0.000050
2025-08-25 15:10:00,408 - INFO - APT 펀딩비: 0.000100
2025-08-25 15:10:00,598 - INFO - UNI 펀딩비: 0.000100
2025-08-25 15:10:00,790 - INFO - TRUMP 펀딩비: 0.000021
2025-08-25 15:10:00,977 - INFO - DOT 펀딩비: 0.000100
2025-08-25 15:10:01,345 - INFO - HBAR 펀딩비: 0.000100
2025-08-25 15:10:01,563 - INFO - USDC 펀딩비: 0.000055
2025-08-25 15:10:01,750 - INFO - NEO 펀딩비: 0.000100
2025-08-25 15:10:01,944 - INFO - WIF 펀딩비: 0.000050
2025-08-25 15:10:02,138 - INFO - HYPE 펀딩비: 0.000287
2025-08-25 15:10:02,337 - INFO - CRV 펀딩비: 0.000100
2025-08-25 15:10:02,520 - INFO - XLM 펀딩비: 0.000100
2025-08-25 15:10:02,888 - INFO - FIL 펀딩비: 0.000100
2025-08-25 15:10:03,618 - INFO - 현재 알트 러너 조건을 만족하는 토큰이 없습니다.
2025-08-25 15:10:03,619 - INFO - ✅ 모니터링 완료. 30분 후 재실행...
2025-08-25 15:40:22,501 - INFO - 🚀 알트 러너 모니터링 시작
2025-08-25 15:40:22,870 - INFO - 도지 24시간 거래량: $3,377,334,478
2025-08-25 15:40:23,351 - INFO - 코인베이스 상장 토큰 100개 조회 완료
2025-08-25 15:40:23,646 - INFO - BTC 펀딩비: 0.000100
2025-08-25 15:40:23,877 - INFO - ETH 펀딩비: 0.000049
2025-08-25 15:40:24,069 - INFO - USDC 펀딩비: 0.000055
2025-08-25 15:40:24,267 - INFO - SOL 펀딩비: 0.000100
2025-08-25 15:40:24,634 - INFO - XRP 펀딩비: 0.000100
2025-08-25 15:40:24,815 - INFO - DOGE 펀딩비: 0.000097
2025-08-25 15:40:24,997 - INFO - ADA 펀딩비: 0.000100
2025-08-25 15:40:25,187 - INFO - SOL 펀딩비: 0.000100
2025-08-25 15:40:25,377 - INFO - BNB 펀딩비: 0.000000
2025-08-25 15:40:25,580 - INFO - SUI 펀딩비: 0.000100
2025-08-25 15:40:25,792 - INFO - LINK 펀딩비: 0.000100
2025-08-25 15:40:26,156 - INFO - TRX 펀딩비: 0.000100
2025-08-25 15:40:26,529 - INFO - BIO 펀딩비: -0.000824
2025-08-25 15:40:26,950 - INFO - AVAX 펀딩비: 0.000100
2025-08-25 15:40:27,324 - INFO - ARB 펀딩비: 0.000100
2025-08-25 15:40:27,526 - INFO - LTC 펀딩비: 0.000100
2025-08-25 15:40:27,761 - INFO - ENA 펀딩비: 0.000050
2025-08-25 15:40:28,327 - INFO - AAVE 펀딩비: 0.000100
2025-08-25 15:40:28,531 - INFO - PROMPT 펀딩비: 0.000050
2025-08-25 15:40:28,738 - INFO - QTUM 펀딩비: -0.000010
2025-08-25 15:40:29,303 - INFO - PENGU 펀딩비: 0.000050
2025-08-25 15:40:29,499 - INFO - MEME 펀딩비: 0.000050
2025-08-25 15:40:29,891 - INFO - APT 펀딩비: 0.000100
2025-08-25 15:40:30,102 - INFO - UNI 펀딩비: 0.000100
2025-08-25 15:40:30,300 - INFO - TRUMP 펀딩비: 0.000021
2025-08-25 15:40:30,493 - INFO - DOT 펀딩비: 0.000100
2025-08-25 15:40:31,091 - INFO - USDC 펀딩비: 0.000055
2025-08-25 15:40:31,279 - INFO - HYPE 펀딩비: 0.000287
2025-08-25 15:40:31,515 - INFO - HBAR 펀딩비: 0.000100
2025-08-25 15:40:31,748 - INFO - NEO 펀딩비: 0.000100
2025-08-25 15:40:31,935 - INFO - WIF 펀딩비: 0.000050
2025-08-25 15:40:32,144 - INFO - CRV 펀딩비: 0.000100
2025-08-25 15:40:32,548 - INFO - XLM 펀딩비: 0.000100
2025-08-25 15:40:32,953 - INFO - FIL 펀딩비: 0.000100
2025-08-25 15:40:33,250 - INFO - 현재 알트 러너 조건을 만족하는 토큰이 없습니다.
2025-08-25 15:40:33,251 - INFO - ✅ 모니터링 완료. 30분 후 재실행...
2025-08-25 16:10:33,244 - INFO - 🚀 알트 러너 모니터링 시작
2025-08-25 16:10:33,646 - INFO - 도지 24시간 거래량: $3,490,586,341
2025-08-25 16:10:34,200 - INFO - 코인베이스 상장 토큰 100개 조회 완료
2025-08-25 16:10:34,477 - INFO - ETH 펀딩비: 0.000049
2025-08-25 16:10:34,662 - INFO - BTC 펀딩비: 0.000100
2025-08-25 16:10:34,841 - INFO - USDC 펀딩비: 0.000055
2025-08-25 16:10:35,029 - INFO - SOL 펀딩비: 0.000100
2025-08-25 16:10:35,219 - INFO - XRP 펀딩비: 0.000100
2025-08-25 16:10:35,612 - INFO - DOGE 펀딩비: 0.000097
2025-08-25 16:10:35,800 - INFO - ADA 펀딩비: 0.000100
2025-08-25 16:10:35,989 - INFO - SOL 펀딩비: 0.000100
2025-08-25 16:10:36,355 - INFO - SUI 펀딩비: 0.000100
2025-08-25 16:10:36,561 - INFO - LINK 펀딩비: 0.000100
2025-08-25 16:10:36,746 - INFO - BNB 펀딩비: 0.000000
2025-08-25 16:10:37,117 - INFO - TRX 펀딩비: 0.000100
2025-08-25 16:10:37,305 - INFO - BIO 펀딩비: -0.000824
2025-08-25 16:10:37,850 - INFO - AVAX 펀딩비: 0.000100
2025-08-25 16:10:38,032 - INFO - LTC 펀딩비: 0.000100
2025-08-25 16:10:38,231 - INFO - ARB 펀딩비: 0.000100
2025-08-25 16:10:38,428 - INFO - ENA 펀딩비: 0.000050
2025-08-25 16:10:38,991 - INFO - PROMPT 펀딩비: 0.000050
2025-08-25 16:10:39,173 - INFO - AAVE 펀딩비: 0.000100
2025-08-25 16:10:39,358 - INFO - QTUM 펀딩비: -0.000010
2025-08-25 16:10:39,911 - INFO - PENGU 펀딩비: 0.000050
2025-08-25 16:10:40,302 - INFO - MEME 펀딩비: 0.000050
2025-08-25 16:10:40,524 - INFO - UNI 펀딩비: 0.000100
2025-08-25 16:10:40,704 - INFO - APT 펀딩비: 0.000100
2025-08-25 16:10:40,890 - INFO - TRUMP 펀딩비: 0.000021
2025-08-25 16:10:41,106 - INFO - DOT 펀딩비: 0.000100
2025-08-25 16:10:41,479 - INFO - HBAR 펀딩비: 0.000100
2025-08-25 16:10:41,667 - INFO - HYPE 펀딩비: 0.000287
2025-08-25 16:10:41,848 - INFO - USDC 펀딩비: 0.000055
2025-08-25 16:10:42,040 - INFO - NEO 펀딩비: 0.000100
2025-08-25 16:10:42,419 - INFO - WIF 펀딩비: 0.000050
2025-08-25 16:10:42,604 - INFO - XLM 펀딩비: 0.000100
2025-08-25 16:10:42,796 - INFO - CRV 펀딩비: 0.000100
2025-08-25 16:10:43,169 - INFO - FIL 펀딩비: 0.000100
2025-08-25 16:10:43,637 - INFO - 현재 알트 러너 조건을 만족하는 토큰이 없습니다.
2025-08-25 16:10:43,638 - INFO - ✅ 모니터링 완료. 30분 후 재실행...
2025-08-25 16:40:43,708 - INFO - 🚀 알트 러너 모니터링 시작
2025-08-25 16:40:44,782 - INFO - 도지 24시간 거래량: $3,456,727,573
2025-08-25 16:40:45,602 - INFO - 코인베이스 상장 토큰 100개 조회 완료
2025-08-25 16:40:46,039 - INFO - ETH 펀딩비: 0.000049
2025-08-25 16:40:46,281 - INFO - BTC 펀딩비: 0.000100
2025-08-25 16:40:46,639 - INFO - USDC 펀딩비: 0.000055
2025-08-25 16:40:46,862 - INFO - SOL 펀딩비: 0.000100
2025-08-25 16:40:47,066 - INFO - XRP 펀딩비: 0.000100
2025-08-25 16:40:47,504 - INFO - DOGE 펀딩비: 0.000097
2025-08-25 16:40:47,720 - INFO - ADA 펀딩비: 0.000100
2025-08-25 16:40:47,922 - INFO - SOL 펀딩비: 0.000100
2025-08-25 16:40:48,940 - INFO - SUI 펀딩비: 0.000100
2025-08-25 16:40:50,240 - INFO - BNB 펀딩비: 0.000000
2025-08-25 16:40:52,776 - INFO - LINK 펀딩비: 0.000100
2025-08-25 16:40:55,625 - INFO - TRX 펀딩비: 0.000100
2025-08-25 16:40:56,378 - INFO - BIO 펀딩비: -0.000824
2025-08-25 16:40:57,929 - INFO - AVAX 펀딩비: 0.000100
2025-08-25 16:40:58,399 - INFO - ARB 펀딩비: 0.000100
2025-08-25 16:40:58,780 - INFO - LTC 펀딩비: 0.000100
2025-08-25 16:40:59,094 - INFO - ENA 펀딩비: 0.000050
2025-08-25 16:41:00,643 - INFO - PROMPT 펀딩비: 0.000050
2025-08-25 16:41:00,847 - INFO - AAVE 펀딩비: 0.000100
2025-08-25 16:41:01,244 - INFO - QTUM 펀딩비: -0.000010
2025-08-25 16:41:01,992 - INFO - PENGU 펀딩비: 0.000050
2025-08-25 16:41:02,180 - INFO - MEME 펀딩비: 0.000050
2025-08-25 16:41:02,363 - INFO - UNI 펀딩비: 0.000100
2025-08-25 16:41:02,546 - INFO - APT 펀딩비: 0.000100
2025-08-25 16:41:02,730 - INFO - TRUMP 펀딩비: 0.000021
2025-08-25 16:41:02,919 - INFO - DOT 펀딩비: 0.000100
2025-08-25 16:41:03,286 - INFO - HBAR 펀딩비: 0.000100
2025-08-25 16:41:03,463 - INFO - HYPE 펀딩비: 0.000287
2025-08-25 16:41:03,832 - INFO - USDC 펀딩비: 0.000055
2025-08-25 16:41:04,015 - INFO - NEO 펀딩비: 0.000100
2025-08-25 16:41:04,195 - INFO - WIF 펀딩비: 0.000050
2025-08-25 16:41:04,391 - INFO - XLM 펀딩비: 0.000100
2025-08-25 16:41:04,946 - INFO - CRV 펀딩비: 0.000100
2025-08-25 16:41:05,140 - INFO - FIL 펀딩비: 0.000100
2025-08-25 16:41:05,243 - INFO - 현재 알트 러너 조건을 만족하는 토큰이 없습니다.
2025-08-25 16:41:05,250 - INFO - ✅ 모니터링 완료. 30분 후 재실행...
