2025-08-26 15:23:38,153 - crypto_fundraising_monitor.main - INFO - Starting Crypto Fundraising Monitor
2025-08-26 15:23:38,153 - crypto_fundraising_monitor.main - INFO - Configuration validated successfully
2025-08-26 15:23:38,154 - crypto_fundraising_monitor.storage - INFO - Database initialized successfully
2025-08-26 15:23:39,266 - crypto_fundraising_monitor.notify - INFO - Bot connected: @new_crypto_project_bot
2025-08-26 15:23:39,270 - crypto_fundraising_monitor.main - INFO - All components initialized successfully
2025-08-26 15:23:39,270 - crypto_fundraising_monitor.main - INFO - Starting monitoring cycle
2025-08-26 15:23:39,270 - crypto_fundraising_monitor.scraper - INFO - Starting to scrape crypto-fundraising.info
2025-08-26 15:23:39,368 - crypto_fundraising_monitor.scraper - INFO - Found 12 potential project rows
2025-08-26 15:23:39,373 - crypto_fundraising_monitor.scraper - INFO - Successfully scraped 10 projects
2025-08-26 15:23:39,373 - crypto_fundraising_monitor.main - INFO - Scraped 10 total projects
2025-08-26 15:23:39,373 - crypto_fundraising_monitor.storage - INFO - Found 0 new projects out of 10 total
2025-08-26 15:23:39,373 - crypto_fundraising_monitor.main - INFO - No new projects found
2025-08-26 15:23:39,375 - crypto_fundraising_monitor.main - INFO - Cleanup completed
2025-08-26 15:23:39,375 - crypto_fundraising_monitor.main - INFO - Monitoring cycle completed successfully
2025-08-26 15:23:49,925 - crypto_fundraising_monitor.main - INFO - Starting Crypto Fundraising Monitor
2025-08-26 15:23:49,925 - crypto_fundraising_monitor.main - INFO - Configuration validated successfully
2025-08-26 15:23:49,927 - crypto_fundraising_monitor.storage - INFO - Database initialized successfully
2025-08-26 15:23:51,052 - crypto_fundraising_monitor.notify - INFO - Bot connected: @new_crypto_project_bot
2025-08-26 15:23:51,055 - crypto_fundraising_monitor.main - INFO - All components initialized successfully
2025-08-26 15:23:51,055 - crypto_fundraising_monitor.main - INFO - Starting monitoring cycle
2025-08-26 15:23:51,055 - crypto_fundraising_monitor.scraper - INFO - Starting to scrape crypto-fundraising.info
2025-08-26 15:23:51,469 - crypto_fundraising_monitor.scraper - INFO - Found 12 potential project rows
2025-08-26 15:23:51,477 - crypto_fundraising_monitor.scraper - INFO - Successfully scraped 10 projects
2025-08-26 15:23:51,477 - crypto_fundraising_monitor.main - INFO - Scraped 10 total projects
2025-08-26 15:23:51,478 - crypto_fundraising_monitor.storage - INFO - Found 10 new projects out of 10 total
2025-08-26 15:23:51,478 - crypto_fundraising_monitor.main - INFO - Found 10 new projects
2025-08-26 15:23:51,479 - crypto_fundraising_monitor.main - INFO - Score distribution: High=5, Medium=1, Low=4
2025-08-26 15:23:51,479 - crypto_fundraising_monitor.main - INFO - Projects to highlight: ['Irys', 'LO:TECH', 'DigiFT', 'Mill City Ventures III', 'Satsuma Technology Plc (SATS.L)']
2025-08-26 15:23:51,479 - crypto_fundraising_monitor.notify - INFO - Sending notifications for 10 new projects
2025-08-26 15:23:52,572 - crypto_fundraising_monitor.notify - ERROR - HTTP error 400: {"ok":false,"error_code":400,"description":"Bad Request: can't parse entities: Character '(' is reserved and must be escaped with the preceding '\\'"}
2025-08-26 15:23:52,574 - crypto_fundraising_monitor.notify - ERROR - Failed to send message 1
2025-08-26 15:23:52,574 - crypto_fundraising_monitor.notify - INFO - Successfully sent 0/1 messages
2025-08-26 15:23:52,574 - crypto_fundraising_monitor.main - ERROR - Failed to send notifications
2025-08-26 15:23:52,578 - crypto_fundraising_monitor.main - INFO - Cleanup completed
2025-08-26 15:23:52,578 - crypto_fundraising_monitor.main - ERROR - Monitoring cycle failed
2025-08-26 15:24:10,123 - crypto_fundraising_monitor.main - INFO - Starting Crypto Fundraising Monitor
2025-08-26 15:24:10,123 - crypto_fundraising_monitor.main - INFO - Configuration validated successfully
2025-08-26 15:24:10,125 - crypto_fundraising_monitor.storage - INFO - Database initialized successfully
2025-08-26 15:24:11,182 - crypto_fundraising_monitor.notify - INFO - Bot connected: @new_crypto_project_bot
2025-08-26 15:24:11,184 - crypto_fundraising_monitor.main - INFO - All components initialized successfully
2025-08-26 15:24:11,184 - crypto_fundraising_monitor.main - INFO - Starting monitoring cycle
2025-08-26 15:24:11,184 - crypto_fundraising_monitor.scraper - INFO - Starting to scrape crypto-fundraising.info
2025-08-26 15:24:11,654 - crypto_fundraising_monitor.scraper - INFO - Found 12 potential project rows
2025-08-26 15:24:11,661 - crypto_fundraising_monitor.scraper - INFO - Successfully scraped 10 projects
2025-08-26 15:24:11,661 - crypto_fundraising_monitor.main - INFO - Scraped 10 total projects
2025-08-26 15:24:11,662 - crypto_fundraising_monitor.storage - INFO - Found 10 new projects out of 10 total
2025-08-26 15:24:11,662 - crypto_fundraising_monitor.main - INFO - Found 10 new projects
2025-08-26 15:24:11,662 - crypto_fundraising_monitor.main - INFO - Score distribution: High=5, Medium=1, Low=4
2025-08-26 15:24:11,663 - crypto_fundraising_monitor.main - INFO - Projects to highlight: ['Irys', 'LO:TECH', 'DigiFT', 'Mill City Ventures III', 'Satsuma Technology Plc (SATS.L)']
2025-08-26 15:24:11,663 - crypto_fundraising_monitor.notify - INFO - Sending notifications for 10 new projects
2025-08-26 15:24:12,750 - crypto_fundraising_monitor.notify - ERROR - HTTP error 400: {"ok":false,"error_code":400,"description":"Bad Request: can't parse entities: Character '(' is reserved and must be escaped with the preceding '\\'"}
2025-08-26 15:24:12,751 - crypto_fundraising_monitor.notify - ERROR - Failed to send message 1
2025-08-26 15:24:12,752 - crypto_fundraising_monitor.notify - INFO - Successfully sent 0/1 messages
2025-08-26 15:24:12,752 - crypto_fundraising_monitor.main - ERROR - Failed to send notifications
2025-08-26 15:24:12,754 - crypto_fundraising_monitor.main - INFO - Cleanup completed
2025-08-26 15:24:12,754 - crypto_fundraising_monitor.main - ERROR - Monitoring cycle failed
2025-08-26 15:25:06,302 - crypto_fundraising_monitor.main - INFO - Starting Crypto Fundraising Monitor
2025-08-26 15:25:06,302 - crypto_fundraising_monitor.main - INFO - Configuration validated successfully
2025-08-26 15:25:06,303 - crypto_fundraising_monitor.storage - INFO - Database initialized successfully
2025-08-26 15:25:07,432 - crypto_fundraising_monitor.notify - INFO - Bot connected: @new_crypto_project_bot
2025-08-26 15:25:07,435 - crypto_fundraising_monitor.main - INFO - All components initialized successfully
2025-08-26 15:25:07,435 - crypto_fundraising_monitor.main - INFO - Starting monitoring cycle
2025-08-26 15:25:07,436 - crypto_fundraising_monitor.scraper - INFO - Starting to scrape crypto-fundraising.info
2025-08-26 15:25:07,846 - crypto_fundraising_monitor.scraper - INFO - Found 12 potential project rows
2025-08-26 15:25:07,853 - crypto_fundraising_monitor.scraper - INFO - Successfully scraped 10 projects
2025-08-26 15:25:07,854 - crypto_fundraising_monitor.main - INFO - Scraped 10 total projects
2025-08-26 15:25:07,855 - crypto_fundraising_monitor.storage - INFO - Found 10 new projects out of 10 total
2025-08-26 15:25:07,855 - crypto_fundraising_monitor.main - INFO - Found 10 new projects
2025-08-26 15:25:07,855 - crypto_fundraising_monitor.main - INFO - Score distribution: High=5, Medium=1, Low=4
2025-08-26 15:25:07,855 - crypto_fundraising_monitor.main - INFO - Projects to highlight: ['Irys', 'LO:TECH', 'DigiFT', 'Mill City Ventures III', 'Satsuma Technology Plc (SATS.L)']
2025-08-26 15:25:07,855 - crypto_fundraising_monitor.notify - INFO - Sending notifications for 10 new projects
2025-08-26 15:25:09,097 - crypto_fundraising_monitor.notify - INFO - Message sent successfully
2025-08-26 15:25:09,100 - crypto_fundraising_monitor.notify - INFO - Successfully sent 1/1 messages
2025-08-26 15:25:09,112 - crypto_fundraising_monitor.main - INFO - Successfully notified about 10 new projects
2025-08-26 15:25:09,115 - crypto_fundraising_monitor.main - INFO - Cleanup completed
2025-08-26 15:25:09,115 - crypto_fundraising_monitor.main - INFO - Monitoring cycle completed successfully
