2025-08-21 15:12:10,102 - INFO - 알림 시스템 초기화 완료:
2025-08-21 15:12:10,102 - INFO -   - 텔레그램: 활성화
2025-08-21 15:12:10,102 - INFO -   - Discord: 비활성화
2025-08-21 15:12:10,103 - INFO -   - Slack: 비활성화
2025-08-21 15:12:10,103 - INFO -   - 소리: 활성화
2025-08-21 15:12:10,103 - INFO -   - 데스크톱: 활성화
2025-08-21 15:12:10,103 - INFO - 기존 마켓 데이터가 없습니다. 처음부터 시작합니다.
2025-08-21 15:12:10,103 - INFO - 폴리마켓 모니터 초기화 완료
2025-08-21 15:12:11,539 - INFO - 폴리마켓에서 0개 마켓 가져옴
2025-08-21 15:12:43,134 - INFO - 폴리마켓에서 0개 마켓 가져옴
2025-08-21 15:13:36,477 - INFO - 알림 시스템 초기화 완료:
2025-08-21 15:13:36,477 - INFO -   - 텔레그램: 활성화
2025-08-21 15:13:36,477 - INFO -   - Discord: 비활성화
2025-08-21 15:13:36,477 - INFO -   - Slack: 비활성화
2025-08-21 15:13:36,477 - INFO -   - 소리: 활성화
2025-08-21 15:13:36,477 - INFO -   - 데스크톱: 활성화
2025-08-21 15:13:36,477 - INFO - 기존 마켓 데이터가 없습니다. 처음부터 시작합니다.
2025-08-21 15:13:36,477 - INFO - 폴리마켓 모니터 초기화 완료
2025-08-21 15:13:37,973 - INFO - 폴리마켓에서 500개 마켓 가져옴
2025-08-21 15:13:37,975 - INFO - 새로운 마켓 발견: Unknown Market
2025-08-21 15:13:37,977 - INFO - 총 1개 새로운 마켓 발견
2025-08-21 15:13:39,274 - INFO - 텔레그램 메시지 전송 성공
2025-08-21 15:13:39,276 - INFO - 새로운 마켓 알림 전송 성공: Unknown Market
2025-08-21 15:14:10,910 - INFO - 폴리마켓에서 500개 마켓 가져옴
2025-08-21 15:15:18,581 - INFO - 알림 시스템 초기화 완료:
2025-08-21 15:15:18,581 - INFO -   - 텔레그램: 활성화
2025-08-21 15:15:18,581 - INFO -   - Discord: 비활성화
2025-08-21 15:15:18,582 - INFO -   - Slack: 비활성화
2025-08-21 15:15:18,582 - INFO -   - 소리: 활성화
2025-08-21 15:15:18,582 - INFO -   - 데스크톱: 활성화
2025-08-21 15:15:18,582 - INFO - 기존 마켓 데이터가 없습니다. 처음부터 시작합니다.
2025-08-21 15:15:18,582 - INFO - 폴리마켓 모니터 초기화 완료
2025-08-21 15:15:20,100 - INFO - 폴리마켓에서 500개 마켓 가져옴
2025-08-21 15:15:51,588 - INFO - 폴리마켓에서 500개 마켓 가져옴
2025-08-21 15:16:35,212 - INFO - 알림 시스템 초기화 완료:
2025-08-21 15:16:35,212 - INFO -   - 텔레그램: 활성화
2025-08-21 15:16:35,212 - INFO -   - Discord: 비활성화
2025-08-21 15:16:35,212 - INFO -   - Slack: 비활성화
2025-08-21 15:16:35,212 - INFO -   - 소리: 활성화
2025-08-21 15:16:35,212 - INFO -   - 데스크톱: 활성화
2025-08-21 15:16:35,212 - INFO - 기존 마켓 데이터가 없습니다. 처음부터 시작합니다.
2025-08-21 15:16:35,212 - INFO - 폴리마켓 모니터 초기화 완료
2025-08-21 15:16:36,661 - INFO - 폴리마켓에서 500개 마켓 가져옴
2025-08-21 15:16:36,663 - INFO - 새로운 활성 마켓 발견: archWill Kamala Harris win the 2024 US Presidential Election?
2025-08-21 15:16:36,664 - INFO - 총 1개 새로운 활성 마켓 발견
2025-08-21 15:16:38,076 - INFO - 텔레그램 메시지 전송 성공
2025-08-21 15:16:38,079 - INFO - 새로운 마켓 알림 전송 성공: archWill Kamala Harris win the 2024 US Presidential Election?
2025-08-21 15:17:09,637 - INFO - 폴리마켓에서 500개 마켓 가져옴
