2025-08-27 16:41:41,891 - ERROR - 프로젝트 요소 파싱 오류: 'dict' object has no attribute 'select_one'
2025-08-27 16:41:41,892 - ERROR - 프로젝트 요소 파싱 오류: 'dict' object has no attribute 'select_one'
2025-08-27 16:41:41,892 - ERROR - 프로젝트 요소 파싱 오류: 'dict' object has no attribute 'select_one'
2025-08-27 16:41:41,892 - ERROR - 프로젝트 요소 파싱 오류: 'dict' object has no attribute 'select_one'
2025-08-27 16:41:41,892 - ERROR - 프로젝트 요소 파싱 오류: 'dict' object has no attribute 'select_one'
2025-08-27 16:41:41,892 - ERROR - 프로젝트 요소 파싱 오류: 'dict' object has no attribute 'select_one'
2025-08-27 16:41:41,892 - ERROR - 프로젝트 요소 파싱 오류: 'dict' object has no attribute 'select_one'
2025-08-27 16:41:41,892 - ERROR - 프로젝트 요소 파싱 오류: 'dict' object has no attribute 'select_one'
2025-08-27 16:41:41,892 - ERROR - 프로젝트 요소 파싱 오류: 'dict' object has no attribute 'select_one'
2025-08-27 16:41:41,892 - ERROR - 프로젝트 요소 파싱 오류: 'dict' object has no attribute 'select_one'
2025-08-27 16:41:41,892 - ERROR - 프로젝트 요소 파싱 오류: 'dict' object has no attribute 'select_one'
2025-08-27 16:41:41,892 - ERROR - 프로젝트 요소 파싱 오류: 'dict' object has no attribute 'select_one'
2025-08-27 16:41:41,892 - ERROR - 프로젝트 요소 파싱 오류: 'dict' object has no attribute 'select_one'
2025-08-27 16:41:41,892 - ERROR - 프로젝트 요소 파싱 오류: 'dict' object has no attribute 'select_one'
2025-08-27 16:41:41,892 - ERROR - 프로젝트 요소 파싱 오류: 'dict' object has no attribute 'select_one'
2025-08-27 16:41:41,895 - INFO - 향상된 데이터베이스 초기화 완료
2025-08-27 16:41:41,900 - INFO - 향상된 데이터베이스 초기화 완료
2025-08-27 16:41:43,159 - INFO - 텔레그램 메시지 전송 성공
2025-08-27 16:42:21,027 - ERROR - 프로젝트 요소 파싱 오류: 'dict' object has no attribute 'select_one'
2025-08-27 16:42:21,028 - ERROR - 프로젝트 요소 파싱 오류: 'dict' object has no attribute 'select_one'
2025-08-27 16:42:21,028 - ERROR - 프로젝트 요소 파싱 오류: 'dict' object has no attribute 'select_one'
2025-08-27 16:42:21,028 - ERROR - 프로젝트 요소 파싱 오류: 'dict' object has no attribute 'select_one'
2025-08-27 16:42:21,028 - ERROR - 프로젝트 요소 파싱 오류: 'dict' object has no attribute 'select_one'
2025-08-27 16:42:21,028 - ERROR - 프로젝트 요소 파싱 오류: 'dict' object has no attribute 'select_one'
2025-08-27 16:42:21,028 - ERROR - 프로젝트 요소 파싱 오류: 'dict' object has no attribute 'select_one'
2025-08-27 16:42:21,028 - ERROR - 프로젝트 요소 파싱 오류: 'dict' object has no attribute 'select_one'
2025-08-27 16:42:21,028 - ERROR - 프로젝트 요소 파싱 오류: 'dict' object has no attribute 'select_one'
2025-08-27 16:42:21,028 - ERROR - 프로젝트 요소 파싱 오류: 'dict' object has no attribute 'select_one'
2025-08-27 16:42:21,028 - ERROR - 프로젝트 요소 파싱 오류: 'dict' object has no attribute 'select_one'
2025-08-27 16:42:21,028 - ERROR - 프로젝트 요소 파싱 오류: 'dict' object has no attribute 'select_one'
2025-08-27 16:42:21,028 - ERROR - 프로젝트 요소 파싱 오류: 'dict' object has no attribute 'select_one'
2025-08-27 16:42:21,030 - ERROR - 프로젝트 요소 파싱 오류: 'dict' object has no attribute 'select_one'
2025-08-27 16:42:21,030 - ERROR - 프로젝트 요소 파싱 오류: 'dict' object has no attribute 'select_one'
2025-08-27 16:42:21,033 - INFO - 향상된 데이터베이스 초기화 완료
2025-08-27 16:42:21,034 - INFO - 향상된 데이터베이스 초기화 완료
2025-08-27 16:42:21,035 - INFO - 향상된 데이터베이스 초기화 완료
2025-08-27 16:42:22,539 - INFO - 텔레그램 메시지 전송 성공
2025-08-27 16:43:18,274 - INFO - 향상된 데이터베이스 초기화 완료
2025-08-27 16:43:18,275 - INFO - 향상된 데이터베이스 초기화 완료
2025-08-27 16:43:18,276 - INFO - 향상된 데이터베이스 초기화 완료
2025-08-27 16:43:19,516 - INFO - 텔레그램 메시지 전송 성공
2025-08-27 16:43:22,680 - INFO - 향상된 데이터베이스 초기화 완료
2025-08-27 16:43:22,680 - INFO - 향상된 VC 투자 모니터링 시작
2025-08-27 16:43:23,885 - INFO - 텔레그램 메시지 전송 성공
2025-08-27 16:43:23,972 - INFO - 스크래핑 완료: 15개 투자 정보 발견
2025-08-27 16:43:54,044 - INFO - 투자 정보 확인 완료, 30분 후 재확인
2025-08-27 16:44:59,052 - INFO - 향상된 데이터베이스 초기화 완료
2025-08-27 16:44:59,052 - INFO - 향상된 VC 투자 모니터링 시작
2025-08-27 16:45:00,347 - INFO - 텔레그램 메시지 전송 성공
2025-08-27 16:45:00,772 - INFO - 스크래핑 완료: 15개 투자 정보 발견
2025-08-27 16:45:00,778 - INFO - 투자 정보 확인 완료, 30분 후 재확인
2025-08-27 17:16:12,538 - INFO - 스크래핑 완료: 15개 투자 정보 발견
2025-08-27 17:16:12,543 - INFO - 투자 정보 확인 완료, 30분 후 재확인
2025-08-27 17:46:13,072 - INFO - 스크래핑 완료: 15개 투자 정보 발견
2025-08-27 17:46:13,077 - INFO - 투자 정보 확인 완료, 30분 후 재확인
2025-08-27 18:18:47,166 - INFO - 스크래핑 완료: 15개 투자 정보 발견
2025-08-27 18:18:47,171 - INFO - 투자 정보 확인 완료, 30분 후 재확인
2025-08-27 18:53:40,610 - INFO - 스크래핑 완료: 15개 투자 정보 발견
2025-08-27 18:53:40,615 - INFO - 투자 정보 확인 완료, 30분 후 재확인
2025-08-27 19:23:41,132 - INFO - 스크래핑 완료: 15개 투자 정보 발견
2025-08-27 19:23:41,139 - INFO - 투자 정보 확인 완료, 30분 후 재확인
2025-08-27 19:53:41,634 - INFO - 스크래핑 완료: 15개 투자 정보 발견
2025-08-27 19:53:41,642 - INFO - 투자 정보 확인 완료, 30분 후 재확인
